2017/8/13 13:41:53, Info: Initializing SIMPLSharp Services...
2017/8/13 13:41:53, Info: ProjectInfo successfully initialized.
2017/8/13 13:42:35, Info: Initializing SIMPLSharp Services...
2017/8/13 13:42:35, Info: ProjectInfo successfully initialized.
2017/8/13 13:46:43, Info: Saving project information...
2017/8/13 13:46:43, Info: Saving project information...
2017/8/13 13:46:43, Info: Saving project information...
2017/8/13 13:51:43, Info: Saving project information...
2017/8/13 13:51:43, Info: Saving project information...
2017/8/13 13:51:43, Info: Saving project information...
2017/8/13 13:53:14, Info: Saving project information...
2017/8/13 13:53:14, Info: Saving project information...
2017/8/13 13:53:14, Info: Saving project information...
2017/8/13 13:53:14, Info: Saving project information...
2017/8/13 13:53:14, Info: Saving project information...
2017/8/13 13:53:14, Info: Saving project information...
2017/8/13 13:53:17, Info: Validating assembly D:\ILive\Project\Common\ILiveLib\bin\Debug\ILiveLib.dll...
2017/8/13 13:53:18, Info: Verifying assembly D:\ILive\Project\Common\ILiveLib\bin\Debug\ILiveLib.dll
2017/8/13 13:53:18, Info: Creating Archive D:\ILive\Project\Common\ILiveLib\bin\Debug\ILiveLib.cplz...
2017/8/13 13:53:18, Info: Saving project information...
2017/8/13 13:53:30, Info: Validating assembly D:\ILive\Project\Common\ILiveLib\bin\Debug\ILiveLib.dll...
2017/8/13 13:53:31, Info: Verifying assembly D:\ILive\Project\Common\ILiveLib\bin\Debug\ILiveLib.dll
2017/8/13 13:53:31, Info: Creating Archive D:\ILive\Project\Common\ILiveLib\bin\Debug\ILiveLib.cplz...
2017/8/13 13:53:31, Info: Saving project information...
2017/8/13 13:53:50, Info: Terminating SIMPLSharp Services
2017/8/13 13:53:50, Info: Saving project information...
2017/8/13 13:53:50, Info: Terminating SIMPLSharp Services
