2017/9/4 19:23:45, Info: Initializing SIMPLSharp Services...
2017/9/4 19:23:45, Info: ProjectInfo successfully initialized.
2017/9/4 19:23:46, Info: Initializing SIMPLSharp Services...
2017/9/4 19:23:46, Info: ProjectInfo successfully initialized.
2017/9/4 19:26:12, Info: Initializing SIMPLSharp Services...
2017/9/4 19:26:12, Info: ProjectInfo successfully initialized.
2017/9/4 19:26:21, Info: Validating assembly D:\ILive\Project\Common\ILiveLib\bin\Release\ILiveLib.dll...
2017/9/4 19:26:22, Info: Verifying assembly D:\ILive\Project\Common\ILiveLib\bin\Release\ILiveLib.dll
2017/9/4 19:26:22, Info: Creating Archive D:\ILive\Project\Common\ILiveLib\bin\Release\ILiveLib.cplz...
2017/9/4 19:26:22, Info: Saving project information...
2017/9/4 19:34:38, Info: Validating assembly D:\ILive\Project\Common\ILiveLib\bin\Release\ILiveLib.dll...
2017/9/4 19:34:38, Info: Verifying assembly D:\ILive\Project\Common\ILiveLib\bin\Release\ILiveLib.dll
2017/9/4 19:34:39, Info: Creating Archive D:\ILive\Project\Common\ILiveLib\bin\Release\ILiveLib.cplz...
2017/9/4 19:34:39, Info: Saving project information...
2017/9/4 19:34:42, Info: Validating assembly D:\ILive\Project\ChenSmart\ChenSmart\bin\Release\ChenSmart.dll...
2017/9/4 19:34:42, Info: Verifying assembly D:\ILive\Project\ChenSmart\ChenSmart\bin\Release\ChenSmart.dll
2017/9/4 19:34:42, Info: Creating Archive D:\ILive\Project\ChenSmart\ChenSmart\bin\Release\ChenSmart.cpz...
2017/9/4 19:34:43, Info: Saving project information...
2017/9/4 19:34:51, Info: Validating assembly D:\ILive\Project\Common\ILiveLib\bin\Release\ILiveLib.dll...
2017/9/4 19:34:51, Info: Verifying assembly D:\ILive\Project\Common\ILiveLib\bin\Release\ILiveLib.dll
2017/9/4 19:34:51, Info: Creating Archive D:\ILive\Project\Common\ILiveLib\bin\Release\ILiveLib.cplz...
2017/9/4 19:34:52, Info: Saving project information...
2017/9/4 19:34:54, Info: Validating assembly D:\ILive\Project\ChenSmart\ChenSmart\bin\Release\ChenSmart.dll...
2017/9/4 19:34:55, Info: Verifying assembly D:\ILive\Project\ChenSmart\ChenSmart\bin\Release\ChenSmart.dll
2017/9/4 19:34:55, Info: Creating Archive D:\ILive\Project\ChenSmart\ChenSmart\bin\Release\ChenSmart.cpz...
2017/9/4 19:34:56, Info: Saving project information...
2017/9/4 19:36:42, Info: Validating assembly D:\ILive\Project\Common\ILiveLib\bin\Release\ILiveLib.dll...
2017/9/4 19:36:43, Info: Verifying assembly D:\ILive\Project\Common\ILiveLib\bin\Release\ILiveLib.dll
2017/9/4 19:36:43, Info: Creating Archive D:\ILive\Project\Common\ILiveLib\bin\Release\ILiveLib.cplz...
2017/9/4 19:36:43, Info: Saving project information...
2017/9/4 19:36:46, Info: Validating assembly D:\ILive\Project\ChenSmart\ChenSmart\bin\Release\ChenSmart.dll...
2017/9/4 19:36:46, Info: Verifying assembly D:\ILive\Project\ChenSmart\ChenSmart\bin\Release\ChenSmart.dll
2017/9/4 19:36:46, Info: Creating Archive D:\ILive\Project\ChenSmart\ChenSmart\bin\Release\ChenSmart.cpz...
2017/9/4 19:36:47, Info: Saving project information...
2017/9/4 19:37:09, Info: Validating assembly D:\ILive\Project\Common\ILiveLib\bin\Release\ILiveLib.dll...
2017/9/4 19:37:09, Info: Verifying assembly D:\ILive\Project\Common\ILiveLib\bin\Release\ILiveLib.dll
2017/9/4 19:37:10, Info: Creating Archive D:\ILive\Project\Common\ILiveLib\bin\Release\ILiveLib.cplz...
2017/9/4 19:37:10, Info: Saving project information...
2017/9/4 19:37:13, Info: Validating assembly D:\ILive\Project\ChenSmart\ChenSmart\bin\Release\ChenSmart.dll...
2017/9/4 19:37:13, Info: Verifying assembly D:\ILive\Project\ChenSmart\ChenSmart\bin\Release\ChenSmart.dll
2017/9/4 19:37:13, Info: Creating Archive D:\ILive\Project\ChenSmart\ChenSmart\bin\Release\ChenSmart.cpz...
2017/9/4 19:37:14, Info: Saving project information...
2017/9/4 19:46:33, Info: Validating assembly D:\ILive\Project\Common\ILiveLib\bin\Release\ILiveLib.dll...
2017/9/4 19:46:34, Info: Verifying assembly D:\ILive\Project\Common\ILiveLib\bin\Release\ILiveLib.dll
2017/9/4 19:46:34, Info: Creating Archive D:\ILive\Project\Common\ILiveLib\bin\Release\ILiveLib.cplz...
2017/9/4 19:46:34, Info: Saving project information...
2017/9/4 19:46:37, Info: Validating assembly D:\ILive\Project\ChenSmart\ChenSmart\bin\Release\ChenSmart.dll...
2017/9/4 19:46:37, Info: Verifying assembly D:\ILive\Project\ChenSmart\ChenSmart\bin\Release\ChenSmart.dll
2017/9/4 19:46:37, Info: Creating Archive D:\ILive\Project\ChenSmart\ChenSmart\bin\Release\ChenSmart.cpz...
2017/9/4 19:46:38, Info: Saving project information...
2017/9/4 19:55:10, Info: Validating assembly D:\ILive\Project\Common\ILiveLib\bin\Release\ILiveLib.dll...
2017/9/4 19:55:10, Info: Verifying assembly D:\ILive\Project\Common\ILiveLib\bin\Release\ILiveLib.dll
2017/9/4 19:55:11, Info: Creating Archive D:\ILive\Project\Common\ILiveLib\bin\Release\ILiveLib.cplz...
2017/9/4 19:55:11, Info: Saving project information...
2017/9/4 19:55:14, Info: Validating assembly D:\ILive\Project\ChenSmart\ChenSmart\bin\Release\ChenSmart.dll...
2017/9/4 19:55:14, Info: Verifying assembly D:\ILive\Project\ChenSmart\ChenSmart\bin\Release\ChenSmart.dll
2017/9/4 19:55:14, Info: Creating Archive D:\ILive\Project\ChenSmart\ChenSmart\bin\Release\ChenSmart.cpz...
2017/9/4 19:55:15, Info: Saving project information...
2017/9/4 20:02:21, Info: Validating assembly D:\ILive\Project\Common\ILiveLib\bin\Release\ILiveLib.dll...
2017/9/4 20:02:21, Info: Verifying assembly D:\ILive\Project\Common\ILiveLib\bin\Release\ILiveLib.dll
2017/9/4 20:02:21, Info: Creating Archive D:\ILive\Project\Common\ILiveLib\bin\Release\ILiveLib.cplz...
2017/9/4 20:02:21, Info: Saving project information...
2017/9/4 20:02:24, Info: Validating assembly D:\ILive\Project\ChenSmart\ChenSmart\bin\Release\ChenSmart.dll...
2017/9/4 20:02:25, Info: Verifying assembly D:\ILive\Project\ChenSmart\ChenSmart\bin\Release\ChenSmart.dll
2017/9/4 20:02:25, Info: Creating Archive D:\ILive\Project\ChenSmart\ChenSmart\bin\Release\ChenSmart.cpz...
2017/9/4 20:02:26, Info: Saving project information...
2017/9/4 20:16:20, Info: Validating assembly D:\ILive\Project\Common\ILiveLib\bin\Release\ILiveLib.dll...
2017/9/4 20:16:20, Info: Verifying assembly D:\ILive\Project\Common\ILiveLib\bin\Release\ILiveLib.dll
2017/9/4 20:16:20, Info: Creating Archive D:\ILive\Project\Common\ILiveLib\bin\Release\ILiveLib.cplz...
2017/9/4 20:16:20, Info: Saving project information...
2017/9/4 20:16:23, Info: Validating assembly D:\ILive\Project\ChenSmart\ChenSmart\bin\Release\ChenSmart.dll...
2017/9/4 20:16:24, Info: Verifying assembly D:\ILive\Project\ChenSmart\ChenSmart\bin\Release\ChenSmart.dll
2017/9/4 20:16:24, Info: Creating Archive D:\ILive\Project\ChenSmart\ChenSmart\bin\Release\ChenSmart.cpz...
2017/9/4 20:16:25, Info: Saving project information...
2017/9/4 20:21:55, Info: Validating assembly D:\ILive\Project\Common\ILiveLib\bin\Release\ILiveLib.dll...
2017/9/4 20:21:55, Info: Verifying assembly D:\ILive\Project\Common\ILiveLib\bin\Release\ILiveLib.dll
2017/9/4 20:21:56, Info: Creating Archive D:\ILive\Project\Common\ILiveLib\bin\Release\ILiveLib.cplz...
2017/9/4 20:21:56, Info: Saving project information...
2017/9/4 20:22:01, Info: Validating assembly D:\ILive\Project\ChenSmart\ChenSmart\bin\Release\ChenSmart.dll...
2017/9/4 20:22:02, Info: Verifying assembly D:\ILive\Project\ChenSmart\ChenSmart\bin\Release\ChenSmart.dll
2017/9/4 20:22:02, Info: Creating Archive D:\ILive\Project\ChenSmart\ChenSmart\bin\Release\ChenSmart.cpz...
2017/9/4 20:22:02, Info: Saving project information...
2017/9/4 20:58:27, Info: Validating assembly D:\ILive\Project\Common\ILiveLib\bin\Release\ILiveLib.dll...
2017/9/4 20:58:28, Info: Verifying assembly D:\ILive\Project\Common\ILiveLib\bin\Release\ILiveLib.dll
2017/9/4 20:58:28, Info: Creating Archive D:\ILive\Project\Common\ILiveLib\bin\Release\ILiveLib.cplz...
2017/9/4 20:58:28, Info: Saving project information...
2017/9/4 20:58:33, Info: Validating assembly D:\ILive\Project\Common\ILiveLib\bin\Release\ILiveLib.dll...
2017/9/4 20:58:34, Info: Verifying assembly D:\ILive\Project\Common\ILiveLib\bin\Release\ILiveLib.dll
2017/9/4 20:58:34, Info: Creating Archive D:\ILive\Project\Common\ILiveLib\bin\Release\ILiveLib.cplz...
2017/9/4 20:58:34, Info: Saving project information...
2017/9/4 20:58:37, Info: Validating assembly D:\ILive\Project\ChenSmart\ChenSmart\bin\Release\ChenSmart.dll...
2017/9/4 20:58:38, Info: Verifying assembly D:\ILive\Project\ChenSmart\ChenSmart\bin\Release\ChenSmart.dll
2017/9/4 20:58:38, Info: Creating Archive D:\ILive\Project\ChenSmart\ChenSmart\bin\Release\ChenSmart.cpz...
2017/9/4 20:58:38, Info: Saving project information...
2017/9/4 21:01:11, Info: Validating assembly D:\ILive\Project\Common\ILiveLib\bin\Release\ILiveLib.dll...
2017/9/4 21:01:11, Info: Verifying assembly D:\ILive\Project\Common\ILiveLib\bin\Release\ILiveLib.dll
2017/9/4 21:01:11, Info: Creating Archive D:\ILive\Project\Common\ILiveLib\bin\Release\ILiveLib.cplz...
2017/9/4 21:01:12, Info: Saving project information...
2017/9/4 21:01:15, Info: Validating assembly D:\ILive\Project\ChenSmart\ChenSmart\bin\Release\ChenSmart.dll...
2017/9/4 21:01:15, Info: Verifying assembly D:\ILive\Project\ChenSmart\ChenSmart\bin\Release\ChenSmart.dll
2017/9/4 21:01:15, Info: Creating Archive D:\ILive\Project\ChenSmart\ChenSmart\bin\Release\ChenSmart.cpz...
2017/9/4 21:01:16, Info: Saving project information...
2017/9/4 21:08:37, Info: Saving project information...
2017/9/4 21:08:37, Info: Saving project information...
2017/9/4 21:08:37, Info: Saving project information...
2017/9/4 21:08:37, Info: Saving project information...
2017/9/4 21:08:37, Info: Saving project information...
2017/9/4 21:08:37, Info: Saving project information...
2017/9/4 21:08:40, Info: Validating assembly D:\ILive\Project\Common\ILiveLib\bin\Release\ILiveLib.dll...
2017/9/4 21:08:40, Info: Verifying assembly D:\ILive\Project\Common\ILiveLib\bin\Release\ILiveLib.dll
2017/9/4 21:08:40, Info: Creating Archive D:\ILive\Project\Common\ILiveLib\bin\Release\ILiveLib.cplz...
2017/9/4 21:08:41, Info: Saving project information...
2017/9/4 21:08:44, Info: Validating assembly D:\ILive\Project\ChenSmart\ChenSmart\bin\Release\ChenSmart.dll...
2017/9/4 21:08:44, Info: Verifying assembly D:\ILive\Project\ChenSmart\ChenSmart\bin\Release\ChenSmart.dll
2017/9/4 21:08:44, Info: Creating Archive D:\ILive\Project\ChenSmart\ChenSmart\bin\Release\ChenSmart.cpz...
2017/9/4 21:08:45, Info: Saving project information...
2017/9/4 23:57:56, Info: Terminating SIMPLSharp Services
2017/9/4 23:57:56, Info: Saving project information...
2017/9/4 23:57:56, Info: Terminating SIMPLSharp Services
2017/9/4 23:57:56, Info: Saving project information...
2017/9/4 23:57:56, Info: Terminating SIMPLSharp Services
