2017/8/2 17:02:31, Info: Initializing SIMPLSharp Services...
2017/8/2 17:02:31, Info: ProjectInfo successfully initialized.
2017/8/2 17:02:33, Info: Initializing SIMPLSharp Services...
2017/8/2 17:02:33, Info: ProjectInfo successfully initialized.
2017/8/2 17:05:41, Info: Initializing SIMPLSharp Services...
2017/8/2 17:05:41, Info: ProjectInfo successfully initialized.
2017/8/2 17:05:43, Info: Saving project information...
2017/8/2 17:05:43, Info: Saving project information...
2017/8/2 17:05:43, Info: Saving project information...
2017/8/2 17:05:43, Info: Saving project information...
2017/8/2 17:05:43, Info: Saving project information...
2017/8/2 17:05:43, Info: Saving project information...
2017/8/2 17:05:59, Info: Initializing SIMPLSharp Services...
2017/8/2 17:05:59, Info: ProjectInfo successfully initialized.
2017/8/2 17:17:11, Info: Saving project information...
2017/8/2 17:17:11, Info: Saving project information...
2017/8/2 17:17:11, Info: Saving project information...
2017/8/2 17:22:11, Info: Saving project information...
2017/8/2 17:22:13, Info: Saving project information...
2017/8/2 17:22:13, Info: Saving project information...
2017/8/2 17:27:11, Info: Saving project information...
2017/8/2 17:27:13, Info: Saving project information...
2017/8/2 17:27:13, Info: Saving project information...
2017/8/2 17:32:12, Info: Saving project information...
2017/8/2 17:32:12, Info: Saving project information...
2017/8/2 17:32:12, Info: Saving project information...
2017/8/2 17:36:41, Info: Saving project information...
2017/8/2 17:36:41, Info: Saving project information...
2017/8/2 17:36:41, Info: Saving project information...
2017/8/2 17:36:41, Info: Saving project information...
2017/8/2 17:36:41, Info: Saving project information...
2017/8/2 17:36:41, Info: Saving project information...
2017/8/2 17:36:59, Info: Validating assembly D:\ILive\Project\Common\ILiveLib\bin\Debug\ILiveLib.dll...
2017/8/2 17:37:00, Info: Verifying assembly D:\ILive\Project\Common\ILiveLib\bin\Debug\ILiveLib.dll
2017/8/2 17:37:00, Info: Creating Archive D:\ILive\Project\Common\ILiveLib\bin\Debug\ILiveLib.cplz...
2017/8/2 17:37:00, Info: Saving project information...
2017/8/2 17:54:01, Info: Terminating SIMPLSharp Services
2017/8/2 17:54:01, Info: Saving project information...
2017/8/2 17:54:01, Info: Terminating SIMPLSharp Services
2017/8/2 17:54:01, Info: Saving project information...
2017/8/2 17:54:01, Info: Terminating SIMPLSharp Services
2017/8/2 17:54:01, Info: Saving project information...
2017/8/2 17:54:01, Info: Terminating SIMPLSharp Services
