2017/8/12 10:48:24, Info: Initializing SIMPLSharp Services...
2017/8/12 10:48:24, Info: ProjectInfo successfully initialized.
2017/8/12 10:48:56, Info: Initializing SIMPLSharp Services...
2017/8/12 10:48:56, Info: ProjectInfo successfully initialized.
2017/8/12 10:51:57, Info: Saving project information...
2017/8/12 10:51:57, Info: Saving project information...
2017/8/12 10:51:57, Info: Saving project information...
2017/8/12 10:51:57, Info: Saving project information...
2017/8/12 10:51:57, Info: Saving project information...
2017/8/12 10:51:57, Info: Saving project information...
2017/8/12 10:51:57, Info: Saving project information...
2017/8/12 10:51:57, Info: Saving project information...
2017/8/12 10:51:57, Info: Saving project information...
2017/8/12 10:51:57, Info: Saving project information...
2017/8/12 10:51:57, Info: Saving project information...
2017/8/12 10:51:57, Info: Saving project information...
2017/8/12 10:52:24, Info: Validating assembly D:\ILive\Project\Common\ILiveLib\bin\Release\ILiveLib.dll...
2017/8/12 10:52:25, Info: Verifying assembly D:\ILive\Project\Common\ILiveLib\bin\Release\ILiveLib.dll
2017/8/12 10:52:25, Info: Creating Archive D:\ILive\Project\Common\ILiveLib\bin\Release\ILiveLib.cplz...
2017/8/12 10:52:26, Info: Saving project information...
2017/8/12 10:52:37, Info: Validating assembly D:\ILive\Project\Common\ILiveLib\bin\Release\ILiveLib.dll...
2017/8/12 10:52:37, Info: Verifying assembly D:\ILive\Project\Common\ILiveLib\bin\Release\ILiveLib.dll
2017/8/12 10:52:37, Info: Creating Archive D:\ILive\Project\Common\ILiveLib\bin\Release\ILiveLib.cplz...
2017/8/12 10:52:38, Info: Saving project information...
2017/8/12 10:53:19, Info: Validating assembly D:\ILive\Project\Common\ILiveLib\bin\Release\ILiveLib.dll...
2017/8/12 10:53:20, Info: Verifying assembly D:\ILive\Project\Common\ILiveLib\bin\Release\ILiveLib.dll
2017/8/12 10:53:20, Info: Creating Archive D:\ILive\Project\Common\ILiveLib\bin\Release\ILiveLib.cplz...
2017/8/12 10:53:20, Info: Saving project information...
2017/8/12 10:53:42, Info: Validating assembly D:\ILive\Project\Common\ILiveLib\bin\Release\ILiveLib.dll...
2017/8/12 10:53:43, Info: Verifying assembly D:\ILive\Project\Common\ILiveLib\bin\Release\ILiveLib.dll
2017/8/12 10:53:43, Info: Creating Archive D:\ILive\Project\Common\ILiveLib\bin\Release\ILiveLib.cplz...
2017/8/12 10:53:43, Info: Saving project information...
2017/8/12 10:53:51, Info: Validating assembly D:\ILive\Project\ILiveSmart\Src\ILiveSmart\ILiveSmart\bin\Release\ILiveSmart.dll...
2017/8/12 10:53:51, Info: Verifying assembly D:\ILive\Project\ILiveSmart\Src\ILiveSmart\ILiveSmart\bin\Release\ILiveSmart.dll
2017/8/12 10:53:51, Info: Creating Archive D:\ILive\Project\ILiveSmart\Src\ILiveSmart\ILiveSmart\bin\Release\ILiveSmart.cpz...
2017/8/12 10:53:53, Info: Saving project information...
2017/8/12 10:54:54, Info: Saving project information...
2017/8/12 10:54:54, Info: Saving project information...
2017/8/12 10:54:54, Info: Saving project information...
2017/8/12 10:54:54, Info: Saving project information...
2017/8/12 10:54:54, Info: Saving project information...
2017/8/12 10:54:54, Info: Saving project information...
2017/8/12 10:54:57, Info: Validating assembly D:\ILive\Project\Common\ILiveLib\bin\Release\ILiveLib.dll...
2017/8/12 10:54:57, Info: Verifying assembly D:\ILive\Project\Common\ILiveLib\bin\Release\ILiveLib.dll
2017/8/12 10:54:57, Info: Creating Archive D:\ILive\Project\Common\ILiveLib\bin\Release\ILiveLib.cplz...
2017/8/12 10:54:58, Info: Saving project information...
2017/8/12 10:57:57, Info: Validating assembly D:\ILive\Project\Common\ILiveLib\bin\Release\ILiveLib.dll...
2017/8/12 10:57:58, Info: Verifying assembly D:\ILive\Project\Common\ILiveLib\bin\Release\ILiveLib.dll
2017/8/12 10:57:58, Info: Creating Archive D:\ILive\Project\Common\ILiveLib\bin\Release\ILiveLib.cplz...
2017/8/12 10:57:58, Info: Saving project information...
2017/8/12 10:58:03, Info: Validating assembly D:\ILive\Project\ILiveSmart\Src\ILiveSmart\ILiveSmart\bin\Release\ILiveSmart.dll...
2017/8/12 10:58:04, Info: Verifying assembly D:\ILive\Project\ILiveSmart\Src\ILiveSmart\ILiveSmart\bin\Release\ILiveSmart.dll
2017/8/12 10:58:04, Info: Creating Archive D:\ILive\Project\ILiveSmart\Src\ILiveSmart\ILiveSmart\bin\Release\ILiveSmart.cpz...
2017/8/12 10:58:05, Info: Saving project information...
2017/8/12 10:58:17, Info: Saving project information...
2017/8/12 10:58:17, Info: Saving project information...
2017/8/12 10:58:17, Info: Saving project information...
2017/8/12 10:59:05, Info: Saving project information...
2017/8/12 10:59:05, Info: Saving project information...
2017/8/12 10:59:05, Info: Saving project information...
2017/8/12 10:59:05, Info: Saving project information...
2017/8/12 10:59:05, Info: Saving project information...
2017/8/12 10:59:05, Info: Saving project information...
2017/8/12 10:59:05, Info: Saving project information...
2017/8/12 10:59:05, Info: Saving project information...
2017/8/12 10:59:05, Info: Saving project information...
2017/8/12 10:59:05, Info: Saving project information...
2017/8/12 10:59:05, Info: Saving project information...
2017/8/12 10:59:05, Info: Saving project information...
2017/8/12 10:59:09, Info: Validating assembly D:\ILive\Project\Common\ILiveLib\bin\Release\ILiveLib.dll...
2017/8/12 10:59:09, Info: Verifying assembly D:\ILive\Project\Common\ILiveLib\bin\Release\ILiveLib.dll
2017/8/12 10:59:09, Info: Creating Archive D:\ILive\Project\Common\ILiveLib\bin\Release\ILiveLib.cplz...
2017/8/12 10:59:09, Info: Saving project information...
2017/8/12 10:59:49, Info: Saving project information...
2017/8/12 10:59:49, Info: Saving project information...
2017/8/12 10:59:49, Info: Saving project information...
2017/8/12 10:59:49, Info: Saving project information...
2017/8/12 10:59:49, Info: Saving project information...
2017/8/12 10:59:49, Info: Saving project information...
2017/8/12 10:59:52, Info: Validating assembly D:\ILive\Project\Common\ILiveLib\bin\Release\ILiveLib.dll...
2017/8/12 10:59:52, Info: Verifying assembly D:\ILive\Project\Common\ILiveLib\bin\Release\ILiveLib.dll
2017/8/12 10:59:52, Info: Creating Archive D:\ILive\Project\Common\ILiveLib\bin\Release\ILiveLib.cplz...
2017/8/12 10:59:53, Info: Saving project information...
2017/8/12 10:59:58, Info: Validating assembly D:\ILive\Project\ILiveSmart\Src\ILiveSmart\ILiveSmart\bin\Release\ILiveSmart.dll...
2017/8/12 10:59:58, Info: Verifying assembly D:\ILive\Project\ILiveSmart\Src\ILiveSmart\ILiveSmart\bin\Release\ILiveSmart.dll
2017/8/12 10:59:58, Info: Creating Archive D:\ILive\Project\ILiveSmart\Src\ILiveSmart\ILiveSmart\bin\Release\ILiveSmart.cpz...
2017/8/12 11:00:00, Info: Saving project information...
2017/8/12 11:00:58, Info: Saving project information...
2017/8/12 11:00:58, Info: Saving project information...
2017/8/12 11:00:58, Info: Saving project information...
2017/8/12 11:00:58, Info: Saving project information...
2017/8/12 11:00:58, Info: Saving project information...
2017/8/12 11:00:58, Info: Saving project information...
2017/8/12 11:01:01, Info: Validating assembly D:\ILive\Project\Common\ILiveLib\bin\Release\ILiveLib.dll...
2017/8/12 11:01:01, Info: Verifying assembly D:\ILive\Project\Common\ILiveLib\bin\Release\ILiveLib.dll
2017/8/12 11:01:02, Info: Creating Archive D:\ILive\Project\Common\ILiveLib\bin\Release\ILiveLib.cplz...
2017/8/12 11:01:02, Info: Saving project information...
2017/8/12 11:01:17, Info: Validating assembly D:\ILive\Project\Common\ILiveLib\bin\Release\ILiveLib.dll...
2017/8/12 11:01:17, Info: Verifying assembly D:\ILive\Project\Common\ILiveLib\bin\Release\ILiveLib.dll
2017/8/12 11:01:18, Info: Creating Archive D:\ILive\Project\Common\ILiveLib\bin\Release\ILiveLib.cplz...
2017/8/12 11:01:18, Info: Saving project information...
2017/8/12 11:01:23, Info: Validating assembly D:\ILive\Project\ILiveSmart\Src\ILiveSmart\ILiveSmart\bin\Release\ILiveSmart.dll...
2017/8/12 11:01:24, Info: Verifying assembly D:\ILive\Project\ILiveSmart\Src\ILiveSmart\ILiveSmart\bin\Release\ILiveSmart.dll
2017/8/12 11:01:24, Info: Creating Archive D:\ILive\Project\ILiveSmart\Src\ILiveSmart\ILiveSmart\bin\Release\ILiveSmart.cpz...
2017/8/12 11:01:25, Info: Saving project information...
2017/8/12 11:03:17, Info: Saving project information...
2017/8/12 11:03:17, Info: Saving project information...
2017/8/12 11:03:17, Info: Saving project information...
2017/8/12 11:09:15, Info: Saving project information...
2017/8/12 11:09:15, Info: Saving project information...
2017/8/12 11:09:15, Info: Saving project information...
2017/8/12 11:14:15, Info: Saving project information...
2017/8/12 11:14:16, Info: Saving project information...
2017/8/12 11:14:16, Info: Saving project information...
2017/8/12 11:19:15, Info: Saving project information...
2017/8/12 11:19:16, Info: Saving project information...
2017/8/12 11:19:16, Info: Saving project information...
2017/8/12 11:24:15, Info: Saving project information...
2017/8/12 11:24:16, Info: Saving project information...
2017/8/12 11:24:16, Info: Saving project information...
2017/8/12 11:29:15, Info: Saving project information...
2017/8/12 11:29:16, Info: Saving project information...
2017/8/12 11:29:16, Info: Saving project information...
2017/8/12 11:34:15, Info: Saving project information...
2017/8/12 11:34:15, Info: Saving project information...
2017/8/12 11:34:15, Info: Saving project information...
2017/8/12 11:39:15, Info: Saving project information...
2017/8/12 11:39:16, Info: Saving project information...
2017/8/12 11:39:16, Info: Saving project information...
2017/8/12 11:44:15, Info: Saving project information...
2017/8/12 11:44:16, Info: Saving project information...
2017/8/12 11:44:16, Info: Saving project information...
2017/8/12 11:49:15, Info: Saving project information...
2017/8/12 11:49:16, Info: Saving project information...
2017/8/12 11:49:16, Info: Saving project information...
2017/8/12 11:54:15, Info: Saving project information...
2017/8/12 11:54:16, Info: Saving project information...
2017/8/12 11:54:16, Info: Saving project information...
2017/8/12 11:59:15, Info: Saving project information...
2017/8/12 11:59:16, Info: Saving project information...
2017/8/12 11:59:16, Info: Saving project information...
2017/8/12 12:04:15, Info: Saving project information...
2017/8/12 12:04:16, Info: Saving project information...
2017/8/12 12:04:16, Info: Saving project information...
2017/8/12 12:09:15, Info: Saving project information...
2017/8/12 12:09:16, Info: Saving project information...
2017/8/12 12:09:16, Info: Saving project information...
2017/8/12 12:14:15, Info: Saving project information...
2017/8/12 12:14:16, Info: Saving project information...
2017/8/12 12:14:16, Info: Saving project information...
2017/8/12 12:19:15, Info: Saving project information...
2017/8/12 12:19:15, Info: Saving project information...
2017/8/12 12:19:15, Info: Saving project information...
2017/8/12 12:24:15, Info: Saving project information...
2017/8/12 12:24:16, Info: Saving project information...
2017/8/12 12:24:16, Info: Saving project information...
2017/8/12 12:29:15, Info: Saving project information...
2017/8/12 12:29:16, Info: Saving project information...
2017/8/12 12:29:16, Info: Saving project information...
2017/8/12 12:34:15, Info: Saving project information...
2017/8/12 12:34:15, Info: Saving project information...
2017/8/12 12:34:15, Info: Saving project information...
2017/8/12 12:39:15, Info: Saving project information...
2017/8/12 12:39:16, Info: Saving project information...
2017/8/12 12:39:16, Info: Saving project information...
2017/8/12 12:44:15, Info: Saving project information...
2017/8/12 12:44:15, Info: Saving project information...
2017/8/12 12:44:15, Info: Saving project information...
2017/8/12 12:49:15, Info: Saving project information...
2017/8/12 12:49:16, Info: Saving project information...
2017/8/12 12:49:16, Info: Saving project information...
2017/8/12 12:54:15, Info: Saving project information...
2017/8/12 12:54:16, Info: Saving project information...
2017/8/12 12:54:16, Info: Saving project information...
2017/8/12 12:59:15, Info: Saving project information...
2017/8/12 12:59:16, Info: Saving project information...
2017/8/12 12:59:16, Info: Saving project information...
2017/8/12 13:04:15, Info: Saving project information...
2017/8/12 13:04:16, Info: Saving project information...
2017/8/12 13:04:16, Info: Saving project information...
2017/8/12 13:06:48, Info: Saving project information...
2017/8/12 13:06:48, Info: Saving project information...
2017/8/12 13:06:48, Info: Saving project information...
2017/8/12 13:06:48, Info: Saving project information...
2017/8/12 13:06:48, Info: Saving project information...
2017/8/12 13:06:48, Info: Saving project information...
2017/8/12 13:06:48, Info: Saving project information...
2017/8/12 13:06:48, Info: Saving project information...
2017/8/12 13:06:48, Info: Saving project information...
2017/8/12 13:06:48, Info: Saving project information...
2017/8/12 13:06:48, Info: Saving project information...
2017/8/12 13:06:48, Info: Saving project information...
2017/8/12 13:07:10, Info: Validating assembly D:\ILive\Project\Common\ILiveLib\bin\Release\ILiveLib.dll...
2017/8/12 13:07:11, Info: Verifying assembly D:\ILive\Project\Common\ILiveLib\bin\Release\ILiveLib.dll
2017/8/12 13:07:11, Info: Creating Archive D:\ILive\Project\Common\ILiveLib\bin\Release\ILiveLib.cplz...
2017/8/12 13:07:11, Info: Saving project information...
2017/8/12 13:09:15, Info: Saving project information...
2017/8/12 13:09:15, Info: Saving project information...
2017/8/12 13:09:15, Info: Saving project information...
2017/8/12 13:14:15, Info: Saving project information...
2017/8/12 13:14:15, Info: Saving project information...
2017/8/12 13:14:15, Info: Saving project information...
2017/8/12 13:18:30, Info: Saving project information...
2017/8/12 13:18:30, Info: Saving project information...
2017/8/12 13:18:30, Info: Saving project information...
2017/8/12 13:18:31, Info: Saving project information...
2017/8/12 13:18:31, Info: Saving project information...
2017/8/12 13:18:31, Info: Saving project information...
2017/8/12 13:18:31, Info: Saving project information...
2017/8/12 13:18:31, Info: Saving project information...
2017/8/12 13:18:31, Info: Saving project information...
2017/8/12 13:18:31, Info: Saving project information...
2017/8/12 13:18:31, Info: Saving project information...
2017/8/12 13:18:31, Info: Saving project information...
2017/8/12 13:18:34, Info: Validating assembly D:\ILive\Project\Common\ILiveLib\bin\Release\ILiveLib.dll...
2017/8/12 13:18:35, Info: Verifying assembly D:\ILive\Project\Common\ILiveLib\bin\Release\ILiveLib.dll
2017/8/12 13:18:35, Info: Creating Archive D:\ILive\Project\Common\ILiveLib\bin\Release\ILiveLib.cplz...
2017/8/12 13:18:35, Info: Saving project information...
2017/8/12 13:18:59, Info: Validating assembly D:\ILive\Project\Common\ILiveLib\bin\Release\ILiveLib.dll...
2017/8/12 13:18:59, Info: Verifying assembly D:\ILive\Project\Common\ILiveLib\bin\Release\ILiveLib.dll
2017/8/12 13:18:59, Info: Creating Archive D:\ILive\Project\Common\ILiveLib\bin\Release\ILiveLib.cplz...
2017/8/12 13:19:00, Info: Saving project information...
2017/8/12 13:19:32, Info: Validating assembly D:\ILive\Project\Common\ILiveLib\bin\Release\ILiveLib.dll...
2017/8/12 13:19:33, Info: Verifying assembly D:\ILive\Project\Common\ILiveLib\bin\Release\ILiveLib.dll
2017/8/12 13:19:33, Info: Creating Archive D:\ILive\Project\Common\ILiveLib\bin\Release\ILiveLib.cplz...
2017/8/12 13:19:33, Info: Saving project information...
2017/8/12 13:19:59, Info: Validating assembly D:\ILive\Project\Common\ILiveLib\bin\Release\ILiveLib.dll...
2017/8/12 13:19:59, Info: Verifying assembly D:\ILive\Project\Common\ILiveLib\bin\Release\ILiveLib.dll
2017/8/12 13:20:00, Info: Creating Archive D:\ILive\Project\Common\ILiveLib\bin\Release\ILiveLib.cplz...
2017/8/12 13:20:00, Info: Saving project information...
2017/8/12 13:20:06, Info: Validating assembly D:\ILive\Project\ILiveSmart\Src\ILiveSmart\ILiveSmart\bin\Release\ILiveSmart.dll...
2017/8/12 13:20:07, Info: Verifying assembly D:\ILive\Project\ILiveSmart\Src\ILiveSmart\ILiveSmart\bin\Release\ILiveSmart.dll
