2017/8/13 13:36:44, Info: Initializing SIMPLSharp Services...
2017/8/13 13:36:44, Info: ProjectInfo successfully initialized.
2017/8/13 13:36:45, Info: Initializing SIMPLSharp Services...
2017/8/13 13:36:45, Info: ProjectInfo successfully initialized.
2017/8/13 13:38:21, Info: Initializing SIMPLSharp Services...
2017/8/13 13:38:21, Info: ProjectInfo successfully initialized.
2017/8/13 13:38:39, Info: Saving project information...
2017/8/13 13:38:39, Info: Saving project information...
2017/8/13 13:38:39, Info: Saving project information...
2017/8/13 13:38:39, Info: Saving project information...
2017/8/13 13:38:39, Info: Saving project information...
2017/8/13 13:38:39, Info: Saving project information...
2017/8/13 13:38:43, Info: Validating assembly D:\ILive\Project\Common\ILiveLib\bin\Release\ILiveLib.dll...
2017/8/13 13:38:43, Info: Verifying assembly D:\ILive\Project\Common\ILiveLib\bin\Release\ILiveLib.dll
2017/8/13 13:38:44, Info: Creating Archive D:\ILive\Project\Common\ILiveLib\bin\Release\ILiveLib.cplz...
2017/8/13 13:38:44, Info: Saving project information...
2017/8/13 13:38:47, Info: Validating assembly D:\ILive\Project\ChenSmart\ChenSmart\bin\Release\ChenSmart.dll...
2017/8/13 13:38:47, Info: Verifying assembly D:\ILive\Project\ChenSmart\ChenSmart\bin\Release\ChenSmart.dll
2017/8/13 13:38:47, Info: Creating Archive D:\ILive\Project\ChenSmart\ChenSmart\bin\Release\ChenSmart.cpz...
2017/8/13 13:38:48, Info: Saving project information...
2017/8/13 13:41:40, Info: Saving project information...
2017/8/13 13:41:40, Info: Saving project information...
2017/8/13 13:41:40, Info: Saving project information...
2017/8/13 13:46:40, Info: Saving project information...
2017/8/13 13:46:40, Info: Saving project information...
2017/8/13 13:46:40, Info: Saving project information...
2017/8/13 13:51:40, Info: Saving project information...
2017/8/13 13:51:40, Info: Saving project information...
2017/8/13 13:51:40, Info: Saving project information...
2017/8/13 13:53:53, Info: Initializing SIMPLSharp Services...
2017/8/13 13:53:53, Info: ProjectInfo successfully initialized.
2017/8/13 13:54:05, Info: Saving project information...
2017/8/13 13:54:05, Info: Saving project information...
2017/8/13 13:54:05, Info: Saving project information...
2017/8/13 13:54:05, Info: Saving project information...
2017/8/13 13:54:05, Info: Saving project information...
2017/8/13 13:54:05, Info: Saving project information...
2017/8/13 13:54:06, Info: Terminating SIMPLSharp Services
2017/8/13 13:54:06, Info: Saving project information...
2017/8/13 13:54:06, Info: Terminating SIMPLSharp Services
2017/8/13 13:54:06, Info: Saving project information...
2017/8/13 13:54:06, Info: Terminating SIMPLSharp Services
2017/8/13 13:54:06, Info: Saving project information...
2017/8/13 13:54:06, Info: Terminating SIMPLSharp Services
