2017/8/13 15:47:08, Info: Initializing SIMPLSharp Services...
2017/8/13 15:47:09, Info: ProjectInfo successfully initialized.
2017/8/13 15:47:10, Info: Initializing SIMPLSharp Services...
2017/8/13 15:47:10, Info: ProjectInfo successfully initialized.
2017/8/13 15:52:02, Info: Saving project information...
2017/8/13 15:52:40, Info: Initializing SIMPLSharp Services...
2017/8/13 15:52:40, Info: ProjectInfo successfully initialized.
2017/8/13 15:52:56, Info: Saving project information...
2017/8/13 15:52:56, Info: Saving project information...
2017/8/13 15:52:56, Info: Saving project information...
2017/8/13 15:52:56, Info: Saving project information...
2017/8/13 15:52:56, Info: Saving project information...
2017/8/13 15:52:56, Info: Saving project information...
2017/8/13 15:53:01, Info: Validating assembly D:\ILive\Project\Common\ILiveLib\bin\Release\ILiveLib.dll...
2017/8/13 15:53:02, Info: Verifying assembly D:\ILive\Project\Common\ILiveLib\bin\Release\ILiveLib.dll
2017/8/13 15:53:02, Info: Creating Archive D:\ILive\Project\Common\ILiveLib\bin\Release\ILiveLib.cplz...
2017/8/13 15:53:03, Info: Saving project information...
2017/8/13 15:58:45, Info: Terminating SIMPLSharp Services
2017/8/13 15:58:45, Info: Saving project information...
2017/8/13 15:58:45, Info: Terminating SIMPLSharp Services
2017/8/13 15:58:45, Info: Saving project information...
2017/8/13 15:58:45, Info: Terminating SIMPLSharp Services
