2017/8/13 13:54:10, Info: Initializing SIMPLSharp Services...
2017/8/13 13:54:10, Info: ProjectInfo successfully initialized.
2017/8/13 13:54:11, Info: Initializing SIMPLSharp Services...
2017/8/13 13:54:11, Info: ProjectInfo successfully initialized.
2017/8/13 13:54:21, Info: Saving project information...
2017/8/13 13:54:21, Info: Saving project information...
2017/8/13 13:54:21, Info: Saving project information...
2017/8/13 13:54:21, Info: Saving project information...
2017/8/13 13:54:21, Info: Saving project information...
2017/8/13 13:54:21, Info: Saving project information...
2017/8/13 13:54:25, Info: Validating assembly D:\ILive\Project\Common\ILiveLib\bin\Debug\ILiveLib.dll...
2017/8/13 13:54:25, Info: Verifying assembly D:\ILive\Project\Common\ILiveLib\bin\Debug\ILiveLib.dll
2017/8/13 13:54:25, Info: Creating Archive D:\ILive\Project\Common\ILiveLib\bin\Debug\ILiveLib.cplz...
2017/8/13 13:54:25, Info: Saving project information...
2017/8/13 14:08:07, Info: Saving project information...
2017/8/13 14:08:07, Info: Saving project information...
2017/8/13 14:08:07, Info: Saving project information...
2017/8/13 14:08:07, Info: Saving project information...
2017/8/13 14:08:07, Info: Saving project information...
2017/8/13 14:08:07, Info: Saving project information...
2017/8/13 14:09:44, Info: Validating assembly D:\ILive\Project\Common\ILiveLib\bin\Debug\ILiveLib.dll...
2017/8/13 14:09:44, Info: Verifying assembly D:\ILive\Project\Common\ILiveLib\bin\Debug\ILiveLib.dll
2017/8/13 14:09:44, Info: Creating Archive D:\ILive\Project\Common\ILiveLib\bin\Debug\ILiveLib.cplz...
2017/8/13 14:09:45, Info: Saving project information...
2017/8/13 14:16:58, Info: Terminating SIMPLSharp Services
2017/8/13 14:16:58, Info: Saving project information...
2017/8/13 14:16:58, Info: Terminating SIMPLSharp Services
