2017/8/11 10:52:29, Info: Initializing SIMPLSharp Services...
2017/8/11 10:52:29, Info: ProjectInfo successfully initialized.
2017/8/11 10:52:32, Info: Initializing SIMPLSharp Services...
2017/8/11 10:52:32, Info: ProjectInfo successfully initialized.
2017/8/11 12:30:44, Info: Validating assembly D:\ILive\Project\Common\ILiveLib\bin\Debug\ILiveLib.dll...
2017/8/11 12:30:45, Info: Verifying assembly D:\ILive\Project\Common\ILiveLib\bin\Debug\ILiveLib.dll
2017/8/11 12:30:45, Info: Creating Archive D:\ILive\Project\Common\ILiveLib\bin\Debug\ILiveLib.cplz...
2017/8/11 12:30:46, Info: Saving project information...
2017/8/11 12:30:50, Info: Validating assembly D:\ILive\Project\YueQing\YQSmart\YQSmart\YQSmart\bin\Debug\YQSmart.dll...
2017/8/11 12:30:50, Info: Verifying assembly D:\ILive\Project\YueQing\YQSmart\YQSmart\YQSmart\bin\Debug\YQSmart.dll
2017/8/11 12:30:51, Info: Creating Archive D:\ILive\Project\YueQing\YQSmart\YQSmart\YQSmart\bin\Debug\YQSmart.cpz...
2017/8/11 12:30:52, Info: Saving project information...
2017/8/11 12:38:32, Info: Validating assembly D:\ILive\Project\Common\ILiveLib\bin\Debug\ILiveLib.dll...
2017/8/11 12:38:32, Info: Verifying assembly D:\ILive\Project\Common\ILiveLib\bin\Debug\ILiveLib.dll
2017/8/11 12:38:33, Info: Creating Archive D:\ILive\Project\Common\ILiveLib\bin\Debug\ILiveLib.cplz...
2017/8/11 12:38:33, Info: Saving project information...
2017/8/11 12:38:38, Info: Validating assembly D:\ILive\Project\YueQing\YQSmart\YQSmart\YQSmart\bin\Debug\YQSmart.dll...
2017/8/11 12:38:38, Info: Verifying assembly D:\ILive\Project\YueQing\YQSmart\YQSmart\YQSmart\bin\Debug\YQSmart.dll
2017/8/11 12:38:38, Info: Creating Archive D:\ILive\Project\YueQing\YQSmart\YQSmart\YQSmart\bin\Debug\YQSmart.cpz...
2017/8/11 12:38:40, Info: Saving project information...
2017/8/11 13:33:31, Info: Validating assembly D:\ILive\Project\Common\ILiveLib\bin\Debug\ILiveLib.dll...
2017/8/11 13:33:31, Info: Verifying assembly D:\ILive\Project\Common\ILiveLib\bin\Debug\ILiveLib.dll
2017/8/11 13:33:31, Info: Creating Archive D:\ILive\Project\Common\ILiveLib\bin\Debug\ILiveLib.cplz...
2017/8/11 13:33:32, Info: Saving project information...
2017/8/11 13:33:35, Info: Validating assembly D:\ILive\Project\YueQing\YQSmart\YQSmart\YQSmart\bin\Debug\YQSmart.dll...
2017/8/11 13:33:36, Info: Verifying assembly D:\ILive\Project\YueQing\YQSmart\YQSmart\YQSmart\bin\Debug\YQSmart.dll
2017/8/11 13:33:36, Info: Creating Archive D:\ILive\Project\YueQing\YQSmart\YQSmart\YQSmart\bin\Debug\YQSmart.cpz...
2017/8/11 13:33:37, Info: Saving project information...
2017/8/11 13:58:07, Info: Validating assembly D:\ILive\Project\Common\ILiveLib\bin\Debug\ILiveLib.dll...
2017/8/11 13:58:08, Info: Verifying assembly D:\ILive\Project\Common\ILiveLib\bin\Debug\ILiveLib.dll
2017/8/11 13:58:08, Info: Creating Archive D:\ILive\Project\Common\ILiveLib\bin\Debug\ILiveLib.cplz...
2017/8/11 13:58:08, Info: Saving project information...
2017/8/11 13:58:12, Info: Validating assembly D:\ILive\Project\YueQing\YQSmart\YQSmart\YQSmart\bin\Debug\YQSmart.dll...
2017/8/11 13:58:13, Info: Verifying assembly D:\ILive\Project\YueQing\YQSmart\YQSmart\YQSmart\bin\Debug\YQSmart.dll
2017/8/11 13:58:13, Info: Creating Archive D:\ILive\Project\YueQing\YQSmart\YQSmart\YQSmart\bin\Debug\YQSmart.cpz...
2017/8/11 13:58:14, Info: Saving project information...
2017/8/11 14:09:39, Info: Validating assembly D:\ILive\Project\Common\ILiveLib\bin\Debug\ILiveLib.dll...
2017/8/11 14:09:39, Info: Verifying assembly D:\ILive\Project\Common\ILiveLib\bin\Debug\ILiveLib.dll
2017/8/11 14:09:39, Info: Creating Archive D:\ILive\Project\Common\ILiveLib\bin\Debug\ILiveLib.cplz...
2017/8/11 14:09:40, Info: Saving project information...
2017/8/11 14:09:44, Info: Validating assembly D:\ILive\Project\YueQing\YQSmart\YQSmart\YQSmart\bin\Debug\YQSmart.dll...
2017/8/11 14:09:44, Info: Verifying assembly D:\ILive\Project\YueQing\YQSmart\YQSmart\YQSmart\bin\Debug\YQSmart.dll
2017/8/11 14:09:44, Info: Creating Archive D:\ILive\Project\YueQing\YQSmart\YQSmart\YQSmart\bin\Debug\YQSmart.cpz...
2017/8/11 14:09:45, Info: Saving project information...
2017/8/11 14:12:58, Info: Validating assembly D:\ILive\Project\Common\ILiveLib\bin\Debug\ILiveLib.dll...
2017/8/11 14:12:59, Info: Verifying assembly D:\ILive\Project\Common\ILiveLib\bin\Debug\ILiveLib.dll
2017/8/11 14:12:59, Info: Creating Archive D:\ILive\Project\Common\ILiveLib\bin\Debug\ILiveLib.cplz...
2017/8/11 14:12:59, Info: Saving project information...
2017/8/11 14:13:05, Info: Validating assembly D:\ILive\Project\YueQing\YQSmart\YQSmart\YQSmart\bin\Debug\YQSmart.dll...
2017/8/11 14:13:05, Info: Verifying assembly D:\ILive\Project\YueQing\YQSmart\YQSmart\YQSmart\bin\Debug\YQSmart.dll
2017/8/11 14:13:05, Info: Creating Archive D:\ILive\Project\YueQing\YQSmart\YQSmart\YQSmart\bin\Debug\YQSmart.cpz...
2017/8/11 14:13:07, Info: Saving project information...
2017/8/11 14:17:43, Info: Validating assembly D:\ILive\Project\Common\ILiveLib\bin\Debug\ILiveLib.dll...
2017/8/11 14:17:43, Info: Verifying assembly D:\ILive\Project\Common\ILiveLib\bin\Debug\ILiveLib.dll
2017/8/11 14:17:43, Info: Creating Archive D:\ILive\Project\Common\ILiveLib\bin\Debug\ILiveLib.cplz...
2017/8/11 14:17:44, Info: Saving project information...
2017/8/11 14:17:48, Info: Validating assembly D:\ILive\Project\YueQing\YQSmart\YQSmart\YQSmart\bin\Debug\YQSmart.dll...
2017/8/11 14:17:48, Info: Verifying assembly D:\ILive\Project\YueQing\YQSmart\YQSmart\YQSmart\bin\Debug\YQSmart.dll
2017/8/11 14:17:48, Info: Creating Archive D:\ILive\Project\YueQing\YQSmart\YQSmart\YQSmart\bin\Debug\YQSmart.cpz...
2017/8/11 14:17:50, Info: Saving project information...
2017/8/11 14:21:43, Info: Validating assembly D:\ILive\Project\Common\ILiveLib\bin\Debug\ILiveLib.dll...
2017/8/11 14:21:43, Info: Verifying assembly D:\ILive\Project\Common\ILiveLib\bin\Debug\ILiveLib.dll
2017/8/11 14:21:43, Info: Creating Archive D:\ILive\Project\Common\ILiveLib\bin\Debug\ILiveLib.cplz...
2017/8/11 14:21:44, Info: Saving project information...
2017/8/11 14:21:49, Info: Validating assembly D:\ILive\Project\YueQing\YQSmart\YQSmart\YQSmart\bin\Debug\YQSmart.dll...
2017/8/11 14:21:49, Info: Verifying assembly D:\ILive\Project\YueQing\YQSmart\YQSmart\YQSmart\bin\Debug\YQSmart.dll
2017/8/11 14:21:49, Info: Creating Archive D:\ILive\Project\YueQing\YQSmart\YQSmart\YQSmart\bin\Debug\YQSmart.cpz...
2017/8/11 14:21:51, Info: Saving project information...
2017/8/11 14:24:25, Info: Validating assembly D:\ILive\Project\Common\ILiveLib\bin\Debug\ILiveLib.dll...
2017/8/11 14:24:26, Info: Verifying assembly D:\ILive\Project\Common\ILiveLib\bin\Debug\ILiveLib.dll
2017/8/11 14:24:26, Info: Creating Archive D:\ILive\Project\Common\ILiveLib\bin\Debug\ILiveLib.cplz...
2017/8/11 14:24:26, Info: Saving project information...
2017/8/11 14:24:31, Info: Validating assembly D:\ILive\Project\YueQing\YQSmart\YQSmart\YQSmart\bin\Debug\YQSmart.dll...
2017/8/11 14:24:31, Info: Verifying assembly D:\ILive\Project\YueQing\YQSmart\YQSmart\YQSmart\bin\Debug\YQSmart.dll
2017/8/11 14:24:31, Info: Creating Archive D:\ILive\Project\YueQing\YQSmart\YQSmart\YQSmart\bin\Debug\YQSmart.cpz...
2017/8/11 14:24:33, Info: Saving project information...
2017/8/11 15:42:29, Info: Validating assembly D:\ILive\Project\Common\ILiveLib\bin\Debug\ILiveLib.dll...
2017/8/11 15:42:29, Info: Verifying assembly D:\ILive\Project\Common\ILiveLib\bin\Debug\ILiveLib.dll
2017/8/11 15:42:29, Info: Creating Archive D:\ILive\Project\Common\ILiveLib\bin\Debug\ILiveLib.cplz...
2017/8/11 15:42:30, Info: Saving project information...
2017/8/11 15:42:33, Info: Validating assembly D:\ILive\Project\YueQing\YQSmart\YQSmart\YQSmart\bin\Debug\YQSmart.dll...
2017/8/11 15:42:34, Info: Verifying assembly D:\ILive\Project\YueQing\YQSmart\YQSmart\YQSmart\bin\Debug\YQSmart.dll
2017/8/11 15:42:34, Info: Creating Archive D:\ILive\Project\YueQing\YQSmart\YQSmart\YQSmart\bin\Debug\YQSmart.cpz...
2017/8/11 15:42:35, Info: Saving project information...
2017/8/11 15:52:45, Info: Validating assembly D:\ILive\Project\Common\ILiveLib\bin\Debug\ILiveLib.dll...
2017/8/11 15:52:45, Info: Verifying assembly D:\ILive\Project\Common\ILiveLib\bin\Debug\ILiveLib.dll
2017/8/11 15:52:45, Info: Creating Archive D:\ILive\Project\Common\ILiveLib\bin\Debug\ILiveLib.cplz...
2017/8/11 15:52:46, Info: Saving project information...
2017/8/11 15:52:50, Info: Validating assembly D:\ILive\Project\YueQing\YQSmart\YQSmart\YQSmart\bin\Debug\YQSmart.dll...
2017/8/11 15:52:50, Info: Verifying assembly D:\ILive\Project\YueQing\YQSmart\YQSmart\YQSmart\bin\Debug\YQSmart.dll
2017/8/11 15:52:50, Info: Creating Archive D:\ILive\Project\YueQing\YQSmart\YQSmart\YQSmart\bin\Debug\YQSmart.cpz...
2017/8/11 15:52:52, Info: Saving project information...
2017/8/11 16:01:32, Info: Validating assembly D:\ILive\Project\Common\ILiveLib\bin\Debug\ILiveLib.dll...
2017/8/11 16:01:32, Info: Verifying assembly D:\ILive\Project\Common\ILiveLib\bin\Debug\ILiveLib.dll
2017/8/11 16:01:33, Info: Creating Archive D:\ILive\Project\Common\ILiveLib\bin\Debug\ILiveLib.cplz...
2017/8/11 16:01:33, Info: Saving project information...
2017/8/11 16:01:37, Info: Validating assembly D:\ILive\Project\YueQing\YQSmart\YQSmart\YQSmart\bin\Debug\YQSmart.dll...
2017/8/11 16:01:37, Info: Verifying assembly D:\ILive\Project\YueQing\YQSmart\YQSmart\YQSmart\bin\Debug\YQSmart.dll
2017/8/11 16:01:37, Info: Creating Archive D:\ILive\Project\YueQing\YQSmart\YQSmart\YQSmart\bin\Debug\YQSmart.cpz...
2017/8/11 16:01:39, Info: Saving project information...
2017/8/11 16:56:43, Info: Validating assembly D:\ILive\Project\Common\ILiveLib\bin\Debug\ILiveLib.dll...
2017/8/11 16:56:43, Info: Verifying assembly D:\ILive\Project\Common\ILiveLib\bin\Debug\ILiveLib.dll
2017/8/11 16:56:43, Info: Creating Archive D:\ILive\Project\Common\ILiveLib\bin\Debug\ILiveLib.cplz...
2017/8/11 16:56:43, Info: Saving project information...
2017/8/11 16:56:47, Info: Validating assembly D:\ILive\Project\YueQing\YQSmart\YQSmart\YQSmart\bin\Debug\YQSmart.dll...
2017/8/11 16:56:48, Info: Verifying assembly D:\ILive\Project\YueQing\YQSmart\YQSmart\YQSmart\bin\Debug\YQSmart.dll
2017/8/11 16:56:48, Info: Creating Archive D:\ILive\Project\YueQing\YQSmart\YQSmart\YQSmart\bin\Debug\YQSmart.cpz...
2017/8/11 16:56:49, Info: Saving project information...
2017/8/11 18:14:48, Info: Validating assembly D:\ILive\Project\Common\ILiveLib\bin\Debug\ILiveLib.dll...
2017/8/11 18:14:48, Info: Verifying assembly D:\ILive\Project\Common\ILiveLib\bin\Debug\ILiveLib.dll
2017/8/11 18:14:49, Info: Creating Archive D:\ILive\Project\Common\ILiveLib\bin\Debug\ILiveLib.cplz...
2017/8/11 18:14:49, Info: Saving project information...
2017/8/11 18:14:53, Info: Validating assembly D:\ILive\Project\YueQing\YQSmart\YQSmart\YQSmart\bin\Debug\YQSmart.dll...
2017/8/11 18:14:53, Info: Verifying assembly D:\ILive\Project\YueQing\YQSmart\YQSmart\YQSmart\bin\Debug\YQSmart.dll
2017/8/11 18:14:54, Info: Creating Archive D:\ILive\Project\YueQing\YQSmart\YQSmart\YQSmart\bin\Debug\YQSmart.cpz...
2017/8/11 18:14:55, Info: Saving project information...
2017/8/11 18:15:43, Info: Validating assembly D:\ILive\Project\Common\ILiveLib\bin\Debug\ILiveLib.dll...
2017/8/11 18:15:44, Info: Verifying assembly D:\ILive\Project\Common\ILiveLib\bin\Debug\ILiveLib.dll
2017/8/11 18:15:44, Info: Creating Archive D:\ILive\Project\Common\ILiveLib\bin\Debug\ILiveLib.cplz...
2017/8/11 18:15:44, Info: Saving project information...
2017/8/11 18:15:48, Info: Validating assembly D:\ILive\Project\YueQing\YQSmart\YQSmart\YQSmart\bin\Debug\YQSmart.dll...
2017/8/11 18:15:48, Info: Verifying assembly D:\ILive\Project\YueQing\YQSmart\YQSmart\YQSmart\bin\Debug\YQSmart.dll
2017/8/11 18:15:48, Info: Creating Archive D:\ILive\Project\YueQing\YQSmart\YQSmart\YQSmart\bin\Debug\YQSmart.cpz...
2017/8/11 18:15:50, Info: Saving project information...
2017/8/11 18:19:01, Info: Terminating SIMPLSharp Services
2017/8/11 18:19:01, Info: Saving project information...
2017/8/11 18:19:01, Info: Terminating SIMPLSharp Services
