2017/8/21 22:10:00, Info: Initializing SIMPLSharp Services...
2017/8/21 22:10:01, Info: ProjectInfo successfully initialized.
2017/8/21 22:10:02, Info: Initializing SIMPLSharp Services...
2017/8/21 22:10:02, Info: ProjectInfo successfully initialized.
2017/8/21 22:34:55, Info: Saving project information...
2017/8/21 22:34:55, Info: Saving project information...
2017/8/21 22:34:55, Info: Saving project information...
2017/8/21 22:39:29, Info: Saving project information...
2017/8/21 22:39:29, Info: Saving project information...
2017/8/21 22:39:29, Info: Saving project information...
2017/8/21 22:39:29, Info: Saving project information...
2017/8/21 22:39:29, Info: Saving project information...
2017/8/21 22:39:29, Info: Saving project information...
2017/8/21 22:39:33, Info: Validating assembly D:\ILive\Project\Common\ILiveLib\bin\Release\ILiveLib.dll...
2017/8/21 22:45:07, Info: Validating assembly D:\ILive\Project\Common\ILiveLib\bin\Release\ILiveLib.dll...
2017/8/21 22:45:08, Info: Verifying assembly D:\ILive\Project\Common\ILiveLib\bin\Release\ILiveLib.dll
2017/8/21 22:45:08, Info: Creating Archive D:\ILive\Project\Common\ILiveLib\bin\Release\ILiveLib.cplz...
2017/8/21 22:45:08, Info: Saving project information...
2017/8/21 22:45:15, Info: Validating assembly D:\ILive\Project\Common\ILiveLib\bin\Release\ILiveLib.dll...
2017/8/21 22:45:16, Info: Verifying assembly D:\ILive\Project\Common\ILiveLib\bin\Release\ILiveLib.dll
2017/8/21 22:45:16, Info: Creating Archive D:\ILive\Project\Common\ILiveLib\bin\Release\ILiveLib.cplz...
2017/8/21 22:45:16, Info: Saving project information...
2017/8/21 22:45:31, Info: Validating assembly D:\ILive\Project\Common\ILiveLib\bin\Release\ILiveLib.dll...
2017/8/21 22:45:31, Info: Verifying assembly D:\ILive\Project\Common\ILiveLib\bin\Release\ILiveLib.dll
2017/8/21 22:45:31, Info: Creating Archive D:\ILive\Project\Common\ILiveLib\bin\Release\ILiveLib.cplz...
2017/8/21 22:45:31, Info: Saving project information...
2017/8/21 22:45:54, Info: Validating assembly D:\ILive\Project\Common\ILiveLib\bin\Release\ILiveLib.dll...
2017/8/21 22:45:55, Info: Verifying assembly D:\ILive\Project\Common\ILiveLib\bin\Release\ILiveLib.dll
2017/8/21 22:45:55, Info: Creating Archive D:\ILive\Project\Common\ILiveLib\bin\Release\ILiveLib.cplz...
2017/8/21 22:45:55, Info: Saving project information...
2017/8/21 22:46:03, Info: Validating assembly D:\ILive\Project\Common\ILiveLib\bin\Release\ILiveLib.dll...
2017/8/21 22:46:04, Info: Verifying assembly D:\ILive\Project\Common\ILiveLib\bin\Release\ILiveLib.dll
2017/8/21 22:46:04, Info: Creating Archive D:\ILive\Project\Common\ILiveLib\bin\Release\ILiveLib.cplz...
2017/8/21 22:46:04, Info: Saving project information...
2017/8/21 23:06:45, Info: Validating assembly D:\ILive\Project\Common\ILiveLib\bin\Release\ILiveLib.dll...
2017/8/21 23:06:46, Info: Verifying assembly D:\ILive\Project\Common\ILiveLib\bin\Release\ILiveLib.dll
2017/8/21 23:06:46, Info: Creating Archive D:\ILive\Project\Common\ILiveLib\bin\Release\ILiveLib.cplz...
2017/8/21 23:06:46, Info: Saving project information...
2017/8/21 23:08:18, Info: Terminating SIMPLSharp Services
2017/8/21 23:08:18, Info: Saving project information...
2017/8/21 23:08:18, Info: Terminating SIMPLSharp Services
