2017/8/22 10:56:55, Info: Initializing SIMPLSharp Services...
2017/8/22 10:56:55, Info: ProjectInfo successfully initialized.
2017/8/22 10:56:56, Info: Initializing SIMPLSharp Services...
2017/8/22 10:56:56, Info: ProjectInfo successfully initialized.
2017/8/22 11:03:35, Info: Initializing SIMPLSharp Services...
2017/8/22 11:03:35, Info: ProjectInfo successfully initialized.
2017/8/22 11:06:55, Info: Validating assembly D:\ILive\Project\Common\ILiveLib\bin\Debug\ILiveLib.dll...
2017/8/22 11:06:55, Info: Verifying assembly D:\ILive\Project\Common\ILiveLib\bin\Debug\ILiveLib.dll
2017/8/22 11:06:56, Info: Creating Archive D:\ILive\Project\Common\ILiveLib\bin\Debug\ILiveLib.cplz...
2017/8/22 11:06:56, Info: Saving project information...
2017/8/22 11:07:05, Info: Validating assembly D:\ILive\Project\Common\ILiveLib\bin\Debug\ILiveLib.dll...
2017/8/22 11:07:05, Info: Verifying assembly D:\ILive\Project\Common\ILiveLib\bin\Debug\ILiveLib.dll
2017/8/22 11:07:06, Info: Creating Archive D:\ILive\Project\Common\ILiveLib\bin\Debug\ILiveLib.cplz...
2017/8/22 11:07:06, Info: Saving project information...
2017/8/22 11:07:09, Info: Validating assembly D:\ILive\Project\YueQing\YQSmart\YQSmart\YQSmart\bin\Debug\YQSmart.dll...
2017/8/22 11:07:10, Info: Verifying assembly D:\ILive\Project\YueQing\YQSmart\YQSmart\YQSmart\bin\Debug\YQSmart.dll
2017/8/22 11:07:10, Info: Creating Archive D:\ILive\Project\YueQing\YQSmart\YQSmart\YQSmart\bin\Debug\YQSmart.cpz...
2017/8/22 11:07:11, Info: Saving project information...
2017/8/22 13:21:03, Info: Validating assembly D:\ILive\Project\Common\ILiveLib\bin\Debug\ILiveLib.dll...
2017/8/22 13:21:04, Info: Verifying assembly D:\ILive\Project\Common\ILiveLib\bin\Debug\ILiveLib.dll
2017/8/22 13:21:04, Info: Creating Archive D:\ILive\Project\Common\ILiveLib\bin\Debug\ILiveLib.cplz...
2017/8/22 13:21:04, Info: Saving project information...
2017/8/22 13:21:06, Info: Validating assembly D:\ILive\Project\YueQing\YQSmart\YQSmart\YQSmart\bin\Debug\YQSmart.dll...
2017/8/22 13:21:07, Info: Verifying assembly D:\ILive\Project\YueQing\YQSmart\YQSmart\YQSmart\bin\Debug\YQSmart.dll
2017/8/22 13:21:07, Info: Creating Archive D:\ILive\Project\YueQing\YQSmart\YQSmart\YQSmart\bin\Debug\YQSmart.cpz...
2017/8/22 13:21:08, Info: Saving project information...
2017/8/22 13:22:01, Info: Validating assembly D:\ILive\Project\Common\ILiveLib\bin\Debug\ILiveLib.dll...
2017/8/22 13:22:02, Info: Verifying assembly D:\ILive\Project\Common\ILiveLib\bin\Debug\ILiveLib.dll
2017/8/22 13:22:02, Info: Creating Archive D:\ILive\Project\Common\ILiveLib\bin\Debug\ILiveLib.cplz...
2017/8/22 13:22:02, Info: Saving project information...
2017/8/22 13:22:04, Info: Validating assembly D:\ILive\Project\YueQing\YQSmart\YQSmart\YQSmart\bin\Debug\YQSmart.dll...
2017/8/22 13:22:05, Info: Verifying assembly D:\ILive\Project\YueQing\YQSmart\YQSmart\YQSmart\bin\Debug\YQSmart.dll
2017/8/22 13:22:05, Info: Creating Archive D:\ILive\Project\YueQing\YQSmart\YQSmart\YQSmart\bin\Debug\YQSmart.cpz...
2017/8/22 13:22:06, Info: Saving project information...
2017/8/22 13:23:17, Info: Validating assembly D:\ILive\Project\Common\ILiveLib\bin\Debug\ILiveLib.dll...
2017/8/22 13:23:18, Info: Verifying assembly D:\ILive\Project\Common\ILiveLib\bin\Debug\ILiveLib.dll
2017/8/22 13:23:18, Info: Creating Archive D:\ILive\Project\Common\ILiveLib\bin\Debug\ILiveLib.cplz...
2017/8/22 13:23:18, Info: Saving project information...
2017/8/22 13:23:20, Info: Validating assembly D:\ILive\Project\YueQing\YQSmart\YQSmart\YQSmart\bin\Debug\YQSmart.dll...
2017/8/22 13:23:21, Info: Verifying assembly D:\ILive\Project\YueQing\YQSmart\YQSmart\YQSmart\bin\Debug\YQSmart.dll
2017/8/22 13:23:21, Info: Creating Archive D:\ILive\Project\YueQing\YQSmart\YQSmart\YQSmart\bin\Debug\YQSmart.cpz...
2017/8/22 13:23:22, Info: Saving project information...
2017/8/22 17:03:15, Info: Terminating SIMPLSharp Services
2017/8/22 17:03:15, Info: Saving project information...
2017/8/22 17:03:15, Info: Terminating SIMPLSharp Services
2017/8/22 17:03:15, Info: Saving project information...
2017/8/22 17:03:15, Info: Terminating SIMPLSharp Services
