2017/8/10 14:08:34, Info: Initializing SIMPLSharp Services...
2017/8/10 14:08:34, Info: ProjectInfo successfully initialized.
2017/8/10 14:08:35, Info: Initializing SIMPLSharp Services...
2017/8/10 14:08:35, Info: ProjectInfo successfully initialized.
2017/8/10 14:39:16, Info: Validating assembly D:\ILive\Project\Common\ILiveLib\bin\Debug\ILiveLib.dll...
2017/8/10 14:39:17, Info: Verifying assembly D:\ILive\Project\Common\ILiveLib\bin\Debug\ILiveLib.dll
2017/8/10 14:39:17, Info: Creating Archive D:\ILive\Project\Common\ILiveLib\bin\Debug\ILiveLib.cplz...
2017/8/10 14:39:17, Info: Saving project information...
2017/8/10 14:39:32, Info: Validating assembly D:\ILive\Project\Common\ILiveLib\bin\Debug\ILiveLib.dll...
2017/8/10 14:39:32, Info: Verifying assembly D:\ILive\Project\Common\ILiveLib\bin\Debug\ILiveLib.dll
2017/8/10 14:39:32, Info: Creating Archive D:\ILive\Project\Common\ILiveLib\bin\Debug\ILiveLib.cplz...
2017/8/10 14:39:33, Info: Saving project information...
2017/8/10 14:40:53, Info: Validating assembly D:\ILive\Project\Common\ILiveLib\bin\Debug\ILiveLib.dll...
2017/8/10 14:40:54, Info: Verifying assembly D:\ILive\Project\Common\ILiveLib\bin\Debug\ILiveLib.dll
2017/8/10 14:40:54, Info: Creating Archive D:\ILive\Project\Common\ILiveLib\bin\Debug\ILiveLib.cplz...
2017/8/10 14:40:54, Info: Saving project information...
2017/8/10 14:41:24, Info: Validating assembly D:\ILive\Project\Common\ILiveLib\bin\Debug\ILiveLib.dll...
2017/8/10 14:41:24, Info: Verifying assembly D:\ILive\Project\Common\ILiveLib\bin\Debug\ILiveLib.dll
2017/8/10 14:41:24, Info: Creating Archive D:\ILive\Project\Common\ILiveLib\bin\Debug\ILiveLib.cplz...
2017/8/10 14:41:24, Info: Saving project information...
2017/8/10 14:41:29, Info: Validating assembly D:\ILive\Project\YueQing\YQSmart\YQSmart\YQSmart\bin\Debug\YQSmart.dll...
2017/8/10 14:41:29, Info: Verifying assembly D:\ILive\Project\YueQing\YQSmart\YQSmart\YQSmart\bin\Debug\YQSmart.dll
2017/8/10 14:41:29, Info: Creating Archive D:\ILive\Project\YueQing\YQSmart\YQSmart\YQSmart\bin\Debug\YQSmart.cpz...
2017/8/10 14:41:31, Info: Saving project information...
2017/8/10 14:48:07, Info: Validating assembly D:\ILive\Project\Common\ILiveLib\bin\Debug\ILiveLib.dll...
2017/8/10 14:48:07, Info: Verifying assembly D:\ILive\Project\Common\ILiveLib\bin\Debug\ILiveLib.dll
2017/8/10 14:48:07, Info: Creating Archive D:\ILive\Project\Common\ILiveLib\bin\Debug\ILiveLib.cplz...
2017/8/10 14:48:08, Info: Saving project information...
2017/8/10 14:48:11, Info: Validating assembly D:\ILive\Project\YueQing\YQSmart\YQSmart\YQSmart\bin\Debug\YQSmart.dll...
2017/8/10 14:48:11, Info: Verifying assembly D:\ILive\Project\YueQing\YQSmart\YQSmart\YQSmart\bin\Debug\YQSmart.dll
2017/8/10 14:48:11, Info: Creating Archive D:\ILive\Project\YueQing\YQSmart\YQSmart\YQSmart\bin\Debug\YQSmart.cpz...
2017/8/10 14:48:13, Info: Saving project information...
2017/8/10 14:52:22, Info: Validating assembly D:\ILive\Project\Common\ILiveLib\bin\Debug\ILiveLib.dll...
2017/8/10 14:52:23, Info: Verifying assembly D:\ILive\Project\Common\ILiveLib\bin\Debug\ILiveLib.dll
2017/8/10 14:52:23, Info: Creating Archive D:\ILive\Project\Common\ILiveLib\bin\Debug\ILiveLib.cplz...
2017/8/10 14:52:23, Info: Saving project information...
2017/8/10 14:52:26, Info: Validating assembly D:\ILive\Project\YueQing\YQSmart\YQSmart\YQSmart\bin\Debug\YQSmart.dll...
2017/8/10 14:52:27, Info: Verifying assembly D:\ILive\Project\YueQing\YQSmart\YQSmart\YQSmart\bin\Debug\YQSmart.dll
2017/8/10 14:52:27, Info: Creating Archive D:\ILive\Project\YueQing\YQSmart\YQSmart\YQSmart\bin\Debug\YQSmart.cpz...
2017/8/10 14:52:28, Info: Saving project information...
2017/8/10 14:53:44, Info: Validating assembly D:\ILive\Project\Common\ILiveLib\bin\Debug\ILiveLib.dll...
2017/8/10 14:53:44, Info: Verifying assembly D:\ILive\Project\Common\ILiveLib\bin\Debug\ILiveLib.dll
2017/8/10 14:53:44, Info: Creating Archive D:\ILive\Project\Common\ILiveLib\bin\Debug\ILiveLib.cplz...
2017/8/10 14:53:45, Info: Saving project information...
2017/8/10 14:53:48, Info: Validating assembly D:\ILive\Project\YueQing\YQSmart\YQSmart\YQSmart\bin\Debug\YQSmart.dll...
2017/8/10 14:53:48, Info: Verifying assembly D:\ILive\Project\YueQing\YQSmart\YQSmart\YQSmart\bin\Debug\YQSmart.dll
2017/8/10 14:53:49, Info: Creating Archive D:\ILive\Project\YueQing\YQSmart\YQSmart\YQSmart\bin\Debug\YQSmart.cpz...
2017/8/10 14:53:50, Info: Saving project information...
2017/8/10 15:08:29, Info: Saving project information...
2017/8/10 15:08:29, Info: Saving project information...
2017/8/10 15:08:29, Info: Saving project information...
2017/8/10 15:13:29, Info: Saving project information...
2017/8/10 15:13:30, Info: Saving project information...
2017/8/10 15:13:30, Info: Saving project information...
2017/8/10 15:18:29, Info: Saving project information...
2017/8/10 15:18:30, Info: Saving project information...
2017/8/10 15:18:30, Info: Saving project information...
2017/8/10 15:23:29, Info: Saving project information...
2017/8/10 15:23:29, Info: Saving project information...
2017/8/10 15:23:29, Info: Saving project information...
2017/8/10 15:28:29, Info: Saving project information...
2017/8/10 15:28:29, Info: Saving project information...
2017/8/10 15:28:29, Info: Saving project information...
2017/8/10 15:33:29, Info: Saving project information...
2017/8/10 15:33:30, Info: Saving project information...
2017/8/10 15:33:30, Info: Saving project information...
2017/8/10 15:37:03, Info: Saving project information...
2017/8/10 15:37:03, Info: Saving project information...
2017/8/10 15:37:03, Info: Saving project information...
2017/8/10 15:37:03, Info: Saving project information...
2017/8/10 15:37:03, Info: Saving project information...
2017/8/10 15:37:03, Info: Saving project information...
2017/8/10 15:37:06, Info: Validating assembly D:\ILive\Project\Common\ILiveLib\bin\Debug\ILiveLib.dll...
2017/8/10 15:37:07, Info: Verifying assembly D:\ILive\Project\Common\ILiveLib\bin\Debug\ILiveLib.dll
2017/8/10 15:37:07, Info: Creating Archive D:\ILive\Project\Common\ILiveLib\bin\Debug\ILiveLib.cplz...
2017/8/10 15:37:07, Info: Saving project information...
2017/8/10 15:38:13, Info: Validating assembly D:\ILive\Project\Common\ILiveLib\bin\Debug\ILiveLib.dll...
2017/8/10 15:38:13, Info: Verifying assembly D:\ILive\Project\Common\ILiveLib\bin\Debug\ILiveLib.dll
2017/8/10 15:38:13, Info: Creating Archive D:\ILive\Project\Common\ILiveLib\bin\Debug\ILiveLib.cplz...
2017/8/10 15:38:14, Info: Saving project information...
2017/8/10 15:38:17, Info: Validating assembly D:\ILive\Project\YueQing\YQSmart\YQSmart\YQSmart\bin\Debug\YQSmart.dll...
2017/8/10 15:38:18, Info: Verifying assembly D:\ILive\Project\YueQing\YQSmart\YQSmart\YQSmart\bin\Debug\YQSmart.dll
2017/8/10 15:38:18, Info: Creating Archive D:\ILive\Project\YueQing\YQSmart\YQSmart\YQSmart\bin\Debug\YQSmart.cpz...
2017/8/10 15:38:19, Info: Saving project information...
2017/8/10 15:41:46, Info: Validating assembly D:\ILive\Project\Common\ILiveLib\bin\Debug\ILiveLib.dll...
2017/8/10 15:41:47, Info: Verifying assembly D:\ILive\Project\Common\ILiveLib\bin\Debug\ILiveLib.dll
2017/8/10 15:41:47, Info: Creating Archive D:\ILive\Project\Common\ILiveLib\bin\Debug\ILiveLib.cplz...
2017/8/10 15:41:47, Info: Saving project information...
2017/8/10 15:41:51, Info: Validating assembly D:\ILive\Project\YueQing\YQSmart\YQSmart\YQSmart\bin\Debug\YQSmart.dll...
2017/8/10 15:41:51, Info: Verifying assembly D:\ILive\Project\YueQing\YQSmart\YQSmart\YQSmart\bin\Debug\YQSmart.dll
2017/8/10 15:41:51, Info: Creating Archive D:\ILive\Project\YueQing\YQSmart\YQSmart\YQSmart\bin\Debug\YQSmart.cpz...
2017/8/10 15:41:52, Info: Saving project information...
2017/8/10 15:51:04, Info: Validating assembly D:\ILive\Project\Common\ILiveLib\bin\Debug\ILiveLib.dll...
2017/8/10 15:51:04, Info: Verifying assembly D:\ILive\Project\Common\ILiveLib\bin\Debug\ILiveLib.dll
2017/8/10 15:51:04, Info: Creating Archive D:\ILive\Project\Common\ILiveLib\bin\Debug\ILiveLib.cplz...
2017/8/10 15:51:05, Info: Saving project information...
2017/8/10 15:51:08, Info: Validating assembly D:\ILive\Project\YueQing\YQSmart\YQSmart\YQSmart\bin\Debug\YQSmart.dll...
2017/8/10 15:51:08, Info: Verifying assembly D:\ILive\Project\YueQing\YQSmart\YQSmart\YQSmart\bin\Debug\YQSmart.dll
2017/8/10 15:51:09, Info: Creating Archive D:\ILive\Project\YueQing\YQSmart\YQSmart\YQSmart\bin\Debug\YQSmart.cpz...
2017/8/10 15:51:10, Info: Saving project information...
2017/8/10 15:55:21, Info: Validating assembly D:\ILive\Project\Common\ILiveLib\bin\Debug\ILiveLib.dll...
2017/8/10 15:55:22, Info: Verifying assembly D:\ILive\Project\Common\ILiveLib\bin\Debug\ILiveLib.dll
2017/8/10 15:55:22, Info: Creating Archive D:\ILive\Project\Common\ILiveLib\bin\Debug\ILiveLib.cplz...
2017/8/10 15:55:22, Info: Saving project information...
2017/8/10 15:55:26, Info: Validating assembly D:\ILive\Project\YueQing\YQSmart\YQSmart\YQSmart\bin\Debug\YQSmart.dll...
2017/8/10 15:55:26, Info: Verifying assembly D:\ILive\Project\YueQing\YQSmart\YQSmart\YQSmart\bin\Debug\YQSmart.dll
2017/8/10 15:55:27, Info: Creating Archive D:\ILive\Project\YueQing\YQSmart\YQSmart\YQSmart\bin\Debug\YQSmart.cpz...
2017/8/10 15:55:28, Info: Saving project information...
2017/8/10 16:00:21, Info: Validating assembly D:\ILive\Project\Common\ILiveLib\bin\Debug\ILiveLib.dll...
2017/8/10 16:00:22, Info: Verifying assembly D:\ILive\Project\Common\ILiveLib\bin\Debug\ILiveLib.dll
2017/8/10 16:00:22, Info: Creating Archive D:\ILive\Project\Common\ILiveLib\bin\Debug\ILiveLib.cplz...
2017/8/10 16:00:22, Info: Saving project information...
2017/8/10 16:00:26, Info: Validating assembly D:\ILive\Project\YueQing\YQSmart\YQSmart\YQSmart\bin\Debug\YQSmart.dll...
2017/8/10 16:00:27, Info: Verifying assembly D:\ILive\Project\YueQing\YQSmart\YQSmart\YQSmart\bin\Debug\YQSmart.dll
2017/8/10 16:00:27, Info: Creating Archive D:\ILive\Project\YueQing\YQSmart\YQSmart\YQSmart\bin\Debug\YQSmart.cpz...
2017/8/10 16:00:28, Info: Saving project information...
2017/8/10 16:03:25, Info: Validating assembly D:\ILive\Project\Common\ILiveLib\bin\Debug\ILiveLib.dll...
2017/8/10 16:03:26, Info: Verifying assembly D:\ILive\Project\Common\ILiveLib\bin\Debug\ILiveLib.dll
2017/8/10 16:03:26, Info: Creating Archive D:\ILive\Project\Common\ILiveLib\bin\Debug\ILiveLib.cplz...
2017/8/10 16:03:26, Info: Saving project information...
2017/8/10 16:03:29, Info: Validating assembly D:\ILive\Project\YueQing\YQSmart\YQSmart\YQSmart\bin\Debug\YQSmart.dll...
2017/8/10 16:03:30, Info: Verifying assembly D:\ILive\Project\YueQing\YQSmart\YQSmart\YQSmart\bin\Debug\YQSmart.dll
2017/8/10 16:03:30, Info: Creating Archive D:\ILive\Project\YueQing\YQSmart\YQSmart\YQSmart\bin\Debug\YQSmart.cpz...
2017/8/10 16:03:31, Info: Saving project information...
2017/8/10 16:31:13, Info: Validating assembly D:\ILive\Project\Common\ILiveLib\bin\Debug\ILiveLib.dll...
2017/8/10 16:31:14, Info: Verifying assembly D:\ILive\Project\Common\ILiveLib\bin\Debug\ILiveLib.dll
2017/8/10 16:31:14, Info: Creating Archive D:\ILive\Project\Common\ILiveLib\bin\Debug\ILiveLib.cplz...
2017/8/10 16:31:14, Info: Saving project information...
2017/8/10 16:31:18, Info: Validating assembly D:\ILive\Project\YueQing\YQSmart\YQSmart\YQSmart\bin\Debug\YQSmart.dll...
2017/8/10 16:31:18, Info: Verifying assembly D:\ILive\Project\YueQing\YQSmart\YQSmart\YQSmart\bin\Debug\YQSmart.dll
2017/8/10 16:31:18, Info: Creating Archive D:\ILive\Project\YueQing\YQSmart\YQSmart\YQSmart\bin\Debug\YQSmart.cpz...
2017/8/10 16:31:19, Info: Saving project information...
2017/8/10 16:39:56, Info: Validating assembly D:\ILive\Project\Common\ILiveLib\bin\Debug\ILiveLib.dll...
2017/8/10 16:39:57, Info: Verifying assembly D:\ILive\Project\Common\ILiveLib\bin\Debug\ILiveLib.dll
2017/8/10 16:39:57, Info: Creating Archive D:\ILive\Project\Common\ILiveLib\bin\Debug\ILiveLib.cplz...
2017/8/10 16:39:57, Info: Saving project information...
2017/8/10 16:40:01, Info: Validating assembly D:\ILive\Project\YueQing\YQSmart\YQSmart\YQSmart\bin\Debug\YQSmart.dll...
2017/8/10 16:40:01, Info: Verifying assembly D:\ILive\Project\YueQing\YQSmart\YQSmart\YQSmart\bin\Debug\YQSmart.dll
2017/8/10 16:40:01, Info: Creating Archive D:\ILive\Project\YueQing\YQSmart\YQSmart\YQSmart\bin\Debug\YQSmart.cpz...
2017/8/10 16:40:03, Info: Saving project information...
2017/8/10 16:41:35, Info: Validating assembly D:\ILive\Project\Common\ILiveLib\bin\Debug\ILiveLib.dll...
2017/8/10 16:41:35, Info: Verifying assembly D:\ILive\Project\Common\ILiveLib\bin\Debug\ILiveLib.dll
2017/8/10 16:41:35, Info: Creating Archive D:\ILive\Project\Common\ILiveLib\bin\Debug\ILiveLib.cplz...
2017/8/10 16:41:36, Info: Saving project information...
2017/8/10 16:41:39, Info: Validating assembly D:\ILive\Project\YueQing\YQSmart\YQSmart\YQSmart\bin\Debug\YQSmart.dll...
2017/8/10 16:41:40, Info: Verifying assembly D:\ILive\Project\YueQing\YQSmart\YQSmart\YQSmart\bin\Debug\YQSmart.dll
2017/8/10 16:41:40, Info: Creating Archive D:\ILive\Project\YueQing\YQSmart\YQSmart\YQSmart\bin\Debug\YQSmart.cpz...
2017/8/10 16:41:41, Info: Saving project information...
2017/8/10 16:48:14, Info: Validating assembly D:\ILive\Project\Common\ILiveLib\bin\Debug\ILiveLib.dll...
2017/8/10 16:48:14, Info: Verifying assembly D:\ILive\Project\Common\ILiveLib\bin\Debug\ILiveLib.dll
2017/8/10 16:48:15, Info: Creating Archive D:\ILive\Project\Common\ILiveLib\bin\Debug\ILiveLib.cplz...
2017/8/10 16:48:16, Info: Saving project information...
2017/8/10 16:48:20, Info: Validating assembly D:\ILive\Project\YueQing\YQSmart\YQSmart\YQSmart\bin\Debug\YQSmart.dll...
2017/8/10 16:48:21, Info: Verifying assembly D:\ILive\Project\YueQing\YQSmart\YQSmart\YQSmart\bin\Debug\YQSmart.dll
2017/8/10 16:48:21, Info: Creating Archive D:\ILive\Project\YueQing\YQSmart\YQSmart\YQSmart\bin\Debug\YQSmart.cpz...
2017/8/10 16:48:23, Info: Saving project information...
2017/8/10 16:52:33, Info: Validating assembly D:\ILive\Project\Common\ILiveLib\bin\Debug\ILiveLib.dll...
2017/8/10 16:52:33, Info: Verifying assembly D:\ILive\Project\Common\ILiveLib\bin\Debug\ILiveLib.dll
2017/8/10 16:52:33, Info: Creating Archive D:\ILive\Project\Common\ILiveLib\bin\Debug\ILiveLib.cplz...
2017/8/10 16:52:34, Info: Saving project information...
2017/8/10 16:52:38, Info: Validating assembly D:\ILive\Project\YueQing\YQSmart\YQSmart\YQSmart\bin\Debug\YQSmart.dll...
2017/8/10 16:52:38, Info: Verifying assembly D:\ILive\Project\YueQing\YQSmart\YQSmart\YQSmart\bin\Debug\YQSmart.dll
2017/8/10 16:52:38, Info: Creating Archive D:\ILive\Project\YueQing\YQSmart\YQSmart\YQSmart\bin\Debug\YQSmart.cpz...
2017/8/10 16:52:39, Info: Saving project information...
2017/8/10 17:06:48, Info: Validating assembly D:\ILive\Project\Common\ILiveLib\bin\Debug\ILiveLib.dll...
2017/8/10 17:06:49, Info: Verifying assembly D:\ILive\Project\Common\ILiveLib\bin\Debug\ILiveLib.dll
2017/8/10 17:06:49, Info: Creating Archive D:\ILive\Project\Common\ILiveLib\bin\Debug\ILiveLib.cplz...
2017/8/10 17:06:49, Info: Saving project information...
2017/8/10 17:06:53, Info: Validating assembly D:\ILive\Project\YueQing\YQSmart\YQSmart\YQSmart\bin\Debug\YQSmart.dll...
2017/8/10 17:06:53, Info: Verifying assembly D:\ILive\Project\YueQing\YQSmart\YQSmart\YQSmart\bin\Debug\YQSmart.dll
2017/8/10 17:06:54, Info: Creating Archive D:\ILive\Project\YueQing\YQSmart\YQSmart\YQSmart\bin\Debug\YQSmart.cpz...
2017/8/10 17:06:55, Info: Saving project information...
2017/8/10 17:09:52, Info: Validating assembly D:\ILive\Project\Common\ILiveLib\bin\Debug\ILiveLib.dll...
2017/8/10 17:09:53, Info: Verifying assembly D:\ILive\Project\Common\ILiveLib\bin\Debug\ILiveLib.dll
2017/8/10 17:09:53, Info: Creating Archive D:\ILive\Project\Common\ILiveLib\bin\Debug\ILiveLib.cplz...
2017/8/10 17:09:53, Info: Saving project information...
2017/8/10 17:10:12, Info: Validating assembly D:\ILive\Project\Common\ILiveLib\bin\Debug\ILiveLib.dll...
2017/8/10 17:10:12, Info: Verifying assembly D:\ILive\Project\Common\ILiveLib\bin\Debug\ILiveLib.dll
2017/8/10 17:10:12, Info: Creating Archive D:\ILive\Project\Common\ILiveLib\bin\Debug\ILiveLib.cplz...
2017/8/10 17:10:13, Info: Saving project information...
2017/8/10 17:10:16, Info: Validating assembly D:\ILive\Project\YueQing\YQSmart\YQSmart\YQSmart\bin\Debug\YQSmart.dll...
2017/8/10 17:10:17, Info: Verifying assembly D:\ILive\Project\YueQing\YQSmart\YQSmart\YQSmart\bin\Debug\YQSmart.dll
2017/8/10 17:10:17, Info: Creating Archive D:\ILive\Project\YueQing\YQSmart\YQSmart\YQSmart\bin\Debug\YQSmart.cpz...
2017/8/10 17:10:18, Info: Saving project information...
2017/8/10 17:14:22, Info: Validating assembly D:\ILive\Project\Common\ILiveLib\bin\Debug\ILiveLib.dll...
2017/8/10 17:14:22, Info: Verifying assembly D:\ILive\Project\Common\ILiveLib\bin\Debug\ILiveLib.dll
2017/8/10 17:14:22, Info: Creating Archive D:\ILive\Project\Common\ILiveLib\bin\Debug\ILiveLib.cplz...
2017/8/10 17:14:22, Info: Saving project information...
2017/8/10 17:14:26, Info: Validating assembly D:\ILive\Project\YueQing\YQSmart\YQSmart\YQSmart\bin\Debug\YQSmart.dll...
2017/8/10 17:14:27, Info: Verifying assembly D:\ILive\Project\YueQing\YQSmart\YQSmart\YQSmart\bin\Debug\YQSmart.dll
2017/8/10 17:14:27, Info: Creating Archive D:\ILive\Project\YueQing\YQSmart\YQSmart\YQSmart\bin\Debug\YQSmart.cpz...
2017/8/10 17:14:28, Info: Saving project information...
2017/8/10 17:18:29, Info: Saving project information...
2017/8/10 17:18:29, Info: Saving project information...
2017/8/10 17:18:29, Info: Saving project information...
2017/8/10 17:20:19, Info: Saving project information...
2017/8/10 17:20:19, Info: Saving project information...
2017/8/10 17:20:19, Info: Saving project information...
2017/8/10 17:20:19, Info: Saving project information...
2017/8/10 17:20:19, Info: Saving project information...
2017/8/10 17:20:19, Info: Saving project information...
2017/8/10 17:20:22, Info: Validating assembly D:\ILive\Project\Common\ILiveLib\bin\Debug\ILiveLib.dll...
2017/8/10 17:20:23, Info: Verifying assembly D:\ILive\Project\Common\ILiveLib\bin\Debug\ILiveLib.dll
2017/8/10 17:20:23, Info: Creating Archive D:\ILive\Project\Common\ILiveLib\bin\Debug\ILiveLib.cplz...
2017/8/10 17:20:23, Info: Saving project information...
2017/8/10 17:20:49, Info: Validating assembly D:\ILive\Project\Common\ILiveLib\bin\Debug\ILiveLib.dll...
2017/8/10 17:20:50, Info: Verifying assembly D:\ILive\Project\Common\ILiveLib\bin\Debug\ILiveLib.dll
2017/8/10 17:20:50, Info: Creating Archive D:\ILive\Project\Common\ILiveLib\bin\Debug\ILiveLib.cplz...
2017/8/10 17:20:50, Info: Saving project information...
2017/8/10 17:21:53, Info: Validating assembly D:\ILive\Project\Common\ILiveLib\bin\Debug\ILiveLib.dll...
2017/8/10 17:21:54, Info: Verifying assembly D:\ILive\Project\Common\ILiveLib\bin\Debug\ILiveLib.dll
2017/8/10 17:21:54, Info: Creating Archive D:\ILive\Project\Common\ILiveLib\bin\Debug\ILiveLib.cplz...
2017/8/10 17:21:54, Info: Saving project information...
2017/8/10 17:22:30, Info: Validating assembly D:\ILive\Project\Common\ILiveLib\bin\Debug\ILiveLib.dll...
2017/8/10 17:22:30, Info: Verifying assembly D:\ILive\Project\Common\ILiveLib\bin\Debug\ILiveLib.dll
2017/8/10 17:22:31, Info: Creating Archive D:\ILive\Project\Common\ILiveLib\bin\Debug\ILiveLib.cplz...
2017/8/10 17:22:31, Info: Saving project information...
2017/8/10 17:22:35, Info: Validating assembly D:\ILive\Project\YueQing\YQSmart\YQSmart\YQSmart\bin\Debug\YQSmart.dll...
2017/8/10 17:22:35, Info: Verifying assembly D:\ILive\Project\YueQing\YQSmart\YQSmart\YQSmart\bin\Debug\YQSmart.dll
2017/8/10 17:22:35, Info: Creating Archive D:\ILive\Project\YueQing\YQSmart\YQSmart\YQSmart\bin\Debug\YQSmart.cpz...
2017/8/10 17:22:36, Info: Saving project information...
2017/8/10 17:27:00, Info: Validating assembly D:\ILive\Project\Common\ILiveLib\bin\Debug\ILiveLib.dll...
2017/8/10 17:27:00, Info: Verifying assembly D:\ILive\Project\Common\ILiveLib\bin\Debug\ILiveLib.dll
2017/8/10 17:27:00, Info: Creating Archive D:\ILive\Project\Common\ILiveLib\bin\Debug\ILiveLib.cplz...
2017/8/10 17:27:00, Info: Saving project information...
2017/8/10 17:27:04, Info: Validating assembly D:\ILive\Project\YueQing\YQSmart\YQSmart\YQSmart\bin\Debug\YQSmart.dll...
2017/8/10 17:27:05, Info: Verifying assembly D:\ILive\Project\YueQing\YQSmart\YQSmart\YQSmart\bin\Debug\YQSmart.dll
2017/8/10 17:27:05, Info: Creating Archive D:\ILive\Project\YueQing\YQSmart\YQSmart\YQSmart\bin\Debug\YQSmart.cpz...
2017/8/10 17:27:06, Info: Saving project information...
2017/8/10 17:39:05, Info: Validating assembly D:\ILive\Project\Common\ILiveLib\bin\Debug\ILiveLib.dll...
2017/8/10 17:39:05, Info: Verifying assembly D:\ILive\Project\Common\ILiveLib\bin\Debug\ILiveLib.dll
2017/8/10 17:39:05, Info: Creating Archive D:\ILive\Project\Common\ILiveLib\bin\Debug\ILiveLib.cplz...
2017/8/10 17:39:05, Info: Saving project information...
2017/8/10 17:39:09, Info: Validating assembly D:\ILive\Project\YueQing\YQSmart\YQSmart\YQSmart\bin\Debug\YQSmart.dll...
2017/8/10 17:39:10, Info: Verifying assembly D:\ILive\Project\YueQing\YQSmart\YQSmart\YQSmart\bin\Debug\YQSmart.dll
2017/8/10 17:39:10, Info: Creating Archive D:\ILive\Project\YueQing\YQSmart\YQSmart\YQSmart\bin\Debug\YQSmart.cpz...
2017/8/10 17:39:11, Info: Saving project information...
2017/8/10 17:42:14, Info: Validating assembly D:\ILive\Project\Common\ILiveLib\bin\Debug\ILiveLib.dll...
2017/8/10 17:42:15, Info: Verifying assembly D:\ILive\Project\Common\ILiveLib\bin\Debug\ILiveLib.dll
2017/8/10 17:42:15, Info: Creating Archive D:\ILive\Project\Common\ILiveLib\bin\Debug\ILiveLib.cplz...
2017/8/10 17:42:15, Info: Saving project information...
2017/8/10 17:42:19, Info: Validating assembly D:\ILive\Project\YueQing\YQSmart\YQSmart\YQSmart\bin\Debug\YQSmart.dll...
2017/8/10 17:42:19, Info: Verifying assembly D:\ILive\Project\YueQing\YQSmart\YQSmart\YQSmart\bin\Debug\YQSmart.dll
2017/8/10 17:42:19, Info: Creating Archive D:\ILive\Project\YueQing\YQSmart\YQSmart\YQSmart\bin\Debug\YQSmart.cpz...
2017/8/10 17:42:20, Info: Saving project information...
2017/8/10 17:43:36, Info: Validating assembly D:\ILive\Project\Common\ILiveLib\bin\Debug\ILiveLib.dll...
2017/8/10 17:43:36, Info: Verifying assembly D:\ILive\Project\Common\ILiveLib\bin\Debug\ILiveLib.dll
2017/8/10 17:43:36, Info: Creating Archive D:\ILive\Project\Common\ILiveLib\bin\Debug\ILiveLib.cplz...
2017/8/10 17:43:37, Info: Saving project information...
2017/8/10 17:43:40, Info: Validating assembly D:\ILive\Project\YueQing\YQSmart\YQSmart\YQSmart\bin\Debug\YQSmart.dll...
2017/8/10 17:43:40, Info: Verifying assembly D:\ILive\Project\YueQing\YQSmart\YQSmart\YQSmart\bin\Debug\YQSmart.dll
2017/8/10 17:43:41, Info: Creating Archive D:\ILive\Project\YueQing\YQSmart\YQSmart\YQSmart\bin\Debug\YQSmart.cpz...
2017/8/10 17:43:42, Info: Saving project information...
2017/8/10 17:58:20, Info: Validating assembly D:\ILive\Project\Common\ILiveLib\bin\Debug\ILiveLib.dll...
2017/8/10 17:58:20, Info: Verifying assembly D:\ILive\Project\Common\ILiveLib\bin\Debug\ILiveLib.dll
2017/8/10 17:58:21, Info: Creating Archive D:\ILive\Project\Common\ILiveLib\bin\Debug\ILiveLib.cplz...
2017/8/10 17:58:21, Info: Saving project information...
2017/8/10 17:58:24, Info: Validating assembly D:\ILive\Project\YueQing\YQSmart\YQSmart\YQSmart\bin\Debug\YQSmart.dll...
2017/8/10 17:58:25, Info: Verifying assembly D:\ILive\Project\YueQing\YQSmart\YQSmart\YQSmart\bin\Debug\YQSmart.dll
2017/8/10 17:58:25, Info: Creating Archive D:\ILive\Project\YueQing\YQSmart\YQSmart\YQSmart\bin\Debug\YQSmart.cpz...
2017/8/10 17:58:26, Info: Saving project information...
2017/8/10 18:01:49, Info: Validating assembly D:\ILive\Project\Common\ILiveLib\bin\Debug\ILiveLib.dll...
2017/8/10 18:01:49, Info: Verifying assembly D:\ILive\Project\Common\ILiveLib\bin\Debug\ILiveLib.dll
2017/8/10 18:01:49, Info: Creating Archive D:\ILive\Project\Common\ILiveLib\bin\Debug\ILiveLib.cplz...
2017/8/10 18:01:49, Info: Saving project information...
2017/8/10 18:01:53, Info: Validating assembly D:\ILive\Project\YueQing\YQSmart\YQSmart\YQSmart\bin\Debug\YQSmart.dll...
2017/8/10 18:01:53, Info: Verifying assembly D:\ILive\Project\YueQing\YQSmart\YQSmart\YQSmart\bin\Debug\YQSmart.dll
2017/8/10 18:01:53, Info: Creating Archive D:\ILive\Project\YueQing\YQSmart\YQSmart\YQSmart\bin\Debug\YQSmart.cpz...
2017/8/10 18:01:55, Info: Saving project information...
2017/8/10 18:08:58, Info: Validating assembly D:\ILive\Project\Common\ILiveLib\bin\Debug\ILiveLib.dll...
2017/8/10 18:08:59, Info: Verifying assembly D:\ILive\Project\Common\ILiveLib\bin\Debug\ILiveLib.dll
2017/8/10 18:08:59, Info: Creating Archive D:\ILive\Project\Common\ILiveLib\bin\Debug\ILiveLib.cplz...
2017/8/10 18:08:59, Info: Saving project information...
2017/8/10 18:09:03, Info: Validating assembly D:\ILive\Project\YueQing\YQSmart\YQSmart\YQSmart\bin\Debug\YQSmart.dll...
2017/8/10 18:09:03, Info: Verifying assembly D:\ILive\Project\YueQing\YQSmart\YQSmart\YQSmart\bin\Debug\YQSmart.dll
2017/8/10 18:09:03, Info: Creating Archive D:\ILive\Project\YueQing\YQSmart\YQSmart\YQSmart\bin\Debug\YQSmart.cpz...
2017/8/10 18:09:05, Info: Saving project information...
2017/8/10 18:14:36, Info: Validating assembly D:\ILive\Project\Common\ILiveLib\bin\Debug\ILiveLib.dll...
2017/8/10 18:14:37, Info: Verifying assembly D:\ILive\Project\Common\ILiveLib\bin\Debug\ILiveLib.dll
2017/8/10 18:14:37, Info: Creating Archive D:\ILive\Project\Common\ILiveLib\bin\Debug\ILiveLib.cplz...
2017/8/10 18:14:37, Info: Saving project information...
2017/8/10 18:15:53, Info: Terminating SIMPLSharp Services
2017/8/10 18:15:53, Info: Saving project information...
2017/8/10 18:15:53, Info: Terminating SIMPLSharp Services
