2017/7/28 13:35:51, Info: Initializing SIMPLSharp Services...
2017/7/28 13:35:51, Info: ProjectInfo successfully initialized.
2017/7/28 13:35:52, Info: Initializing SIMPLSharp Services...
2017/7/28 13:35:52, Info: ProjectInfo successfully initialized.
2017/7/28 13:40:46, Info: Saving project information...
2017/7/28 13:40:47, Info: Saving project information...
2017/7/28 13:40:47, Info: Saving project information...
2017/7/28 13:40:47, Info: Saving project information...
2017/7/28 13:40:47, Info: Saving project information...
2017/7/28 13:40:47, Info: Saving project information...
2017/7/28 13:45:46, Info: Saving project information...
2017/7/28 13:45:47, Info: Saving project information...
2017/7/28 13:45:47, Info: Saving project information...
2017/7/28 13:45:47, Info: Saving project information...
2017/7/28 13:45:47, Info: Saving project information...
2017/7/28 13:45:47, Info: Saving project information...
2017/7/28 13:50:46, Info: Saving project information...
2017/7/28 13:50:46, Info: Saving project information...
2017/7/28 13:50:46, Info: Saving project information...
2017/7/28 13:50:46, Info: Saving project information...
2017/7/28 13:50:46, Info: Saving project information...
2017/7/28 13:50:46, Info: Saving project information...
2017/7/28 13:54:14, Info: Saving project information...
2017/7/28 13:54:14, Info: Saving project information...
2017/7/28 13:54:14, Info: Saving project information...
2017/7/28 13:54:14, Info: Saving project information...
2017/7/28 13:54:14, Info: Saving project information...
2017/7/28 13:54:14, Info: Saving project information...
2017/7/28 13:54:14, Info: Saving project information...
2017/7/28 13:54:14, Info: Saving project information...
2017/7/28 13:54:14, Info: Saving project information...
2017/7/28 13:54:14, Info: Saving project information...
2017/7/28 13:54:14, Info: Saving project information...
2017/7/28 13:54:14, Info: Saving project information...
2017/7/28 13:54:18, Info: Validating assembly D:\ILive\Project\K097QiaoTouChen\src\ChenSmart\ILiveLib\bin\Release\ILiveLib.dll...
2017/7/28 13:54:19, Info: Verifying assembly D:\ILive\Project\K097QiaoTouChen\src\ChenSmart\ILiveLib\bin\Release\ILiveLib.dll
2017/7/28 13:54:19, Info: Creating Archive D:\ILive\Project\K097QiaoTouChen\src\ChenSmart\ILiveLib\bin\Release\ILiveLib.cplz...
2017/7/28 13:54:19, Info: Saving project information...
2017/7/28 13:54:23, Info: Validating assembly D:\ILive\Project\K097QiaoTouChen\src\ChenSmart\ChenSmart\bin\Release\ChenSmart.dll...
2017/7/28 13:54:24, Info: Verifying assembly D:\ILive\Project\K097QiaoTouChen\src\ChenSmart\ChenSmart\bin\Release\ChenSmart.dll
2017/7/28 13:54:24, Info: Creating Archive D:\ILive\Project\K097QiaoTouChen\src\ChenSmart\ChenSmart\bin\Release\ChenSmart.cpz...
2017/7/28 13:54:25, Info: Saving project information...
2017/7/28 14:08:10, Info: Validating assembly D:\ILive\Project\K097QiaoTouChen\src\ChenSmart\ILiveLib\bin\Release\ILiveLib.dll...
2017/7/28 14:08:10, Info: Verifying assembly D:\ILive\Project\K097QiaoTouChen\src\ChenSmart\ILiveLib\bin\Release\ILiveLib.dll
2017/7/28 14:08:10, Info: Creating Archive D:\ILive\Project\K097QiaoTouChen\src\ChenSmart\ILiveLib\bin\Release\ILiveLib.cplz...
2017/7/28 14:08:10, Info: Saving project information...
2017/7/28 14:08:15, Info: Validating assembly D:\ILive\Project\K097QiaoTouChen\src\ChenSmart\ChenSmart\bin\Release\ChenSmart.dll...
2017/7/28 14:08:15, Info: Verifying assembly D:\ILive\Project\K097QiaoTouChen\src\ChenSmart\ChenSmart\bin\Release\ChenSmart.dll
2017/7/28 14:08:15, Info: Creating Archive D:\ILive\Project\K097QiaoTouChen\src\ChenSmart\ChenSmart\bin\Release\ChenSmart.cpz...
2017/7/28 14:08:16, Info: Saving project information...
2017/7/28 14:08:25, Info: Validating assembly D:\ILive\Project\K097QiaoTouChen\src\ChenSmart\ILiveLib\bin\Release\ILiveLib.dll...
2017/7/28 14:08:26, Info: Verifying assembly D:\ILive\Project\K097QiaoTouChen\src\ChenSmart\ILiveLib\bin\Release\ILiveLib.dll
2017/7/28 14:08:26, Info: Creating Archive D:\ILive\Project\K097QiaoTouChen\src\ChenSmart\ILiveLib\bin\Release\ILiveLib.cplz...
2017/7/28 14:08:26, Info: Saving project information...
2017/7/28 14:08:29, Info: Validating assembly D:\ILive\Project\K097QiaoTouChen\src\ChenSmart\ChenSmart\bin\Release\ChenSmart.dll...
2017/7/28 14:08:30, Info: Verifying assembly D:\ILive\Project\K097QiaoTouChen\src\ChenSmart\ChenSmart\bin\Release\ChenSmart.dll
2017/7/28 14:08:30, Info: Creating Archive D:\ILive\Project\K097QiaoTouChen\src\ChenSmart\ChenSmart\bin\Release\ChenSmart.cpz...
2017/7/28 14:08:31, Info: Saving project information...
2017/7/28 15:59:00, Info: Validating assembly D:\ILive\Project\K097QiaoTouChen\src\ChenSmart\ILiveLib\bin\Release\ILiveLib.dll...
2017/7/28 15:59:00, Info: Verifying assembly D:\ILive\Project\K097QiaoTouChen\src\ChenSmart\ILiveLib\bin\Release\ILiveLib.dll
2017/7/28 15:59:00, Info: Creating Archive D:\ILive\Project\K097QiaoTouChen\src\ChenSmart\ILiveLib\bin\Release\ILiveLib.cplz...
2017/7/28 15:59:01, Info: Saving project information...
2017/7/28 15:59:05, Info: Validating assembly D:\ILive\Project\K097QiaoTouChen\src\ChenSmart\ChenSmart\bin\Release\ChenSmart.dll...
2017/7/28 15:59:06, Info: Verifying assembly D:\ILive\Project\K097QiaoTouChen\src\ChenSmart\ChenSmart\bin\Release\ChenSmart.dll
2017/7/28 15:59:06, Info: Creating Archive D:\ILive\Project\K097QiaoTouChen\src\ChenSmart\ChenSmart\bin\Release\ChenSmart.cpz...
2017/7/28 15:59:07, Info: Saving project information...
2017/7/28 16:01:13, Info: Validating assembly D:\ILive\Project\K097QiaoTouChen\src\ChenSmart\ILiveLib\bin\Release\ILiveLib.dll...
2017/7/28 16:01:14, Info: Verifying assembly D:\ILive\Project\K097QiaoTouChen\src\ChenSmart\ILiveLib\bin\Release\ILiveLib.dll
2017/7/28 16:01:14, Info: Creating Archive D:\ILive\Project\K097QiaoTouChen\src\ChenSmart\ILiveLib\bin\Release\ILiveLib.cplz...
2017/7/28 16:01:14, Info: Saving project information...
2017/7/28 16:01:18, Info: Validating assembly D:\ILive\Project\K097QiaoTouChen\src\ChenSmart\ChenSmart\bin\Release\ChenSmart.dll...
2017/7/28 16:01:18, Info: Verifying assembly D:\ILive\Project\K097QiaoTouChen\src\ChenSmart\ChenSmart\bin\Release\ChenSmart.dll
2017/7/28 16:01:18, Info: Creating Archive D:\ILive\Project\K097QiaoTouChen\src\ChenSmart\ChenSmart\bin\Release\ChenSmart.cpz...
2017/7/28 16:01:19, Info: Saving project information...
2017/7/28 17:06:07, Info: Validating assembly D:\ILive\Project\K097QiaoTouChen\src\ChenSmart\ILiveLib\bin\Release\ILiveLib.dll...
2017/7/28 17:06:07, Info: Verifying assembly D:\ILive\Project\K097QiaoTouChen\src\ChenSmart\ILiveLib\bin\Release\ILiveLib.dll
2017/7/28 17:06:07, Info: Creating Archive D:\ILive\Project\K097QiaoTouChen\src\ChenSmart\ILiveLib\bin\Release\ILiveLib.cplz...
2017/7/28 17:06:08, Info: Saving project information...
2017/7/28 17:06:11, Info: Validating assembly D:\ILive\Project\K097QiaoTouChen\src\ChenSmart\ChenSmart\bin\Release\ChenSmart.dll...
2017/7/28 17:06:12, Info: Verifying assembly D:\ILive\Project\K097QiaoTouChen\src\ChenSmart\ChenSmart\bin\Release\ChenSmart.dll
2017/7/28 17:06:12, Info: Creating Archive D:\ILive\Project\K097QiaoTouChen\src\ChenSmart\ChenSmart\bin\Release\ChenSmart.cpz...
2017/7/28 17:06:13, Info: Saving project information...
2017/7/28 17:06:38, Info: Validating assembly D:\ILive\Project\K097QiaoTouChen\src\ChenSmart\ILiveLib\bin\Release\ILiveLib.dll...
2017/7/28 17:06:38, Info: Verifying assembly D:\ILive\Project\K097QiaoTouChen\src\ChenSmart\ILiveLib\bin\Release\ILiveLib.dll
2017/7/28 17:06:38, Info: Creating Archive D:\ILive\Project\K097QiaoTouChen\src\ChenSmart\ILiveLib\bin\Release\ILiveLib.cplz...
2017/7/28 17:06:38, Info: Saving project information...
2017/7/28 17:06:42, Info: Validating assembly D:\ILive\Project\K097QiaoTouChen\src\ChenSmart\ChenSmart\bin\Release\ChenSmart.dll...
2017/7/28 17:06:42, Info: Verifying assembly D:\ILive\Project\K097QiaoTouChen\src\ChenSmart\ChenSmart\bin\Release\ChenSmart.dll
2017/7/28 17:06:42, Info: Creating Archive D:\ILive\Project\K097QiaoTouChen\src\ChenSmart\ChenSmart\bin\Release\ChenSmart.cpz...
2017/7/28 17:06:43, Info: Saving project information...
2017/7/28 17:10:46, Info: Saving project information...
2017/7/28 17:10:46, Info: Saving project information...
2017/7/28 17:10:46, Info: Saving project information...
2017/7/28 17:11:53, Info: Saving project information...
2017/7/28 17:11:53, Info: Saving project information...
2017/7/28 17:11:53, Info: Saving project information...
2017/7/28 17:11:53, Info: Saving project information...
2017/7/28 17:11:53, Info: Saving project information...
2017/7/28 17:11:53, Info: Saving project information...
2017/7/28 17:11:56, Info: Validating assembly D:\ILive\Project\K097QiaoTouChen\src\ChenSmart\ILiveLib\bin\Release\ILiveLib.dll...
2017/7/28 17:11:56, Info: Verifying assembly D:\ILive\Project\K097QiaoTouChen\src\ChenSmart\ILiveLib\bin\Release\ILiveLib.dll
2017/7/28 17:11:56, Info: Creating Archive D:\ILive\Project\K097QiaoTouChen\src\ChenSmart\ILiveLib\bin\Release\ILiveLib.cplz...
2017/7/28 17:11:57, Info: Saving project information...
2017/7/28 17:12:38, Info: Validating assembly D:\ILive\Project\K097QiaoTouChen\src\ChenSmart\ILiveLib\bin\Release\ILiveLib.dll...
2017/7/28 17:12:38, Info: Verifying assembly D:\ILive\Project\K097QiaoTouChen\src\ChenSmart\ILiveLib\bin\Release\ILiveLib.dll
2017/7/28 17:12:38, Info: Creating Archive D:\ILive\Project\K097QiaoTouChen\src\ChenSmart\ILiveLib\bin\Release\ILiveLib.cplz...
2017/7/28 17:12:38, Info: Saving project information...
2017/7/28 17:13:39, Info: Validating assembly D:\ILive\Project\K097QiaoTouChen\src\ChenSmart\ILiveLib\bin\Release\ILiveLib.dll...
2017/7/28 17:13:39, Info: Verifying assembly D:\ILive\Project\K097QiaoTouChen\src\ChenSmart\ILiveLib\bin\Release\ILiveLib.dll
2017/7/28 17:13:39, Info: Creating Archive D:\ILive\Project\K097QiaoTouChen\src\ChenSmart\ILiveLib\bin\Release\ILiveLib.cplz...
2017/7/28 17:13:40, Info: Saving project information...
2017/7/28 17:14:34, Info: Validating assembly D:\ILive\Project\K097QiaoTouChen\src\ChenSmart\ILiveLib\bin\Release\ILiveLib.dll...
2017/7/28 17:14:34, Info: Verifying assembly D:\ILive\Project\K097QiaoTouChen\src\ChenSmart\ILiveLib\bin\Release\ILiveLib.dll
2017/7/28 17:14:34, Info: Creating Archive D:\ILive\Project\K097QiaoTouChen\src\ChenSmart\ILiveLib\bin\Release\ILiveLib.cplz...
2017/7/28 17:14:34, Info: Saving project information...
2017/7/28 17:14:38, Info: Validating assembly D:\ILive\Project\K097QiaoTouChen\src\ChenSmart\ChenSmart\bin\Release\ChenSmart.dll...
2017/7/28 17:14:38, Info: Verifying assembly D:\ILive\Project\K097QiaoTouChen\src\ChenSmart\ChenSmart\bin\Release\ChenSmart.dll
2017/7/28 17:14:38, Info: Creating Archive D:\ILive\Project\K097QiaoTouChen\src\ChenSmart\ChenSmart\bin\Release\ChenSmart.cpz...
2017/7/28 17:14:39, Info: Saving project information...
2017/7/28 18:15:39, Info: Terminating SIMPLSharp Services
2017/7/28 18:15:39, Info: Saving project information...
2017/7/28 18:15:39, Info: Terminating SIMPLSharp Services
