2017/8/1 13:40:52, Info: Initializing SIMPLSharp Services...
2017/8/1 13:40:53, Info: ProjectInfo successfully initialized.
2017/8/1 13:40:54, Info: Initializing SIMPLSharp Services...
2017/8/1 13:40:54, Info: ProjectInfo successfully initialized.
2017/8/1 13:42:49, Info: Saving project information...
2017/8/1 13:42:49, Info: Saving project information...
2017/8/1 13:42:49, Info: Saving project information...
2017/8/1 13:42:49, Info: Saving project information...
2017/8/1 13:42:49, Info: Saving project information...
2017/8/1 13:42:49, Info: Saving project information...
2017/8/1 13:42:49, Info: Saving project information...
2017/8/1 13:42:49, Info: Saving project information...
2017/8/1 13:42:49, Info: Saving project information...
2017/8/1 13:42:49, Info: Saving project information...
2017/8/1 13:42:49, Info: Saving project information...
2017/8/1 13:42:49, Info: Saving project information...
2017/8/1 13:42:54, Info: Validating assembly D:\ILive\Project\Common\ILiveLib\bin\Debug\ILiveLib.dll...
2017/8/1 13:42:55, Info: Verifying assembly D:\ILive\Project\Common\ILiveLib\bin\Debug\ILiveLib.dll
2017/8/1 13:42:55, Info: Creating Archive D:\ILive\Project\Common\ILiveLib\bin\Debug\ILiveLib.cplz...
2017/8/1 13:42:56, Info: Saving project information...
2017/8/1 13:42:59, Info: Validating assembly D:\ILive\Project\CQJSSmart\CQJSSmart\bin\Debug\CQJSSmart.dll...
2017/8/1 13:43:00, Info: Verifying assembly D:\ILive\Project\CQJSSmart\CQJSSmart\bin\Debug\CQJSSmart.dll
2017/8/1 13:43:00, Info: Creating Archive D:\ILive\Project\CQJSSmart\CQJSSmart\bin\Debug\CQJSSmart.cpz...
2017/8/1 13:43:01, Info: Saving project information...
2017/8/1 13:56:36, Info: Validating assembly D:\ILive\Project\Common\ILiveLib\bin\Debug\ILiveLib.dll...
2017/8/1 13:56:36, Info: Verifying assembly D:\ILive\Project\Common\ILiveLib\bin\Debug\ILiveLib.dll
2017/8/1 13:56:37, Info: Creating Archive D:\ILive\Project\Common\ILiveLib\bin\Debug\ILiveLib.cplz...
2017/8/1 13:56:37, Info: Saving project information...
2017/8/1 13:56:40, Info: Validating assembly D:\ILive\Project\CQJSSmart\CQJSSmart\bin\Debug\CQJSSmart.dll...
2017/8/1 13:56:41, Info: Verifying assembly D:\ILive\Project\CQJSSmart\CQJSSmart\bin\Debug\CQJSSmart.dll
2017/8/1 13:56:41, Info: Creating Archive D:\ILive\Project\CQJSSmart\CQJSSmart\bin\Debug\CQJSSmart.cpz...
2017/8/1 13:56:42, Info: Saving project information...
2017/8/1 14:00:02, Info: Validating assembly D:\ILive\Project\Common\ILiveLib\bin\Debug\ILiveLib.dll...
2017/8/1 14:00:02, Info: Verifying assembly D:\ILive\Project\Common\ILiveLib\bin\Debug\ILiveLib.dll
2017/8/1 14:00:02, Info: Creating Archive D:\ILive\Project\Common\ILiveLib\bin\Debug\ILiveLib.cplz...
2017/8/1 14:00:02, Info: Saving project information...
2017/8/1 14:00:05, Info: Validating assembly D:\ILive\Project\CQJSSmart\CQJSSmart\bin\Debug\CQJSSmart.dll...
2017/8/1 14:00:06, Info: Verifying assembly D:\ILive\Project\CQJSSmart\CQJSSmart\bin\Debug\CQJSSmart.dll
2017/8/1 14:00:06, Info: Creating Archive D:\ILive\Project\CQJSSmart\CQJSSmart\bin\Debug\CQJSSmart.cpz...
2017/8/1 14:00:07, Info: Saving project information...
2017/8/1 14:00:21, Info: Validating assembly D:\ILive\Project\Common\ILiveLib\bin\Debug\ILiveLib.dll...
2017/8/1 14:00:22, Info: Verifying assembly D:\ILive\Project\Common\ILiveLib\bin\Debug\ILiveLib.dll
2017/8/1 14:00:22, Info: Creating Archive D:\ILive\Project\Common\ILiveLib\bin\Debug\ILiveLib.cplz...
2017/8/1 14:00:22, Info: Saving project information...
2017/8/1 14:00:25, Info: Validating assembly D:\ILive\Project\CQJSSmart\CQJSSmart\bin\Debug\CQJSSmart.dll...
2017/8/1 14:00:26, Info: Verifying assembly D:\ILive\Project\CQJSSmart\CQJSSmart\bin\Debug\CQJSSmart.dll
2017/8/1 14:00:26, Info: Creating Archive D:\ILive\Project\CQJSSmart\CQJSSmart\bin\Debug\CQJSSmart.cpz...
2017/8/1 14:00:27, Info: Saving project information...
2017/8/1 17:31:07, Info: Validating assembly D:\ILive\Project\Common\ILiveLib\bin\Debug\ILiveLib.dll...
2017/8/1 17:31:07, Info: Verifying assembly D:\ILive\Project\Common\ILiveLib\bin\Debug\ILiveLib.dll
2017/8/1 17:31:08, Info: Creating Archive D:\ILive\Project\Common\ILiveLib\bin\Debug\ILiveLib.cplz...
2017/8/1 17:31:08, Info: Saving project information...
2017/8/1 17:31:11, Info: Validating assembly D:\ILive\Project\CQJSSmart\CQJSSmart\bin\Debug\CQJSSmart.dll...
2017/8/1 17:31:11, Info: Verifying assembly D:\ILive\Project\CQJSSmart\CQJSSmart\bin\Debug\CQJSSmart.dll
2017/8/1 17:31:11, Info: Creating Archive D:\ILive\Project\CQJSSmart\CQJSSmart\bin\Debug\CQJSSmart.cpz...
2017/8/1 17:31:13, Info: Saving project information...
2017/8/2 8:33:30, Info: Terminating SIMPLSharp Services
2017/8/2 8:33:30, Info: Saving project information...
2017/8/2 8:33:30, Info: Terminating SIMPLSharp Services
