2017/8/21 22:32:27, Info: Initializing SIMPLSharp Services...
2017/8/21 22:32:28, Info: ProjectInfo successfully initialized.
2017/8/21 22:32:28, Info: Initializing SIMPLSharp Services...
2017/8/21 22:32:28, Info: ProjectInfo successfully initialized.
2017/8/21 23:08:13, Info: Saving project information...
2017/8/21 23:08:13, Info: Saving project information...
2017/8/21 23:08:13, Info: Saving project information...
2017/8/21 23:08:13, Info: Initializing SIMPLSharp Services...
2017/8/21 23:08:13, Info: ProjectInfo successfully initialized.
2017/8/21 23:11:03, Info: Validating assembly D:\ILive\Project\Common\ILiveLib\bin\Release\ILiveLib.dll...
2017/8/21 23:11:03, Info: Verifying assembly D:\ILive\Project\Common\ILiveLib\bin\Release\ILiveLib.dll
2017/8/21 23:11:03, Info: Creating Archive D:\ILive\Project\Common\ILiveLib\bin\Release\ILiveLib.cplz...
2017/8/21 23:11:04, Info: Saving project information...
2017/8/21 23:11:08, Info: Validating assembly D:\ILive\Project\ILiveSmart\src\ILiveSmart\ILiveSmart\bin\Release\ILiveSmart.dll...
2017/8/21 23:11:09, Info: Verifying assembly D:\ILive\Project\ILiveSmart\src\ILiveSmart\ILiveSmart\bin\Release\ILiveSmart.dll
2017/8/21 23:11:09, Info: Creating Archive D:\ILive\Project\ILiveSmart\src\ILiveSmart\ILiveSmart\bin\Release\ILiveSmart.cpz...
2017/8/21 23:11:10, Info: Saving project information...
2017/8/21 23:12:08, Info: Saving project information...
2017/8/21 23:12:08, Info: Saving project information...
2017/8/21 23:12:08, Info: Saving project information...
2017/8/21 23:12:08, Info: Saving project information...
2017/8/21 23:12:08, Info: Saving project information...
2017/8/21 23:12:08, Info: Saving project information...
2017/8/21 23:12:10, Info: Validating assembly D:\ILive\Project\Common\ILiveLib\bin\Release\ILiveLib.dll...
2017/8/21 23:12:11, Info: Verifying assembly D:\ILive\Project\Common\ILiveLib\bin\Release\ILiveLib.dll
2017/8/21 23:12:11, Info: Creating Archive D:\ILive\Project\Common\ILiveLib\bin\Release\ILiveLib.cplz...
2017/8/21 23:12:11, Info: Saving project information...
2017/8/21 23:12:15, Info: Validating assembly D:\ILive\Project\ILiveSmart\src\ILiveSmart\ILiveSmart\bin\Release\ILiveSmart.dll...
2017/8/21 23:12:16, Info: Verifying assembly D:\ILive\Project\ILiveSmart\src\ILiveSmart\ILiveSmart\bin\Release\ILiveSmart.dll
2017/8/21 23:12:16, Info: Creating Archive D:\ILive\Project\ILiveSmart\src\ILiveSmart\ILiveSmart\bin\Release\ILiveSmart.cpz...
2017/8/21 23:12:17, Info: Saving project information...
2017/8/21 23:15:26, Info: Validating assembly D:\ILive\Project\Common\ILiveLib\bin\Release\ILiveLib.dll...
2017/8/21 23:15:26, Info: Verifying assembly D:\ILive\Project\Common\ILiveLib\bin\Release\ILiveLib.dll
2017/8/21 23:15:26, Info: Creating Archive D:\ILive\Project\Common\ILiveLib\bin\Release\ILiveLib.cplz...
2017/8/21 23:15:27, Info: Saving project information...
2017/8/21 23:15:31, Info: Validating assembly D:\ILive\Project\ILiveSmart\src\ILiveSmart\ILiveSmart\bin\Release\ILiveSmart.dll...
2017/8/21 23:15:31, Info: Verifying assembly D:\ILive\Project\ILiveSmart\src\ILiveSmart\ILiveSmart\bin\Release\ILiveSmart.dll
2017/8/21 23:15:31, Info: Creating Archive D:\ILive\Project\ILiveSmart\src\ILiveSmart\ILiveSmart\bin\Release\ILiveSmart.cpz...
2017/8/21 23:15:32, Info: Saving project information...
2017/8/21 23:22:07, Info: Validating assembly D:\ILive\Project\Common\ILiveLib\bin\Release\ILiveLib.dll...
2017/8/21 23:22:07, Info: Verifying assembly D:\ILive\Project\Common\ILiveLib\bin\Release\ILiveLib.dll
2017/8/21 23:22:07, Info: Creating Archive D:\ILive\Project\Common\ILiveLib\bin\Release\ILiveLib.cplz...
2017/8/21 23:22:07, Info: Saving project information...
2017/8/21 23:22:11, Info: Validating assembly D:\ILive\Project\ILiveSmart\src\ILiveSmart\ILiveSmart\bin\Release\ILiveSmart.dll...
2017/8/21 23:22:12, Info: Verifying assembly D:\ILive\Project\ILiveSmart\src\ILiveSmart\ILiveSmart\bin\Release\ILiveSmart.dll
2017/8/21 23:22:12, Info: Creating Archive D:\ILive\Project\ILiveSmart\src\ILiveSmart\ILiveSmart\bin\Release\ILiveSmart.cpz...
2017/8/21 23:22:13, Info: Saving project information...
2017/8/21 23:23:16, Info: Validating assembly D:\ILive\Project\Common\ILiveLib\bin\Release\ILiveLib.dll...
2017/8/21 23:23:16, Info: Verifying assembly D:\ILive\Project\Common\ILiveLib\bin\Release\ILiveLib.dll
2017/8/21 23:23:16, Info: Creating Archive D:\ILive\Project\Common\ILiveLib\bin\Release\ILiveLib.cplz...
2017/8/21 23:23:16, Info: Saving project information...
2017/8/21 23:23:20, Info: Validating assembly D:\ILive\Project\ILiveSmart\src\ILiveSmart\ILiveSmart\bin\Release\ILiveSmart.dll...
2017/8/21 23:23:21, Info: Verifying assembly D:\ILive\Project\ILiveSmart\src\ILiveSmart\ILiveSmart\bin\Release\ILiveSmart.dll
2017/8/21 23:23:21, Info: Creating Archive D:\ILive\Project\ILiveSmart\src\ILiveSmart\ILiveSmart\bin\Release\ILiveSmart.cpz...
2017/8/21 23:23:22, Info: Saving project information...
2017/8/21 23:25:57, Info: Validating assembly D:\ILive\Project\Common\ILiveLib\bin\Release\ILiveLib.dll...
2017/8/21 23:25:58, Info: Verifying assembly D:\ILive\Project\Common\ILiveLib\bin\Release\ILiveLib.dll
2017/8/21 23:25:58, Info: Creating Archive D:\ILive\Project\Common\ILiveLib\bin\Release\ILiveLib.cplz...
2017/8/21 23:25:58, Info: Saving project information...
2017/8/21 23:26:02, Info: Validating assembly D:\ILive\Project\ILiveSmart\src\ILiveSmart\ILiveSmart\bin\Release\ILiveSmart.dll...
2017/8/21 23:26:03, Info: Verifying assembly D:\ILive\Project\ILiveSmart\src\ILiveSmart\ILiveSmart\bin\Release\ILiveSmart.dll
2017/8/21 23:26:03, Info: Creating Archive D:\ILive\Project\ILiveSmart\src\ILiveSmart\ILiveSmart\bin\Release\ILiveSmart.cpz...
2017/8/21 23:26:04, Info: Saving project information...
2017/8/21 23:34:29, Info: Validating assembly D:\ILive\Project\Common\ILiveLib\bin\Release\ILiveLib.dll...
2017/8/21 23:34:29, Info: Verifying assembly D:\ILive\Project\Common\ILiveLib\bin\Release\ILiveLib.dll
2017/8/21 23:34:29, Info: Creating Archive D:\ILive\Project\Common\ILiveLib\bin\Release\ILiveLib.cplz...
2017/8/21 23:34:30, Info: Saving project information...
2017/8/21 23:34:34, Info: Validating assembly D:\ILive\Project\ILiveSmart\src\ILiveSmart\ILiveSmart\bin\Release\ILiveSmart.dll...
2017/8/21 23:34:34, Info: Verifying assembly D:\ILive\Project\ILiveSmart\src\ILiveSmart\ILiveSmart\bin\Release\ILiveSmart.dll
2017/8/21 23:34:34, Info: Creating Archive D:\ILive\Project\ILiveSmart\src\ILiveSmart\ILiveSmart\bin\Release\ILiveSmart.cpz...
2017/8/21 23:34:35, Info: Saving project information...
2017/8/21 23:38:39, Info: Validating assembly D:\ILive\Project\Common\ILiveLib\bin\Release\ILiveLib.dll...
2017/8/21 23:38:40, Info: Verifying assembly D:\ILive\Project\Common\ILiveLib\bin\Release\ILiveLib.dll
2017/8/21 23:38:40, Info: Creating Archive D:\ILive\Project\Common\ILiveLib\bin\Release\ILiveLib.cplz...
2017/8/21 23:38:40, Info: Saving project information...
2017/8/21 23:38:44, Info: Validating assembly D:\ILive\Project\ILiveSmart\src\ILiveSmart\ILiveSmart\bin\Release\ILiveSmart.dll...
2017/8/21 23:38:45, Info: Verifying assembly D:\ILive\Project\ILiveSmart\src\ILiveSmart\ILiveSmart\bin\Release\ILiveSmart.dll
2017/8/21 23:38:45, Info: Creating Archive D:\ILive\Project\ILiveSmart\src\ILiveSmart\ILiveSmart\bin\Release\ILiveSmart.cpz...
2017/8/21 23:38:46, Info: Saving project information...
2017/8/21 23:39:44, Info: Validating assembly D:\ILive\Project\Common\ILiveLib\bin\Release\ILiveLib.dll...
2017/8/21 23:39:44, Info: Verifying assembly D:\ILive\Project\Common\ILiveLib\bin\Release\ILiveLib.dll
2017/8/21 23:39:44, Info: Creating Archive D:\ILive\Project\Common\ILiveLib\bin\Release\ILiveLib.cplz...
2017/8/21 23:39:44, Info: Saving project information...
2017/8/21 23:39:48, Info: Validating assembly D:\ILive\Project\ILiveSmart\src\ILiveSmart\ILiveSmart\bin\Release\ILiveSmart.dll...
2017/8/21 23:39:49, Info: Verifying assembly D:\ILive\Project\ILiveSmart\src\ILiveSmart\ILiveSmart\bin\Release\ILiveSmart.dll
2017/8/21 23:39:49, Info: Creating Archive D:\ILive\Project\ILiveSmart\src\ILiveSmart\ILiveSmart\bin\Release\ILiveSmart.cpz...
2017/8/21 23:39:50, Info: Saving project information...
2017/8/21 23:46:48, Info: Validating assembly D:\ILive\Project\Common\ILiveLib\bin\Release\ILiveLib.dll...
2017/8/21 23:46:48, Info: Verifying assembly D:\ILive\Project\Common\ILiveLib\bin\Release\ILiveLib.dll
2017/8/21 23:46:48, Info: Creating Archive D:\ILive\Project\Common\ILiveLib\bin\Release\ILiveLib.cplz...
2017/8/21 23:46:49, Info: Saving project information...
2017/8/21 23:46:53, Info: Validating assembly D:\ILive\Project\ILiveSmart\src\ILiveSmart\ILiveSmart\bin\Release\ILiveSmart.dll...
2017/8/21 23:46:53, Info: Verifying assembly D:\ILive\Project\ILiveSmart\src\ILiveSmart\ILiveSmart\bin\Release\ILiveSmart.dll
2017/8/21 23:46:53, Info: Creating Archive D:\ILive\Project\ILiveSmart\src\ILiveSmart\ILiveSmart\bin\Release\ILiveSmart.cpz...
2017/8/21 23:46:54, Info: Saving project information...
2017/8/21 23:52:46, Info: Validating assembly D:\ILive\Project\Common\ILiveLib\bin\Release\ILiveLib.dll...
2017/8/21 23:52:46, Info: Verifying assembly D:\ILive\Project\Common\ILiveLib\bin\Release\ILiveLib.dll
2017/8/21 23:52:46, Info: Creating Archive D:\ILive\Project\Common\ILiveLib\bin\Release\ILiveLib.cplz...
2017/8/21 23:52:47, Info: Saving project information...
2017/8/21 23:52:51, Info: Validating assembly D:\ILive\Project\ILiveSmart\src\ILiveSmart\ILiveSmart\bin\Release\ILiveSmart.dll...
2017/8/21 23:52:51, Info: Verifying assembly D:\ILive\Project\ILiveSmart\src\ILiveSmart\ILiveSmart\bin\Release\ILiveSmart.dll
2017/8/21 23:52:51, Info: Creating Archive D:\ILive\Project\ILiveSmart\src\ILiveSmart\ILiveSmart\bin\Release\ILiveSmart.cpz...
2017/8/21 23:52:52, Info: Saving project information...
2017/8/21 23:53:11, Info: Validating assembly D:\ILive\Project\Common\ILiveLib\bin\Release\ILiveLib.dll...
2017/8/21 23:53:11, Info: Verifying assembly D:\ILive\Project\Common\ILiveLib\bin\Release\ILiveLib.dll
2017/8/21 23:53:11, Info: Creating Archive D:\ILive\Project\Common\ILiveLib\bin\Release\ILiveLib.cplz...
2017/8/21 23:53:11, Info: Saving project information...
2017/8/21 23:53:15, Info: Validating assembly D:\ILive\Project\ILiveSmart\src\ILiveSmart\ILiveSmart\bin\Release\ILiveSmart.dll...
2017/8/21 23:53:16, Info: Verifying assembly D:\ILive\Project\ILiveSmart\src\ILiveSmart\ILiveSmart\bin\Release\ILiveSmart.dll
2017/8/21 23:53:16, Info: Creating Archive D:\ILive\Project\ILiveSmart\src\ILiveSmart\ILiveSmart\bin\Release\ILiveSmart.cpz...
2017/8/21 23:53:17, Info: Saving project information...
2017/8/21 23:59:09, Info: Validating assembly D:\ILive\Project\Common\ILiveLib\bin\Release\ILiveLib.dll...
2017/8/21 23:59:09, Info: Verifying assembly D:\ILive\Project\Common\ILiveLib\bin\Release\ILiveLib.dll
2017/8/21 23:59:10, Info: Creating Archive D:\ILive\Project\Common\ILiveLib\bin\Release\ILiveLib.cplz...
2017/8/21 23:59:10, Info: Saving project information...
2017/8/21 23:59:14, Info: Validating assembly D:\ILive\Project\ILiveSmart\src\ILiveSmart\ILiveSmart\bin\Release\ILiveSmart.dll...
2017/8/21 23:59:15, Info: Verifying assembly D:\ILive\Project\ILiveSmart\src\ILiveSmart\ILiveSmart\bin\Release\ILiveSmart.dll
2017/8/21 23:59:15, Info: Creating Archive D:\ILive\Project\ILiveSmart\src\ILiveSmart\ILiveSmart\bin\Release\ILiveSmart.cpz...
2017/8/21 23:59:16, Info: Saving project information...
2017/8/22 0:25:41, Info: Terminating SIMPLSharp Services
2017/8/22 0:25:41, Info: Saving project information...
2017/8/22 0:25:41, Info: Terminating SIMPLSharp Services
2017/8/22 0:25:41, Info: Saving project information...
2017/8/22 0:25:41, Info: Terminating SIMPLSharp Services
