2017/8/12 20:08:43, Info: Initializing SIMPLSharp Services...
2017/8/12 20:08:43, Info: ProjectInfo successfully initialized.
2017/8/12 20:08:44, Info: Initializing SIMPLSharp Services...
2017/8/12 20:08:44, Info: ProjectInfo successfully initialized.
2017/8/12 20:08:53, Info: Saving project information...
2017/8/12 20:08:53, Info: Saving project information...
2017/8/12 20:08:53, Info: Saving project information...
2017/8/12 20:08:53, Info: Saving project information...
2017/8/12 20:08:53, Info: Saving project information...
2017/8/12 20:08:53, Info: Saving project information...
2017/8/12 20:08:53, Info: Saving project information...
2017/8/12 20:08:53, Info: Saving project information...
2017/8/12 20:08:53, Info: Saving project information...
2017/8/12 20:08:53, Info: Saving project information...
2017/8/12 20:08:53, Info: Saving project information...
2017/8/12 20:08:53, Info: Saving project information...
2017/8/12 20:08:56, Info: Validating assembly D:\ILive\Project\Common\ILiveLib\bin\Release\ILiveLib.dll...
2017/8/12 20:08:56, Info: Verifying assembly D:\ILive\Project\Common\ILiveLib\bin\Release\ILiveLib.dll
2017/8/12 20:08:57, Info: Creating Archive D:\ILive\Project\Common\ILiveLib\bin\Release\ILiveLib.cplz...
2017/8/12 20:08:57, Info: Saving project information...
2017/8/12 20:09:03, Info: Validating assembly D:\ILive\Project\ILiveSmart\src\ILiveSmart\ILiveSmart\bin\Release\ILiveSmart.dll...
2017/8/12 20:09:03, Info: Verifying assembly D:\ILive\Project\ILiveSmart\src\ILiveSmart\ILiveSmart\bin\Release\ILiveSmart.dll
2017/8/12 20:09:03, Info: Creating Archive D:\ILive\Project\ILiveSmart\src\ILiveSmart\ILiveSmart\bin\Release\ILiveSmart.cpz...
2017/8/12 20:09:04, Info: Saving project information...
2017/8/12 20:09:08, Info: Validating assembly D:\ILive\Project\Common\ILiveLib\bin\Release\ILiveLib.dll...
2017/8/12 20:09:09, Info: Verifying assembly D:\ILive\Project\Common\ILiveLib\bin\Release\ILiveLib.dll
2017/8/12 20:09:09, Info: Creating Archive D:\ILive\Project\Common\ILiveLib\bin\Release\ILiveLib.cplz...
2017/8/12 20:09:09, Info: Saving project information...
2017/8/12 20:09:13, Info: Validating assembly D:\ILive\Project\ILiveSmart\src\ILiveSmart\ILiveSmart\bin\Release\ILiveSmart.dll...
2017/8/12 20:09:13, Info: Verifying assembly D:\ILive\Project\ILiveSmart\src\ILiveSmart\ILiveSmart\bin\Release\ILiveSmart.dll
2017/8/12 20:09:13, Info: Creating Archive D:\ILive\Project\ILiveSmart\src\ILiveSmart\ILiveSmart\bin\Release\ILiveSmart.cpz...
2017/8/12 20:09:14, Info: Saving project information...
2017/8/12 20:13:02, Info: Validating assembly D:\ILive\Project\Common\ILiveLib\bin\Release\ILiveLib.dll...
2017/8/12 20:13:02, Info: Verifying assembly D:\ILive\Project\Common\ILiveLib\bin\Release\ILiveLib.dll
2017/8/12 20:13:02, Info: Creating Archive D:\ILive\Project\Common\ILiveLib\bin\Release\ILiveLib.cplz...
2017/8/12 20:13:03, Info: Saving project information...
2017/8/12 20:13:06, Info: Validating assembly D:\ILive\Project\ILiveSmart\src\ILiveSmart\ILiveSmart\bin\Release\ILiveSmart.dll...
2017/8/12 20:13:07, Info: Verifying assembly D:\ILive\Project\ILiveSmart\src\ILiveSmart\ILiveSmart\bin\Release\ILiveSmart.dll
2017/8/12 20:13:07, Info: Creating Archive D:\ILive\Project\ILiveSmart\src\ILiveSmart\ILiveSmart\bin\Release\ILiveSmart.cpz...
2017/8/12 20:13:08, Info: Saving project information...
2017/8/12 20:17:36, Info: Validating assembly D:\ILive\Project\Common\ILiveLib\bin\Release\ILiveLib.dll...
2017/8/12 20:17:36, Info: Verifying assembly D:\ILive\Project\Common\ILiveLib\bin\Release\ILiveLib.dll
2017/8/12 20:17:36, Info: Creating Archive D:\ILive\Project\Common\ILiveLib\bin\Release\ILiveLib.cplz...
2017/8/12 20:17:37, Info: Saving project information...
2017/8/12 20:20:46, Info: Validating assembly D:\ILive\Project\Common\ILiveLib\bin\Release\ILiveLib.dll...
2017/8/12 20:20:47, Info: Verifying assembly D:\ILive\Project\Common\ILiveLib\bin\Release\ILiveLib.dll
2017/8/12 20:20:47, Info: Creating Archive D:\ILive\Project\Common\ILiveLib\bin\Release\ILiveLib.cplz...
2017/8/12 20:20:47, Info: Saving project information...
2017/8/12 20:20:51, Info: Validating assembly D:\ILive\Project\ILiveSmart\src\ILiveSmart\ILiveSmart\bin\Release\ILiveSmart.dll...
2017/8/12 20:20:51, Info: Verifying assembly D:\ILive\Project\ILiveSmart\src\ILiveSmart\ILiveSmart\bin\Release\ILiveSmart.dll
2017/8/12 20:20:51, Info: Creating Archive D:\ILive\Project\ILiveSmart\src\ILiveSmart\ILiveSmart\bin\Release\ILiveSmart.cpz...
2017/8/12 20:20:52, Info: Saving project information...
2017/8/12 20:29:57, Info: Validating assembly D:\ILive\Project\Common\ILiveLib\bin\Release\ILiveLib.dll...
2017/8/12 20:29:57, Info: Verifying assembly D:\ILive\Project\Common\ILiveLib\bin\Release\ILiveLib.dll
2017/8/12 20:29:58, Info: Creating Archive D:\ILive\Project\Common\ILiveLib\bin\Release\ILiveLib.cplz...
2017/8/12 20:29:58, Info: Saving project information...
2017/8/12 20:30:01, Info: Validating assembly D:\ILive\Project\ILiveSmart\src\ILiveSmart\ILiveSmart\bin\Release\ILiveSmart.dll...
2017/8/12 20:30:02, Info: Verifying assembly D:\ILive\Project\ILiveSmart\src\ILiveSmart\ILiveSmart\bin\Release\ILiveSmart.dll
2017/8/12 20:30:02, Info: Creating Archive D:\ILive\Project\ILiveSmart\src\ILiveSmart\ILiveSmart\bin\Release\ILiveSmart.cpz...
2017/8/12 20:30:03, Info: Saving project information...
2017/8/12 20:36:27, Info: Validating assembly D:\ILive\Project\Common\ILiveLib\bin\Release\ILiveLib.dll...
2017/8/12 20:36:27, Info: Verifying assembly D:\ILive\Project\Common\ILiveLib\bin\Release\ILiveLib.dll
2017/8/12 20:36:27, Info: Creating Archive D:\ILive\Project\Common\ILiveLib\bin\Release\ILiveLib.cplz...
2017/8/12 20:36:27, Info: Saving project information...
2017/8/12 20:36:31, Info: Validating assembly D:\ILive\Project\ILiveSmart\src\ILiveSmart\ILiveSmart\bin\Release\ILiveSmart.dll...
2017/8/12 20:36:31, Info: Verifying assembly D:\ILive\Project\ILiveSmart\src\ILiveSmart\ILiveSmart\bin\Release\ILiveSmart.dll
2017/8/12 20:36:32, Info: Creating Archive D:\ILive\Project\ILiveSmart\src\ILiveSmart\ILiveSmart\bin\Release\ILiveSmart.cpz...
2017/8/12 20:36:33, Info: Saving project information...
2017/8/12 20:43:25, Info: Validating assembly D:\ILive\Project\Common\ILiveLib\bin\Release\ILiveLib.dll...
2017/8/12 20:43:25, Info: Verifying assembly D:\ILive\Project\Common\ILiveLib\bin\Release\ILiveLib.dll
2017/8/12 20:43:25, Info: Creating Archive D:\ILive\Project\Common\ILiveLib\bin\Release\ILiveLib.cplz...
2017/8/12 20:43:25, Info: Saving project information...
2017/8/12 20:43:29, Info: Validating assembly D:\ILive\Project\ILiveSmart\src\ILiveSmart\ILiveSmart\bin\Release\ILiveSmart.dll...
2017/8/12 20:43:29, Info: Verifying assembly D:\ILive\Project\ILiveSmart\src\ILiveSmart\ILiveSmart\bin\Release\ILiveSmart.dll
2017/8/12 20:43:29, Info: Creating Archive D:\ILive\Project\ILiveSmart\src\ILiveSmart\ILiveSmart\bin\Release\ILiveSmart.cpz...
2017/8/12 20:43:30, Info: Saving project information...
2017/8/12 21:01:26, Info: Validating assembly D:\ILive\Project\Common\ILiveLib\bin\Release\ILiveLib.dll...
2017/8/12 21:01:26, Info: Verifying assembly D:\ILive\Project\Common\ILiveLib\bin\Release\ILiveLib.dll
2017/8/12 21:01:26, Info: Creating Archive D:\ILive\Project\Common\ILiveLib\bin\Release\ILiveLib.cplz...
2017/8/12 21:01:26, Info: Saving project information...
2017/8/12 21:01:30, Info: Validating assembly D:\ILive\Project\ILiveSmart\src\ILiveSmart\ILiveSmart\bin\Release\ILiveSmart.dll...
2017/8/12 21:01:30, Info: Verifying assembly D:\ILive\Project\ILiveSmart\src\ILiveSmart\ILiveSmart\bin\Release\ILiveSmart.dll
2017/8/12 21:01:31, Info: Creating Archive D:\ILive\Project\ILiveSmart\src\ILiveSmart\ILiveSmart\bin\Release\ILiveSmart.cpz...
2017/8/12 21:01:32, Info: Saving project information...
2017/8/12 21:04:10, Info: Validating assembly D:\ILive\Project\Common\ILiveLib\bin\Release\ILiveLib.dll...
2017/8/12 21:04:10, Info: Verifying assembly D:\ILive\Project\Common\ILiveLib\bin\Release\ILiveLib.dll
2017/8/12 21:04:10, Info: Creating Archive D:\ILive\Project\Common\ILiveLib\bin\Release\ILiveLib.cplz...
2017/8/12 21:04:10, Info: Saving project information...
2017/8/12 21:04:14, Info: Validating assembly D:\ILive\Project\ILiveSmart\src\ILiveSmart\ILiveSmart\bin\Release\ILiveSmart.dll...
2017/8/12 21:04:15, Info: Verifying assembly D:\ILive\Project\ILiveSmart\src\ILiveSmart\ILiveSmart\bin\Release\ILiveSmart.dll
2017/8/12 21:04:15, Info: Creating Archive D:\ILive\Project\ILiveSmart\src\ILiveSmart\ILiveSmart\bin\Release\ILiveSmart.cpz...
2017/8/12 21:04:16, Info: Saving project information...
2017/8/12 21:04:49, Info: Validating assembly D:\ILive\Project\Common\ILiveLib\bin\Release\ILiveLib.dll...
2017/8/12 21:04:49, Info: Verifying assembly D:\ILive\Project\Common\ILiveLib\bin\Release\ILiveLib.dll
2017/8/12 21:04:49, Info: Creating Archive D:\ILive\Project\Common\ILiveLib\bin\Release\ILiveLib.cplz...
2017/8/12 21:04:50, Info: Saving project information...
2017/8/12 21:04:53, Info: Validating assembly D:\ILive\Project\ILiveSmart\src\ILiveSmart\ILiveSmart\bin\Release\ILiveSmart.dll...
2017/8/12 21:04:54, Info: Verifying assembly D:\ILive\Project\ILiveSmart\src\ILiveSmart\ILiveSmart\bin\Release\ILiveSmart.dll
2017/8/12 21:04:54, Info: Creating Archive D:\ILive\Project\ILiveSmart\src\ILiveSmart\ILiveSmart\bin\Release\ILiveSmart.cpz...
2017/8/12 21:04:55, Info: Saving project information...
2017/8/12 21:07:10, Info: Validating assembly D:\ILive\Project\Common\ILiveLib\bin\Release\ILiveLib.dll...
2017/8/12 21:07:11, Info: Verifying assembly D:\ILive\Project\Common\ILiveLib\bin\Release\ILiveLib.dll
2017/8/12 21:07:11, Info: Creating Archive D:\ILive\Project\Common\ILiveLib\bin\Release\ILiveLib.cplz...
2017/8/12 21:07:11, Info: Saving project information...
2017/8/12 21:07:15, Info: Validating assembly D:\ILive\Project\ILiveSmart\src\ILiveSmart\ILiveSmart\bin\Release\ILiveSmart.dll...
2017/8/12 21:07:15, Info: Verifying assembly D:\ILive\Project\ILiveSmart\src\ILiveSmart\ILiveSmart\bin\Release\ILiveSmart.dll
2017/8/12 21:07:15, Info: Creating Archive D:\ILive\Project\ILiveSmart\src\ILiveSmart\ILiveSmart\bin\Release\ILiveSmart.cpz...
2017/8/12 21:07:16, Info: Saving project information...
2017/8/12 21:09:16, Info: Validating assembly D:\ILive\Project\Common\ILiveLib\bin\Release\ILiveLib.dll...
2017/8/12 21:09:16, Info: Verifying assembly D:\ILive\Project\Common\ILiveLib\bin\Release\ILiveLib.dll
2017/8/12 21:09:16, Info: Creating Archive D:\ILive\Project\Common\ILiveLib\bin\Release\ILiveLib.cplz...
2017/8/12 21:09:16, Info: Saving project information...
2017/8/12 21:09:20, Info: Validating assembly D:\ILive\Project\ILiveSmart\src\ILiveSmart\ILiveSmart\bin\Release\ILiveSmart.dll...
2017/8/12 21:09:21, Info: Verifying assembly D:\ILive\Project\ILiveSmart\src\ILiveSmart\ILiveSmart\bin\Release\ILiveSmart.dll
2017/8/12 21:09:21, Info: Creating Archive D:\ILive\Project\ILiveSmart\src\ILiveSmart\ILiveSmart\bin\Release\ILiveSmart.cpz...
2017/8/12 21:09:22, Info: Saving project information...
2017/8/12 21:11:27, Info: Validating assembly D:\ILive\Project\Common\ILiveLib\bin\Release\ILiveLib.dll...
2017/8/12 21:11:27, Info: Verifying assembly D:\ILive\Project\Common\ILiveLib\bin\Release\ILiveLib.dll
2017/8/12 21:11:28, Info: Creating Archive D:\ILive\Project\Common\ILiveLib\bin\Release\ILiveLib.cplz...
2017/8/12 21:11:28, Info: Saving project information...
2017/8/12 21:11:32, Info: Validating assembly D:\ILive\Project\ILiveSmart\src\ILiveSmart\ILiveSmart\bin\Release\ILiveSmart.dll...
2017/8/12 21:11:32, Info: Verifying assembly D:\ILive\Project\ILiveSmart\src\ILiveSmart\ILiveSmart\bin\Release\ILiveSmart.dll
2017/8/12 21:11:32, Info: Creating Archive D:\ILive\Project\ILiveSmart\src\ILiveSmart\ILiveSmart\bin\Release\ILiveSmart.cpz...
2017/8/12 21:11:33, Info: Saving project information...
2017/8/12 21:28:27, Info: Validating assembly D:\ILive\Project\Common\ILiveLib\bin\Release\ILiveLib.dll...
2017/8/12 21:28:27, Info: Verifying assembly D:\ILive\Project\Common\ILiveLib\bin\Release\ILiveLib.dll
2017/8/12 21:28:27, Info: Creating Archive D:\ILive\Project\Common\ILiveLib\bin\Release\ILiveLib.cplz...
2017/8/12 21:28:28, Info: Saving project information...
2017/8/12 21:28:31, Info: Validating assembly D:\ILive\Project\ILiveSmart\src\ILiveSmart\ILiveSmart\bin\Release\ILiveSmart.dll...
2017/8/12 21:28:32, Info: Verifying assembly D:\ILive\Project\ILiveSmart\src\ILiveSmart\ILiveSmart\bin\Release\ILiveSmart.dll
2017/8/12 21:28:32, Info: Creating Archive D:\ILive\Project\ILiveSmart\src\ILiveSmart\ILiveSmart\bin\Release\ILiveSmart.cpz...
2017/8/12 21:28:33, Info: Saving project information...
2017/8/12 21:44:20, Info: Validating assembly D:\ILive\Project\Common\ILiveLib\bin\Release\ILiveLib.dll...
2017/8/12 21:44:20, Info: Verifying assembly D:\ILive\Project\Common\ILiveLib\bin\Release\ILiveLib.dll
2017/8/12 21:44:20, Info: Creating Archive D:\ILive\Project\Common\ILiveLib\bin\Release\ILiveLib.cplz...
2017/8/12 21:44:20, Info: Saving project information...
2017/8/12 21:44:24, Info: Validating assembly D:\ILive\Project\ILiveSmart\src\ILiveSmart\ILiveSmart\bin\Release\ILiveSmart.dll...
2017/8/12 21:44:24, Info: Verifying assembly D:\ILive\Project\ILiveSmart\src\ILiveSmart\ILiveSmart\bin\Release\ILiveSmart.dll
2017/8/12 21:44:25, Info: Creating Archive D:\ILive\Project\ILiveSmart\src\ILiveSmart\ILiveSmart\bin\Release\ILiveSmart.cpz...
2017/8/12 21:44:26, Info: Saving project information...
2017/8/12 22:16:13, Info: Validating assembly D:\ILive\Project\Common\ILiveLib\bin\Release\ILiveLib.dll...
2017/8/12 22:16:14, Info: Verifying assembly D:\ILive\Project\Common\ILiveLib\bin\Release\ILiveLib.dll
2017/8/12 22:16:14, Info: Creating Archive D:\ILive\Project\Common\ILiveLib\bin\Release\ILiveLib.cplz...
2017/8/12 22:16:14, Info: Saving project information...
2017/8/12 22:16:18, Info: Validating assembly D:\ILive\Project\ILiveSmart\src\ILiveSmart\ILiveSmart\bin\Release\ILiveSmart.dll...
2017/8/12 22:16:18, Info: Verifying assembly D:\ILive\Project\ILiveSmart\src\ILiveSmart\ILiveSmart\bin\Release\ILiveSmart.dll
2017/8/12 22:16:18, Info: Creating Archive D:\ILive\Project\ILiveSmart\src\ILiveSmart\ILiveSmart\bin\Release\ILiveSmart.cpz...
2017/8/12 22:16:19, Info: Saving project information...
2017/8/12 22:16:36, Info: Validating assembly D:\ILive\Project\Common\ILiveLib\bin\Release\ILiveLib.dll...
2017/8/12 22:16:36, Info: Verifying assembly D:\ILive\Project\Common\ILiveLib\bin\Release\ILiveLib.dll
2017/8/12 22:16:37, Info: Creating Archive D:\ILive\Project\Common\ILiveLib\bin\Release\ILiveLib.cplz...
2017/8/12 22:16:37, Info: Saving project information...
2017/8/12 22:16:43, Info: Validating assembly D:\ILive\Project\ILiveSmart\src\ILiveSmart\ILiveSmart\bin\Release\ILiveSmart.dll...
2017/8/12 22:16:44, Info: Verifying assembly D:\ILive\Project\ILiveSmart\src\ILiveSmart\ILiveSmart\bin\Release\ILiveSmart.dll
2017/8/12 22:16:44, Info: Creating Archive D:\ILive\Project\ILiveSmart\src\ILiveSmart\ILiveSmart\bin\Release\ILiveSmart.cpz...
2017/8/12 22:16:45, Info: Saving project information...
2017/8/12 22:22:24, Info: Validating assembly D:\ILive\Project\Common\ILiveLib\bin\Release\ILiveLib.dll...
2017/8/12 22:22:25, Info: Verifying assembly D:\ILive\Project\Common\ILiveLib\bin\Release\ILiveLib.dll
2017/8/12 22:22:25, Info: Creating Archive D:\ILive\Project\Common\ILiveLib\bin\Release\ILiveLib.cplz...
2017/8/12 22:22:25, Info: Saving project information...
2017/8/12 22:22:29, Info: Validating assembly D:\ILive\Project\ILiveSmart\src\ILiveSmart\ILiveSmart\bin\Release\ILiveSmart.dll...
2017/8/12 22:22:29, Info: Verifying assembly D:\ILive\Project\ILiveSmart\src\ILiveSmart\ILiveSmart\bin\Release\ILiveSmart.dll
2017/8/12 22:22:29, Info: Creating Archive D:\ILive\Project\ILiveSmart\src\ILiveSmart\ILiveSmart\bin\Release\ILiveSmart.cpz...
2017/8/12 22:22:30, Info: Saving project information...
2017/8/12 22:28:21, Info: Validating assembly D:\ILive\Project\Common\ILiveLib\bin\Release\ILiveLib.dll...
2017/8/12 22:28:21, Info: Verifying assembly D:\ILive\Project\Common\ILiveLib\bin\Release\ILiveLib.dll
2017/8/12 22:28:21, Info: Creating Archive D:\ILive\Project\Common\ILiveLib\bin\Release\ILiveLib.cplz...
2017/8/12 22:28:21, Info: Saving project information...
2017/8/12 22:28:25, Info: Validating assembly D:\ILive\Project\ILiveSmart\src\ILiveSmart\ILiveSmart\bin\Release\ILiveSmart.dll...
2017/8/12 22:28:25, Info: Verifying assembly D:\ILive\Project\ILiveSmart\src\ILiveSmart\ILiveSmart\bin\Release\ILiveSmart.dll
2017/8/12 22:28:26, Info: Creating Archive D:\ILive\Project\ILiveSmart\src\ILiveSmart\ILiveSmart\bin\Release\ILiveSmart.cpz...
2017/8/12 22:28:27, Info: Saving project information...
2017/8/12 23:42:42, Info: Validating assembly D:\ILive\Project\Common\ILiveLib\bin\Release\ILiveLib.dll...
2017/8/12 23:42:43, Info: Verifying assembly D:\ILive\Project\Common\ILiveLib\bin\Release\ILiveLib.dll
2017/8/12 23:42:43, Info: Creating Archive D:\ILive\Project\Common\ILiveLib\bin\Release\ILiveLib.cplz...
2017/8/12 23:42:43, Info: Saving project information...
2017/8/12 23:42:50, Info: Validating assembly D:\ILive\Project\ILiveSmart\src\ILiveSmart\ILiveSmart\bin\Release\ILiveSmart.dll...
2017/8/12 23:42:51, Info: Verifying assembly D:\ILive\Project\ILiveSmart\src\ILiveSmart\ILiveSmart\bin\Release\ILiveSmart.dll
2017/8/12 23:42:51, Info: Creating Archive D:\ILive\Project\ILiveSmart\src\ILiveSmart\ILiveSmart\bin\Release\ILiveSmart.cpz...
2017/8/12 23:42:52, Info: Saving project information...
2017/8/12 23:43:06, Info: Terminating SIMPLSharp Services
2017/8/12 23:43:06, Info: Saving project information...
2017/8/12 23:43:06, Info: Terminating SIMPLSharp Services
