2017/7/27 20:57:30, Info: Initializing SIMPLSharp Services...
2017/7/27 20:57:30, Info: ProjectInfo successfully initialized.
2017/7/27 20:57:37, Info: Saving project information...
2017/7/27 20:57:37, Info: Saving project information...
2017/7/27 20:57:37, Info: Saving project information...
2017/7/27 20:57:37, Info: Saving project information...
2017/7/27 20:57:37, Info: Saving project information...
2017/7/27 20:57:37, Info: Saving project information...
2017/7/27 20:57:41, Info: Validating assembly D:\ILive\Project\ChenSmart\ChenSmart\bin\Release\ChenSmart.dll...
2017/7/27 20:57:42, Info: Verifying assembly D:\ILive\Project\ChenSmart\ChenSmart\bin\Release\ChenSmart.dll
2017/7/27 20:57:42, Info: Creating Archive D:\ILive\Project\ChenSmart\ChenSmart\bin\Release\ChenSmart.cpz...
2017/7/27 20:57:43, Info: Saving project information...
2017/7/27 21:01:56, Info: Saving project information...
2017/7/27 21:01:56, Info: Saving project information...
2017/7/27 21:01:56, Info: Saving project information...
2017/7/27 21:01:56, Info: Saving project information...
2017/7/27 21:01:56, Info: Saving project information...
2017/7/27 21:01:56, Info: Saving project information...
2017/7/27 21:02:53, Info: Validating assembly D:\ILive\Project\ChenSmart\ChenSmart\bin\Release\ChenSmart.dll...
2017/7/27 21:02:53, Info: Verifying assembly D:\ILive\Project\ChenSmart\ChenSmart\bin\Release\ChenSmart.dll
2017/7/27 21:02:53, Info: Creating Archive D:\ILive\Project\ChenSmart\ChenSmart\bin\Release\ChenSmart.cpz...
2017/7/27 21:02:54, Info: Saving project information...
2017/7/27 21:08:02, Info: Validating assembly D:\ILive\Project\ChenSmart\ChenSmart\bin\Release\ChenSmart.dll...
2017/7/27 21:08:02, Info: Verifying assembly D:\ILive\Project\ChenSmart\ChenSmart\bin\Release\ChenSmart.dll
2017/7/27 21:08:02, Info: Creating Archive D:\ILive\Project\ChenSmart\ChenSmart\bin\Release\ChenSmart.cpz...
2017/7/27 21:08:03, Info: Saving project information...
2017/7/27 21:08:14, Info: Validating assembly D:\ILive\Project\ChenSmart\ChenSmart\bin\Release\ChenSmart.dll...
2017/7/27 21:08:15, Info: Verifying assembly D:\ILive\Project\ChenSmart\ChenSmart\bin\Release\ChenSmart.dll
2017/7/27 21:08:15, Info: Creating Archive D:\ILive\Project\ChenSmart\ChenSmart\bin\Release\ChenSmart.cpz...
2017/7/27 21:08:15, Info: Saving project information...
2017/7/27 21:10:07, Info: Validating assembly D:\ILive\Project\ChenSmart\ChenSmart\bin\Release\ChenSmart.dll...
2017/7/27 21:10:07, Info: Verifying assembly D:\ILive\Project\ChenSmart\ChenSmart\bin\Release\ChenSmart.dll
2017/7/27 21:10:08, Info: Creating Archive D:\ILive\Project\ChenSmart\ChenSmart\bin\Release\ChenSmart.cpz...
2017/7/27 21:10:08, Info: Saving project information...
2017/7/27 21:10:16, Info: Validating assembly D:\ILive\Project\ChenSmart\ChenSmart\bin\Release\ChenSmart.dll...
2017/7/27 21:10:17, Info: Verifying assembly D:\ILive\Project\ChenSmart\ChenSmart\bin\Release\ChenSmart.dll
2017/7/27 21:10:17, Info: Creating Archive D:\ILive\Project\ChenSmart\ChenSmart\bin\Release\ChenSmart.cpz...
2017/7/27 21:10:17, Info: Saving project information...
2017/7/27 21:11:44, Info: Initializing SIMPLSharp Services...
2017/7/27 21:11:44, Info: ProjectInfo successfully initialized.
2017/7/27 21:12:22, Info: Saving project information...
2017/7/27 21:12:22, Info: Saving project information...
2017/7/27 21:12:22, Info: Saving project information...
2017/7/27 21:12:22, Info: Saving project information...
2017/7/27 21:12:22, Info: Saving project information...
2017/7/27 21:12:22, Info: Saving project information...
2017/7/27 21:14:06, Info: Saving project information...
2017/7/27 21:14:06, Info: Saving project information...
2017/7/27 21:14:06, Info: Saving project information...
2017/7/27 21:14:06, Info: Saving project information...
2017/7/27 21:14:06, Info: Saving project information...
2017/7/27 21:14:06, Info: Saving project information...
2017/7/27 21:14:06, Info: Saving project information...
2017/7/27 21:14:06, Info: Saving project information...
2017/7/27 21:14:06, Info: Saving project information...
2017/7/27 21:14:06, Info: Saving project information...
2017/7/27 21:14:06, Info: Saving project information...
2017/7/27 21:14:06, Info: Saving project information...
2017/7/27 21:14:06, Info: Validating assembly D:\ILive\Project\ChenSmart\ILiveLib\bin\Release\ILiveLib.dll...
2017/7/27 21:14:06, Info: Verifying assembly D:\ILive\Project\ChenSmart\ILiveLib\bin\Release\ILiveLib.dll
2017/7/27 21:14:06, Info: Creating Archive D:\ILive\Project\ChenSmart\ILiveLib\bin\Release\ILiveLib.cplz...
2017/7/27 21:14:06, Info: Saving project information...
2017/7/27 21:14:40, Info: Validating assembly D:\ILive\Project\ChenSmart\ILiveLib\bin\Release\ILiveLib.dll...
2017/7/27 21:14:40, Info: Verifying assembly D:\ILive\Project\ChenSmart\ILiveLib\bin\Release\ILiveLib.dll
2017/7/27 21:14:40, Info: Creating Archive D:\ILive\Project\ChenSmart\ILiveLib\bin\Release\ILiveLib.cplz...
2017/7/27 21:14:40, Info: Saving project information...
2017/7/27 21:14:44, Info: Validating assembly D:\ILive\Project\ChenSmart\ChenSmart\bin\Release\ChenSmart.dll...
2017/7/27 21:14:45, Info: Verifying assembly D:\ILive\Project\ChenSmart\ChenSmart\bin\Release\ChenSmart.dll
2017/7/27 21:14:45, Info: Creating Archive D:\ILive\Project\ChenSmart\ChenSmart\bin\Release\ChenSmart.cpz...
2017/7/27 21:14:45, Info: Saving project information...
2017/7/27 21:17:22, Info: Saving project information...
2017/7/27 21:17:22, Info: Saving project information...
2017/7/27 21:17:22, Info: Saving project information...
2017/7/27 21:18:14, Info: Saving project information...
2017/7/27 21:18:14, Info: Saving project information...
2017/7/27 21:18:14, Info: Saving project information...
2017/7/27 21:18:14, Info: Saving project information...
2017/7/27 21:18:14, Info: Saving project information...
2017/7/27 21:18:14, Info: Saving project information...
2017/7/27 21:18:41, Info: Validating assembly D:\ILive\Project\ChenSmart\ILiveLib\bin\Release\ILiveLib.dll...
2017/7/27 21:18:41, Info: Verifying assembly D:\ILive\Project\ChenSmart\ILiveLib\bin\Release\ILiveLib.dll
2017/7/27 21:18:41, Info: Creating Archive D:\ILive\Project\ChenSmart\ILiveLib\bin\Release\ILiveLib.cplz...
2017/7/27 21:18:41, Info: Saving project information...
2017/7/27 21:18:45, Info: Validating assembly D:\ILive\Project\ChenSmart\ChenSmart\bin\Release\ChenSmart.dll...
2017/7/27 21:18:45, Info: Verifying assembly D:\ILive\Project\ChenSmart\ChenSmart\bin\Release\ChenSmart.dll
2017/7/27 21:18:45, Info: Creating Archive D:\ILive\Project\ChenSmart\ChenSmart\bin\Release\ChenSmart.cpz...
2017/7/27 21:18:46, Info: Saving project information...
2017/7/27 21:18:52, Info: Saving project information...
2017/7/27 21:18:52, Info: Saving project information...
2017/7/27 21:18:52, Info: Saving project information...
2017/7/27 21:18:52, Info: Saving project information...
2017/7/27 21:18:52, Info: Saving project information...
2017/7/27 21:18:52, Info: Saving project information...
2017/7/27 21:18:54, Info: Validating assembly D:\ILive\Project\ChenSmart\ILiveLib\bin\Release\ILiveLib.dll...
2017/7/27 21:18:54, Info: Verifying assembly D:\ILive\Project\ChenSmart\ILiveLib\bin\Release\ILiveLib.dll
2017/7/27 21:18:54, Info: Creating Archive D:\ILive\Project\ChenSmart\ILiveLib\bin\Release\ILiveLib.cplz...
2017/7/27 21:18:54, Info: Saving project information...
2017/7/27 21:19:12, Info: Validating assembly D:\ILive\Project\ChenSmart\ILiveLib\bin\Release\ILiveLib.dll...
2017/7/27 21:19:12, Info: Verifying assembly D:\ILive\Project\ChenSmart\ILiveLib\bin\Release\ILiveLib.dll
2017/7/27 21:19:12, Info: Creating Archive D:\ILive\Project\ChenSmart\ILiveLib\bin\Release\ILiveLib.cplz...
2017/7/27 21:19:12, Info: Saving project information...
2017/7/27 21:19:24, Info: Validating assembly D:\ILive\Project\ChenSmart\ILiveLib\bin\Release\ILiveLib.dll...
2017/7/27 21:19:24, Info: Verifying assembly D:\ILive\Project\ChenSmart\ILiveLib\bin\Release\ILiveLib.dll
2017/7/27 21:19:24, Info: Creating Archive D:\ILive\Project\ChenSmart\ILiveLib\bin\Release\ILiveLib.cplz...
2017/7/27 21:19:24, Info: Saving project information...
2017/7/27 21:19:46, Info: Validating assembly D:\ILive\Project\ChenSmart\ILiveLib\bin\Release\ILiveLib.dll...
2017/7/27 21:19:46, Info: Verifying assembly D:\ILive\Project\ChenSmart\ILiveLib\bin\Release\ILiveLib.dll
2017/7/27 21:19:46, Info: Creating Archive D:\ILive\Project\ChenSmart\ILiveLib\bin\Release\ILiveLib.cplz...
2017/7/27 21:19:46, Info: Saving project information...
2017/7/27 21:19:55, Info: Validating assembly D:\ILive\Project\ChenSmart\ILiveLib\bin\Release\ILiveLib.dll...
2017/7/27 21:19:55, Info: Verifying assembly D:\ILive\Project\ChenSmart\ILiveLib\bin\Release\ILiveLib.dll
2017/7/27 21:19:55, Info: Creating Archive D:\ILive\Project\ChenSmart\ILiveLib\bin\Release\ILiveLib.cplz...
2017/7/27 21:19:55, Info: Saving project information...
2017/7/27 21:19:59, Info: Validating assembly D:\ILive\Project\ChenSmart\ChenSmart\bin\Release\ChenSmart.dll...
2017/7/27 21:19:59, Info: Verifying assembly D:\ILive\Project\ChenSmart\ChenSmart\bin\Release\ChenSmart.dll
2017/7/27 21:19:59, Info: Creating Archive D:\ILive\Project\ChenSmart\ChenSmart\bin\Release\ChenSmart.cpz...
2017/7/27 21:20:00, Info: Saving project information...
2017/7/27 21:20:12, Info: Saving project information...
2017/7/27 21:20:12, Info: Saving project information...
2017/7/27 21:20:12, Info: Saving project information...
2017/7/27 21:20:12, Info: Saving project information...
2017/7/27 21:20:12, Info: Saving project information...
2017/7/27 21:20:12, Info: Saving project information...
2017/7/27 21:20:16, Info: Validating assembly D:\ILive\Project\ChenSmart\ILiveLib\bin\Release\ILiveLib.dll...
2017/7/27 21:20:16, Info: Verifying assembly D:\ILive\Project\ChenSmart\ILiveLib\bin\Release\ILiveLib.dll
2017/7/27 21:20:16, Info: Creating Archive D:\ILive\Project\ChenSmart\ILiveLib\bin\Release\ILiveLib.cplz...
2017/7/27 21:20:16, Info: Saving project information...
2017/7/27 21:20:20, Info: Validating assembly D:\ILive\Project\ChenSmart\ChenSmart\bin\Release\ChenSmart.dll...
2017/7/27 21:20:20, Info: Verifying assembly D:\ILive\Project\ChenSmart\ChenSmart\bin\Release\ChenSmart.dll
2017/7/27 21:20:20, Info: Creating Archive D:\ILive\Project\ChenSmart\ChenSmart\bin\Release\ChenSmart.cpz...
2017/7/27 21:20:21, Info: Saving project information...
2017/7/27 21:21:13, Info: Saving project information...
2017/7/27 21:21:13, Info: Saving project information...
2017/7/27 21:21:13, Info: Saving project information...
2017/7/27 21:21:13, Info: Saving project information...
2017/7/27 21:21:13, Info: Saving project information...
2017/7/27 21:21:13, Info: Saving project information...
2017/7/27 21:21:22, Info: Saving project information...
2017/7/27 21:21:22, Info: Saving project information...
2017/7/27 21:21:22, Info: Saving project information...
2017/7/27 21:21:22, Info: Saving project information...
2017/7/27 21:21:22, Info: Saving project information...
2017/7/27 21:21:22, Info: Saving project information...
2017/7/27 21:21:24, Info: Validating assembly D:\ILive\Project\ChenSmart\ILiveLib\bin\Release\ILiveLib.dll...
2017/7/27 21:21:24, Info: Verifying assembly D:\ILive\Project\ChenSmart\ILiveLib\bin\Release\ILiveLib.dll
2017/7/27 21:21:25, Info: Creating Archive D:\ILive\Project\ChenSmart\ILiveLib\bin\Release\ILiveLib.cplz...
2017/7/27 21:21:25, Info: Saving project information...
2017/7/27 21:21:35, Info: Saving project information...
2017/7/27 21:21:35, Info: Saving project information...
2017/7/27 21:21:35, Info: Saving project information...
2017/7/27 21:21:35, Info: Saving project information...
2017/7/27 21:21:35, Info: Saving project information...
2017/7/27 21:21:35, Info: Saving project information...
2017/7/27 21:21:37, Info: Validating assembly D:\ILive\Project\ChenSmart\ILiveLib\bin\Release\ILiveLib.dll...
2017/7/27 21:21:37, Info: Verifying assembly D:\ILive\Project\ChenSmart\ILiveLib\bin\Release\ILiveLib.dll
2017/7/27 21:21:37, Info: Creating Archive D:\ILive\Project\ChenSmart\ILiveLib\bin\Release\ILiveLib.cplz...
2017/7/27 21:21:38, Info: Saving project information...
2017/7/27 21:22:24, Info: Validating assembly D:\ILive\Project\ChenSmart\ILiveLib\bin\Release\ILiveLib.dll...
2017/7/27 21:22:25, Info: Verifying assembly D:\ILive\Project\ChenSmart\ILiveLib\bin\Release\ILiveLib.dll
2017/7/27 21:22:25, Info: Creating Archive D:\ILive\Project\ChenSmart\ILiveLib\bin\Release\ILiveLib.cplz...
2017/7/27 21:22:25, Info: Saving project information...
2017/7/27 21:22:35, Info: Validating assembly D:\ILive\Project\ChenSmart\ILiveLib\bin\Release\ILiveLib.dll...
2017/7/27 21:22:35, Info: Verifying assembly D:\ILive\Project\ChenSmart\ILiveLib\bin\Release\ILiveLib.dll
2017/7/27 21:22:35, Info: Creating Archive D:\ILive\Project\ChenSmart\ILiveLib\bin\Release\ILiveLib.cplz...
2017/7/27 21:22:35, Info: Saving project information...
2017/7/27 21:22:38, Info: Validating assembly D:\ILive\Project\ChenSmart\ChenSmart\bin\Release\ChenSmart.dll...
2017/7/27 21:22:38, Info: Verifying assembly D:\ILive\Project\ChenSmart\ChenSmart\bin\Release\ChenSmart.dll
2017/7/27 21:22:39, Info: Creating Archive D:\ILive\Project\ChenSmart\ChenSmart\bin\Release\ChenSmart.cpz...
2017/7/27 21:22:39, Info: Saving project information...
2017/7/27 21:22:44, Info: Validating assembly D:\ILive\Project\ChenSmart\ILiveLib\bin\Release\ILiveLib.dll...
2017/7/27 21:22:45, Info: Verifying assembly D:\ILive\Project\ChenSmart\ILiveLib\bin\Release\ILiveLib.dll
2017/7/27 21:22:45, Info: Creating Archive D:\ILive\Project\ChenSmart\ILiveLib\bin\Release\ILiveLib.cplz...
2017/7/27 21:22:45, Info: Saving project information...
2017/7/27 21:22:48, Info: Validating assembly D:\ILive\Project\ChenSmart\ChenSmart\bin\Release\ChenSmart.dll...
2017/7/27 21:22:48, Info: Verifying assembly D:\ILive\Project\ChenSmart\ChenSmart\bin\Release\ChenSmart.dll
2017/7/27 21:22:48, Info: Creating Archive D:\ILive\Project\ChenSmart\ChenSmart\bin\Release\ChenSmart.cpz...
2017/7/27 21:22:49, Info: Saving project information...
2017/7/27 21:44:28, Info: Validating assembly D:\ILive\Project\ChenSmart\ILiveLib\bin\Release\ILiveLib.dll...
2017/7/27 21:44:28, Info: Verifying assembly D:\ILive\Project\ChenSmart\ILiveLib\bin\Release\ILiveLib.dll
2017/7/27 21:44:28, Info: Creating Archive D:\ILive\Project\ChenSmart\ILiveLib\bin\Release\ILiveLib.cplz...
2017/7/27 21:44:28, Info: Saving project information...
2017/7/27 21:44:31, Info: Validating assembly D:\ILive\Project\ChenSmart\ChenSmart\bin\Release\ChenSmart.dll...
2017/7/27 21:44:31, Info: Verifying assembly D:\ILive\Project\ChenSmart\ChenSmart\bin\Release\ChenSmart.dll
2017/7/27 21:44:31, Info: Creating Archive D:\ILive\Project\ChenSmart\ChenSmart\bin\Release\ChenSmart.cpz...
2017/7/27 21:44:32, Info: Saving project information...
2017/7/27 21:47:05, Info: Validating assembly D:\ILive\Project\ChenSmart\ILiveLib\bin\Release\ILiveLib.dll...
2017/7/27 21:47:05, Info: Verifying assembly D:\ILive\Project\ChenSmart\ILiveLib\bin\Release\ILiveLib.dll
2017/7/27 21:47:05, Info: Creating Archive D:\ILive\Project\ChenSmart\ILiveLib\bin\Release\ILiveLib.cplz...
2017/7/27 21:47:06, Info: Saving project information...
2017/7/27 21:47:08, Info: Validating assembly D:\ILive\Project\ChenSmart\ChenSmart\bin\Release\ChenSmart.dll...
2017/7/27 21:47:09, Info: Verifying assembly D:\ILive\Project\ChenSmart\ChenSmart\bin\Release\ChenSmart.dll
2017/7/27 21:47:09, Info: Creating Archive D:\ILive\Project\ChenSmart\ChenSmart\bin\Release\ChenSmart.cpz...
2017/7/27 21:47:09, Info: Saving project information...
2017/7/27 21:51:14, Info: Saving project information...
2017/7/27 21:51:14, Info: Saving project information...
2017/7/27 21:51:14, Info: Saving project information...
2017/7/27 21:51:14, Info: Saving project information...
2017/7/27 21:51:14, Info: Saving project information...
2017/7/27 21:51:14, Info: Saving project information...
2017/7/27 21:51:14, Info: Saving project information...
2017/7/27 21:51:14, Info: Saving project information...
2017/7/27 21:51:14, Info: Saving project information...
2017/7/27 21:51:14, Info: Saving project information...
2017/7/27 21:51:14, Info: Saving project information...
2017/7/27 21:51:14, Info: Saving project information...
2017/7/27 21:52:22, Info: Saving project information...
2017/7/27 21:52:22, Info: Saving project information...
2017/7/27 21:52:22, Info: Saving project information...
2017/7/27 21:52:48, Info: Saving project information...
2017/7/27 21:52:48, Info: Saving project information...
2017/7/27 21:52:48, Info: Saving project information...
2017/7/27 21:52:48, Info: Saving project information...
2017/7/27 21:52:48, Info: Saving project information...
2017/7/27 21:52:48, Info: Saving project information...
2017/7/27 21:52:50, Info: Validating assembly D:\ILive\Project\ChenSmart\ILiveLib\bin\Release\ILiveLib.dll...
2017/7/27 21:52:50, Info: Verifying assembly D:\ILive\Project\ChenSmart\ILiveLib\bin\Release\ILiveLib.dll
2017/7/27 21:52:50, Info: Creating Archive D:\ILive\Project\ChenSmart\ILiveLib\bin\Release\ILiveLib.cplz...
2017/7/27 21:52:51, Info: Saving project information...
2017/7/27 21:52:58, Info: Validating assembly D:\ILive\Project\ChenSmart\ILiveLib\bin\Release\ILiveLib.dll...
2017/7/27 21:52:58, Info: Verifying assembly D:\ILive\Project\ChenSmart\ILiveLib\bin\Release\ILiveLib.dll
2017/7/27 21:52:58, Info: Creating Archive D:\ILive\Project\ChenSmart\ILiveLib\bin\Release\ILiveLib.cplz...
2017/7/27 21:52:58, Info: Saving project information...
2017/7/27 21:53:32, Info: Validating assembly D:\ILive\Project\ChenSmart\ILiveLib\bin\Release\ILiveLib.dll...
2017/7/27 21:53:33, Info: Verifying assembly D:\ILive\Project\ChenSmart\ILiveLib\bin\Release\ILiveLib.dll
2017/7/27 21:53:33, Info: Creating Archive D:\ILive\Project\ChenSmart\ILiveLib\bin\Release\ILiveLib.cplz...
2017/7/27 21:53:33, Info: Saving project information...
2017/7/27 21:54:17, Info: Saving project information...
2017/7/27 21:54:17, Info: Saving project information...
2017/7/27 21:54:17, Info: Saving project information...
2017/7/27 21:54:17, Info: Saving project information...
2017/7/27 21:54:17, Info: Saving project information...
2017/7/27 21:54:17, Info: Saving project information...
2017/7/27 21:54:23, Info: Validating assembly D:\ILive\Project\ChenSmart\ILiveLib\bin\Release\ILiveLib.dll...
2017/7/27 21:54:23, Info: Verifying assembly D:\ILive\Project\ChenSmart\ILiveLib\bin\Release\ILiveLib.dll
2017/7/27 21:54:23, Info: Creating Archive D:\ILive\Project\ChenSmart\ILiveLib\bin\Release\ILiveLib.cplz...
2017/7/27 21:54:23, Info: Saving project information...
2017/7/27 21:54:26, Info: Validating assembly D:\ILive\Project\ChenSmart\ChenSmart\bin\Release\ChenSmart.dll...
2017/7/27 21:54:27, Info: Verifying assembly D:\ILive\Project\ChenSmart\ChenSmart\bin\Release\ChenSmart.dll
2017/7/27 21:54:27, Info: Creating Archive D:\ILive\Project\ChenSmart\ChenSmart\bin\Release\ChenSmart.cpz...
2017/7/27 21:54:28, Info: Saving project information...
2017/7/27 21:54:46, Info: Validating assembly D:\ILive\Project\ChenSmart\ILiveLib\bin\Release\ILiveLib.dll...
2017/7/27 21:54:46, Info: Verifying assembly D:\ILive\Project\ChenSmart\ILiveLib\bin\Release\ILiveLib.dll
2017/7/27 21:54:46, Info: Creating Archive D:\ILive\Project\ChenSmart\ILiveLib\bin\Release\ILiveLib.cplz...
2017/7/27 21:54:46, Info: Saving project information...
2017/7/27 21:54:49, Info: Validating assembly D:\ILive\Project\ChenSmart\ChenSmart\bin\Release\ChenSmart.dll...
2017/7/27 21:54:49, Info: Verifying assembly D:\ILive\Project\ChenSmart\ChenSmart\bin\Release\ChenSmart.dll
2017/7/27 21:54:50, Info: Creating Archive D:\ILive\Project\ChenSmart\ChenSmart\bin\Release\ChenSmart.cpz...
2017/7/27 21:54:51, Info: Saving project information...
2017/7/27 21:59:45, Info: Saving project information...
2017/7/27 21:59:45, Info: Saving project information...
2017/7/27 21:59:45, Info: Saving project information...
2017/7/27 21:59:45, Info: Saving project information...
2017/7/27 21:59:45, Info: Saving project information...
2017/7/27 21:59:45, Info: Saving project information...
2017/7/27 21:59:45, Info: Saving project information...
2017/7/27 21:59:45, Info: Saving project information...
2017/7/27 21:59:45, Info: Saving project information...
2017/7/27 21:59:45, Info: Saving project information...
2017/7/27 21:59:45, Info: Saving project information...
2017/7/27 21:59:45, Info: Saving project information...
2017/7/27 21:59:48, Info: Validating assembly D:\ILive\Project\ChenSmart\ILiveLib\bin\Release\ILiveLib.dll...
2017/7/27 21:59:48, Info: Verifying assembly D:\ILive\Project\ChenSmart\ILiveLib\bin\Release\ILiveLib.dll
2017/7/27 21:59:48, Info: Creating Archive D:\ILive\Project\ChenSmart\ILiveLib\bin\Release\ILiveLib.cplz...
2017/7/27 21:59:49, Info: Saving project information...
2017/7/27 22:00:26, Info: Validating assembly D:\ILive\Project\ChenSmart\ILiveLib\bin\Release\ILiveLib.dll...
2017/7/27 22:00:26, Info: Verifying assembly D:\ILive\Project\ChenSmart\ILiveLib\bin\Release\ILiveLib.dll
2017/7/27 22:00:26, Info: Creating Archive D:\ILive\Project\ChenSmart\ILiveLib\bin\Release\ILiveLib.cplz...
2017/7/27 22:00:26, Info: Saving project information...
2017/7/27 22:00:37, Info: Validating assembly D:\ILive\Project\ChenSmart\ILiveLib\bin\Release\ILiveLib.dll...
2017/7/27 22:00:37, Info: Verifying assembly D:\ILive\Project\ChenSmart\ILiveLib\bin\Release\ILiveLib.dll
2017/7/27 22:00:37, Info: Creating Archive D:\ILive\Project\ChenSmart\ILiveLib\bin\Release\ILiveLib.cplz...
2017/7/27 22:00:37, Info: Saving project information...
2017/7/27 22:00:55, Info: Validating assembly D:\ILive\Project\ChenSmart\ILiveLib\bin\Release\ILiveLib.dll...
2017/7/27 22:00:55, Info: Verifying assembly D:\ILive\Project\ChenSmart\ILiveLib\bin\Release\ILiveLib.dll
2017/7/27 22:00:55, Info: Creating Archive D:\ILive\Project\ChenSmart\ILiveLib\bin\Release\ILiveLib.cplz...
2017/7/27 22:00:55, Info: Saving project information...
2017/7/27 22:01:20, Info: Validating assembly D:\ILive\Project\ChenSmart\ILiveLib\bin\Release\ILiveLib.dll...
2017/7/27 22:01:20, Info: Verifying assembly D:\ILive\Project\ChenSmart\ILiveLib\bin\Release\ILiveLib.dll
2017/7/27 22:01:20, Info: Creating Archive D:\ILive\Project\ChenSmart\ILiveLib\bin\Release\ILiveLib.cplz...
2017/7/27 22:01:20, Info: Saving project information...
2017/7/27 22:02:04, Info: Validating assembly D:\ILive\Project\ChenSmart\ILiveLib\bin\Release\ILiveLib.dll...
2017/7/27 22:02:04, Info: Verifying assembly D:\ILive\Project\ChenSmart\ILiveLib\bin\Release\ILiveLib.dll
2017/7/27 22:02:04, Info: Creating Archive D:\ILive\Project\ChenSmart\ILiveLib\bin\Release\ILiveLib.cplz...
2017/7/27 22:02:05, Info: Saving project information...
2017/7/27 22:02:07, Info: Validating assembly D:\ILive\Project\ChenSmart\ChenSmart\bin\Release\ChenSmart.dll...
2017/7/27 22:02:08, Info: Verifying assembly D:\ILive\Project\ChenSmart\ChenSmart\bin\Release\ChenSmart.dll
2017/7/27 22:02:08, Info: Creating Archive D:\ILive\Project\ChenSmart\ChenSmart\bin\Release\ChenSmart.cpz...
2017/7/27 22:02:09, Info: Saving project information...
2017/7/27 22:07:27, Info: Validating assembly D:\ILive\Project\ChenSmart\ILiveLib\bin\Release\ILiveLib.dll...
2017/7/27 22:07:28, Info: Verifying assembly D:\ILive\Project\ChenSmart\ILiveLib\bin\Release\ILiveLib.dll
2017/7/27 22:07:28, Info: Creating Archive D:\ILive\Project\ChenSmart\ILiveLib\bin\Release\ILiveLib.cplz...
2017/7/27 22:07:28, Info: Saving project information...
2017/7/27 22:07:31, Info: Validating assembly D:\ILive\Project\ChenSmart\ChenSmart\bin\Release\ChenSmart.dll...
2017/7/27 22:07:31, Info: Verifying assembly D:\ILive\Project\ChenSmart\ChenSmart\bin\Release\ChenSmart.dll
2017/7/27 22:07:31, Info: Creating Archive D:\ILive\Project\ChenSmart\ChenSmart\bin\Release\ChenSmart.cpz...
2017/7/27 22:07:32, Info: Saving project information...
2017/7/27 23:06:45, Info: Validating assembly D:\ILive\Project\ChenSmart\ILiveLib\bin\Release\ILiveLib.dll...
2017/7/27 23:06:45, Info: Verifying assembly D:\ILive\Project\ChenSmart\ILiveLib\bin\Release\ILiveLib.dll
2017/7/27 23:06:45, Info: Creating Archive D:\ILive\Project\ChenSmart\ILiveLib\bin\Release\ILiveLib.cplz...
2017/7/27 23:06:45, Info: Saving project information...
2017/7/27 23:06:48, Info: Validating assembly D:\ILive\Project\ChenSmart\ChenSmart\bin\Release\ChenSmart.dll...
2017/7/27 23:06:48, Info: Verifying assembly D:\ILive\Project\ChenSmart\ChenSmart\bin\Release\ChenSmart.dll
2017/7/27 23:06:49, Info: Creating Archive D:\ILive\Project\ChenSmart\ChenSmart\bin\Release\ChenSmart.cpz...
2017/7/27 23:06:49, Info: Saving project information...
2017/7/27 23:58:28, Info: Validating assembly D:\ILive\Project\ChenSmart\ILiveLib\bin\Release\ILiveLib.dll...
2017/7/27 23:58:28, Info: Verifying assembly D:\ILive\Project\ChenSmart\ILiveLib\bin\Release\ILiveLib.dll
2017/7/27 23:58:28, Info: Creating Archive D:\ILive\Project\ChenSmart\ILiveLib\bin\Release\ILiveLib.cplz...
2017/7/27 23:58:28, Info: Saving project information...
2017/7/27 23:58:31, Info: Validating assembly D:\ILive\Project\ChenSmart\ChenSmart\bin\Release\ChenSmart.dll...
2017/7/27 23:58:31, Info: Verifying assembly D:\ILive\Project\ChenSmart\ChenSmart\bin\Release\ChenSmart.dll
2017/7/27 23:58:32, Info: Creating Archive D:\ILive\Project\ChenSmart\ChenSmart\bin\Release\ChenSmart.cpz...
2017/7/27 23:58:32, Info: Saving project information...
2017/7/27 23:58:41, Info: Validating assembly D:\ILive\Project\ChenSmart\ILiveLib\bin\Release\ILiveLib.dll...
2017/7/27 23:58:41, Info: Verifying assembly D:\ILive\Project\ChenSmart\ILiveLib\bin\Release\ILiveLib.dll
2017/7/27 23:58:41, Info: Creating Archive D:\ILive\Project\ChenSmart\ILiveLib\bin\Release\ILiveLib.cplz...
2017/7/27 23:58:41, Info: Saving project information...
2017/7/27 23:58:54, Info: Validating assembly D:\ILive\Project\ChenSmart\ChenSmart\bin\Release\ChenSmart.dll...
2017/7/27 23:58:55, Info: Verifying assembly D:\ILive\Project\ChenSmart\ChenSmart\bin\Release\ChenSmart.dll
2017/7/27 23:58:55, Info: Creating Archive D:\ILive\Project\ChenSmart\ChenSmart\bin\Release\ChenSmart.cpz...
2017/7/27 23:58:56, Info: Saving project information...
2017/7/27 23:59:02, Info: Validating assembly D:\ILive\Project\ChenSmart\ILiveLib\bin\Release\ILiveLib.dll...
2017/7/27 23:59:02, Info: Verifying assembly D:\ILive\Project\ChenSmart\ILiveLib\bin\Release\ILiveLib.dll
2017/7/27 23:59:02, Info: Creating Archive D:\ILive\Project\ChenSmart\ILiveLib\bin\Release\ILiveLib.cplz...
2017/7/27 23:59:02, Info: Saving project information...
2017/7/27 23:59:05, Info: Validating assembly D:\ILive\Project\ChenSmart\ChenSmart\bin\Release\ChenSmart.dll...
2017/7/27 23:59:06, Info: Verifying assembly D:\ILive\Project\ChenSmart\ChenSmart\bin\Release\ChenSmart.dll
2017/7/27 23:59:06, Info: Creating Archive D:\ILive\Project\ChenSmart\ChenSmart\bin\Release\ChenSmart.cpz...
2017/7/27 23:59:06, Info: Saving project information...
2017/7/27 23:59:46, Info: Terminating SIMPLSharp Services
2017/7/27 23:59:46, Info: Saving project information...
2017/7/27 23:59:46, Info: Terminating SIMPLSharp Services
