2017/8/9 14:06:16, Info: Initializing SIMPLSharp Services...
2017/8/9 14:06:16, Info: ProjectInfo successfully initialized.
2017/8/9 14:06:17, Info: Initializing SIMPLSharp Services...
2017/8/9 14:06:17, Info: ProjectInfo successfully initialized.
2017/8/9 17:16:12, Info: Saving project information...
2017/8/9 17:16:12, Info: Saving project information...
2017/8/9 17:16:12, Info: Saving project information...
2017/8/9 17:18:32, Info: Saving project information...
2017/8/9 17:18:32, Info: Saving project information...
2017/8/9 17:18:32, Info: Saving project information...
2017/8/9 17:18:32, Info: Saving project information...
2017/8/9 17:18:32, Info: Saving project information...
2017/8/9 17:18:32, Info: Saving project information...
2017/8/9 17:18:36, Info: Validating assembly D:\ILive\Project\Common\ILiveLib\bin\Debug\ILiveLib.dll...
2017/8/9 17:18:37, Info: Verifying assembly D:\ILive\Project\Common\ILiveLib\bin\Debug\ILiveLib.dll
2017/8/9 17:18:37, Info: Creating Archive D:\ILive\Project\Common\ILiveLib\bin\Debug\ILiveLib.cplz...
2017/8/9 17:18:38, Info: Saving project information...
2017/8/9 17:19:00, Info: Validating assembly D:\ILive\Project\Common\ILiveLib\bin\Debug\ILiveLib.dll...
2017/8/9 17:19:01, Info: Verifying assembly D:\ILive\Project\Common\ILiveLib\bin\Debug\ILiveLib.dll
2017/8/9 17:19:01, Info: Creating Archive D:\ILive\Project\Common\ILiveLib\bin\Debug\ILiveLib.cplz...
2017/8/9 17:19:01, Info: Saving project information...
2017/8/9 17:19:05, Info: Validating assembly D:\ILive\Project\YueQing\YQSmart\YQSmart\YQSmart\bin\Debug\YQSmart.dll...
2017/8/9 17:19:05, Info: Verifying assembly D:\ILive\Project\YueQing\YQSmart\YQSmart\YQSmart\bin\Debug\YQSmart.dll
2017/8/9 17:19:05, Info: Creating Archive D:\ILive\Project\YueQing\YQSmart\YQSmart\YQSmart\bin\Debug\YQSmart.cpz...
2017/8/9 17:19:07, Info: Saving project information...
2017/8/9 17:27:03, Info: Validating assembly D:\ILive\Project\Common\ILiveLib\bin\Debug\ILiveLib.dll...
2017/8/9 17:27:04, Info: Verifying assembly D:\ILive\Project\Common\ILiveLib\bin\Debug\ILiveLib.dll
2017/8/9 17:27:04, Info: Creating Archive D:\ILive\Project\Common\ILiveLib\bin\Debug\ILiveLib.cplz...
2017/8/9 17:27:04, Info: Saving project information...
2017/8/9 17:27:08, Info: Validating assembly D:\ILive\Project\YueQing\YQSmart\YQSmart\YQSmart\bin\Debug\YQSmart.dll...
2017/8/9 17:27:08, Info: Verifying assembly D:\ILive\Project\YueQing\YQSmart\YQSmart\YQSmart\bin\Debug\YQSmart.dll
2017/8/9 17:27:08, Info: Creating Archive D:\ILive\Project\YueQing\YQSmart\YQSmart\YQSmart\bin\Debug\YQSmart.cpz...
2017/8/9 17:27:10, Info: Saving project information...
2017/8/9 17:42:06, Info: Validating assembly D:\ILive\Project\Common\ILiveLib\bin\Debug\ILiveLib.dll...
2017/8/9 17:42:06, Info: Verifying assembly D:\ILive\Project\Common\ILiveLib\bin\Debug\ILiveLib.dll
2017/8/9 17:42:06, Info: Creating Archive D:\ILive\Project\Common\ILiveLib\bin\Debug\ILiveLib.cplz...
2017/8/9 17:42:07, Info: Saving project information...
2017/8/9 17:42:10, Info: Validating assembly D:\ILive\Project\YueQing\YQSmart\YQSmart\YQSmart\bin\Debug\YQSmart.dll...
2017/8/9 17:42:11, Info: Verifying assembly D:\ILive\Project\YueQing\YQSmart\YQSmart\YQSmart\bin\Debug\YQSmart.dll
2017/8/9 17:42:11, Info: Creating Archive D:\ILive\Project\YueQing\YQSmart\YQSmart\YQSmart\bin\Debug\YQSmart.cpz...
2017/8/9 17:42:12, Info: Saving project information...
2017/8/9 17:46:27, Info: Validating assembly D:\ILive\Project\Common\ILiveLib\bin\Debug\ILiveLib.dll...
2017/8/9 17:46:27, Info: Verifying assembly D:\ILive\Project\Common\ILiveLib\bin\Debug\ILiveLib.dll
2017/8/9 17:46:27, Info: Creating Archive D:\ILive\Project\Common\ILiveLib\bin\Debug\ILiveLib.cplz...
2017/8/9 17:46:28, Info: Saving project information...
2017/8/9 17:46:32, Info: Validating assembly D:\ILive\Project\YueQing\YQSmart\YQSmart\YQSmart\bin\Debug\YQSmart.dll...
2017/8/9 17:46:32, Info: Verifying assembly D:\ILive\Project\YueQing\YQSmart\YQSmart\YQSmart\bin\Debug\YQSmart.dll
2017/8/9 17:46:32, Info: Creating Archive D:\ILive\Project\YueQing\YQSmart\YQSmart\YQSmart\bin\Debug\YQSmart.cpz...
2017/8/9 17:46:33, Info: Saving project information...
2017/8/9 18:46:59, Info: Saving project information...
2017/8/9 18:46:59, Info: Saving project information...
2017/8/9 18:46:59, Info: Saving project information...
2017/8/9 18:46:59, Info: Saving project information...
2017/8/9 18:46:59, Info: Saving project information...
2017/8/9 18:46:59, Info: Saving project information...
2017/8/9 18:47:02, Info: Validating assembly D:\ILive\Project\Common\ILiveLib\bin\Debug\ILiveLib.dll...
2017/8/9 18:47:02, Info: Verifying assembly D:\ILive\Project\Common\ILiveLib\bin\Debug\ILiveLib.dll
2017/8/9 18:47:02, Info: Creating Archive D:\ILive\Project\Common\ILiveLib\bin\Debug\ILiveLib.cplz...
2017/8/9 18:47:03, Info: Saving project information...
2017/8/9 18:47:06, Info: Validating assembly D:\ILive\Project\YueQing\YQSmart\YQSmart\YQSmart\bin\Debug\YQSmart.dll...
2017/8/9 18:47:07, Info: Verifying assembly D:\ILive\Project\YueQing\YQSmart\YQSmart\YQSmart\bin\Debug\YQSmart.dll
2017/8/9 18:47:07, Info: Creating Archive D:\ILive\Project\YueQing\YQSmart\YQSmart\YQSmart\bin\Debug\YQSmart.cpz...
2017/8/9 18:47:08, Info: Saving project information...
2017/8/9 19:21:36, Info: Validating assembly D:\ILive\Project\Common\ILiveLib\bin\Debug\ILiveLib.dll...
2017/8/9 19:21:36, Info: Verifying assembly D:\ILive\Project\Common\ILiveLib\bin\Debug\ILiveLib.dll
2017/8/9 19:21:36, Info: Creating Archive D:\ILive\Project\Common\ILiveLib\bin\Debug\ILiveLib.cplz...
2017/8/9 19:21:37, Info: Saving project information...
2017/8/9 19:21:40, Info: Validating assembly D:\ILive\Project\YueQing\YQSmart\YQSmart\YQSmart\bin\Debug\YQSmart.dll...
2017/8/9 19:21:40, Info: Verifying assembly D:\ILive\Project\YueQing\YQSmart\YQSmart\YQSmart\bin\Debug\YQSmart.dll
2017/8/9 19:21:41, Info: Creating Archive D:\ILive\Project\YueQing\YQSmart\YQSmart\YQSmart\bin\Debug\YQSmart.cpz...
2017/8/9 19:21:42, Info: Saving project information...
2017/8/9 19:45:00, Info: Validating assembly D:\ILive\Project\Common\ILiveLib\bin\Debug\ILiveLib.dll...
2017/8/9 19:45:00, Info: Verifying assembly D:\ILive\Project\Common\ILiveLib\bin\Debug\ILiveLib.dll
2017/8/9 19:45:00, Info: Creating Archive D:\ILive\Project\Common\ILiveLib\bin\Debug\ILiveLib.cplz...
2017/8/9 19:45:00, Info: Saving project information...
2017/8/9 19:45:05, Info: Validating assembly D:\ILive\Project\YueQing\YQSmart\YQSmart\YQSmart\bin\Debug\YQSmart.dll...
2017/8/9 19:45:05, Info: Verifying assembly D:\ILive\Project\YueQing\YQSmart\YQSmart\YQSmart\bin\Debug\YQSmart.dll
2017/8/9 19:45:06, Info: Creating Archive D:\ILive\Project\YueQing\YQSmart\YQSmart\YQSmart\bin\Debug\YQSmart.cpz...
2017/8/9 19:45:07, Info: Saving project information...
2017/8/9 19:45:12, Info: Terminating SIMPLSharp Services
2017/8/9 19:45:12, Info: Saving project information...
2017/8/9 19:45:12, Info: Terminating SIMPLSharp Services
