2017/8/7 17:16:09, Info: Initializing SIMPLSharp Services...
2017/8/7 17:16:09, Info: ProjectInfo successfully initialized.
2017/8/7 17:16:10, Info: Initializing SIMPLSharp Services...
2017/8/7 17:16:10, Info: ProjectInfo successfully initialized.
2017/8/7 18:17:12, Info: Validating assembly D:\ILive\Project\Common\ILiveLib\bin\Debug\ILiveLib.dll...
2017/8/7 18:17:13, Info: Verifying assembly D:\ILive\Project\Common\ILiveLib\bin\Debug\ILiveLib.dll
2017/8/7 18:17:13, Info: Creating Archive D:\ILive\Project\Common\ILiveLib\bin\Debug\ILiveLib.cplz...
2017/8/7 18:17:14, Info: Saving project information...
2017/8/7 18:17:17, Info: Validating assembly D:\ILive\Project\YueQing\YQSmart\YQSmart\YQSmart\bin\Debug\YQSmart.dll...
2017/8/7 18:17:18, Info: Verifying assembly D:\ILive\Project\YueQing\YQSmart\YQSmart\YQSmart\bin\Debug\YQSmart.dll
2017/8/7 18:17:18, Info: Creating Archive D:\ILive\Project\YueQing\YQSmart\YQSmart\YQSmart\bin\Debug\YQSmart.cpz...
2017/8/7 18:17:19, Info: Saving project information...
2017/8/7 18:18:03, Info: Validating assembly D:\ILive\Project\Common\ILiveLib\bin\Debug\ILiveLib.dll...
2017/8/7 18:18:03, Info: Verifying assembly D:\ILive\Project\Common\ILiveLib\bin\Debug\ILiveLib.dll
2017/8/7 18:18:03, Info: Creating Archive D:\ILive\Project\Common\ILiveLib\bin\Debug\ILiveLib.cplz...
2017/8/7 18:18:04, Info: Saving project information...
2017/8/7 18:18:07, Info: Validating assembly D:\ILive\Project\YueQing\YQSmart\YQSmart\YQSmart\bin\Debug\YQSmart.dll...
2017/8/7 18:18:08, Info: Verifying assembly D:\ILive\Project\YueQing\YQSmart\YQSmart\YQSmart\bin\Debug\YQSmart.dll
2017/8/7 18:18:08, Info: Creating Archive D:\ILive\Project\YueQing\YQSmart\YQSmart\YQSmart\bin\Debug\YQSmart.cpz...
2017/8/7 18:18:09, Info: Saving project information...
2017/8/7 18:23:31, Info: Validating assembly D:\ILive\Project\Common\ILiveLib\bin\Debug\ILiveLib.dll...
2017/8/7 18:23:32, Info: Verifying assembly D:\ILive\Project\Common\ILiveLib\bin\Debug\ILiveLib.dll
2017/8/7 18:23:32, Info: Creating Archive D:\ILive\Project\Common\ILiveLib\bin\Debug\ILiveLib.cplz...
2017/8/7 18:23:32, Info: Saving project information...
2017/8/7 18:23:36, Info: Validating assembly D:\ILive\Project\YueQing\YQSmart\YQSmart\YQSmart\bin\Debug\YQSmart.dll...
2017/8/7 18:23:36, Info: Verifying assembly D:\ILive\Project\YueQing\YQSmart\YQSmart\YQSmart\bin\Debug\YQSmart.dll
2017/8/7 18:23:36, Info: Creating Archive D:\ILive\Project\YueQing\YQSmart\YQSmart\YQSmart\bin\Debug\YQSmart.cpz...
2017/8/7 18:23:37, Info: Saving project information...
2017/8/7 18:25:54, Info: Validating assembly D:\ILive\Project\Common\ILiveLib\bin\Debug\ILiveLib.dll...
2017/8/7 18:25:55, Info: Verifying assembly D:\ILive\Project\Common\ILiveLib\bin\Debug\ILiveLib.dll
2017/8/7 18:25:55, Info: Creating Archive D:\ILive\Project\Common\ILiveLib\bin\Debug\ILiveLib.cplz...
2017/8/7 18:25:55, Info: Saving project information...
2017/8/7 18:28:33, Info: Validating assembly D:\ILive\Project\Common\ILiveLib\bin\Debug\ILiveLib.dll...
2017/8/7 18:28:33, Info: Verifying assembly D:\ILive\Project\Common\ILiveLib\bin\Debug\ILiveLib.dll
2017/8/7 18:28:34, Info: Creating Archive D:\ILive\Project\Common\ILiveLib\bin\Debug\ILiveLib.cplz...
2017/8/7 18:28:34, Info: Saving project information...
2017/8/7 18:30:54, Info: Validating assembly D:\ILive\Project\Common\ILiveLib\bin\Debug\ILiveLib.dll...
2017/8/7 18:30:55, Info: Verifying assembly D:\ILive\Project\Common\ILiveLib\bin\Debug\ILiveLib.dll
2017/8/7 18:30:55, Info: Creating Archive D:\ILive\Project\Common\ILiveLib\bin\Debug\ILiveLib.cplz...
2017/8/7 18:30:55, Info: Saving project information...
2017/8/7 18:30:59, Info: Validating assembly D:\ILive\Project\YueQing\YQSmart\YQSmart\YQSmart\bin\Debug\YQSmart.dll...
2017/8/7 18:31:00, Info: Verifying assembly D:\ILive\Project\YueQing\YQSmart\YQSmart\YQSmart\bin\Debug\YQSmart.dll
2017/8/7 18:31:00, Info: Creating Archive D:\ILive\Project\YueQing\YQSmart\YQSmart\YQSmart\bin\Debug\YQSmart.cpz...
2017/8/7 18:31:01, Info: Saving project information...
2017/8/7 18:34:45, Info: Validating assembly D:\ILive\Project\Common\ILiveLib\bin\Debug\ILiveLib.dll...
2017/8/7 18:34:46, Info: Verifying assembly D:\ILive\Project\Common\ILiveLib\bin\Debug\ILiveLib.dll
2017/8/7 18:34:46, Info: Creating Archive D:\ILive\Project\Common\ILiveLib\bin\Debug\ILiveLib.cplz...
2017/8/7 18:34:46, Info: Saving project information...
2017/8/7 18:34:51, Info: Validating assembly D:\ILive\Project\YueQing\YQSmart\YQSmart\YQSmart\bin\Debug\YQSmart.dll...
2017/8/7 18:34:51, Info: Verifying assembly D:\ILive\Project\YueQing\YQSmart\YQSmart\YQSmart\bin\Debug\YQSmart.dll
2017/8/7 18:34:51, Info: Creating Archive D:\ILive\Project\YueQing\YQSmart\YQSmart\YQSmart\bin\Debug\YQSmart.cpz...
2017/8/7 18:34:53, Info: Saving project information...
2017/8/7 18:35:26, Info: Validating assembly D:\ILive\Project\Common\ILiveLib\bin\Debug\ILiveLib.dll...
2017/8/7 18:35:27, Info: Verifying assembly D:\ILive\Project\Common\ILiveLib\bin\Debug\ILiveLib.dll
2017/8/7 18:35:27, Info: Creating Archive D:\ILive\Project\Common\ILiveLib\bin\Debug\ILiveLib.cplz...
2017/8/7 18:35:27, Info: Saving project information...
2017/8/7 18:35:36, Info: Validating assembly D:\ILive\Project\YueQing\YQSmart\YQSmart\YQSmart\bin\Debug\YQSmart.dll...
2017/8/7 18:35:36, Info: Verifying assembly D:\ILive\Project\YueQing\YQSmart\YQSmart\YQSmart\bin\Debug\YQSmart.dll
2017/8/7 18:35:36, Info: Creating Archive D:\ILive\Project\YueQing\YQSmart\YQSmart\YQSmart\bin\Debug\YQSmart.cpz...
2017/8/7 18:35:38, Info: Saving project information...
2017/8/7 18:39:48, Info: Validating assembly D:\ILive\Project\Common\ILiveLib\bin\Debug\ILiveLib.dll...
2017/8/7 18:39:49, Info: Verifying assembly D:\ILive\Project\Common\ILiveLib\bin\Debug\ILiveLib.dll
2017/8/7 18:39:49, Info: Creating Archive D:\ILive\Project\Common\ILiveLib\bin\Debug\ILiveLib.cplz...
2017/8/7 18:39:49, Info: Saving project information...
2017/8/7 18:39:55, Info: Validating assembly D:\ILive\Project\YueQing\YQSmart\YQSmart\YQSmart\bin\Debug\YQSmart.dll...
2017/8/7 18:39:55, Info: Verifying assembly D:\ILive\Project\YueQing\YQSmart\YQSmart\YQSmart\bin\Debug\YQSmart.dll
2017/8/7 18:39:55, Info: Creating Archive D:\ILive\Project\YueQing\YQSmart\YQSmart\YQSmart\bin\Debug\YQSmart.cpz...
2017/8/7 18:39:56, Info: Saving project information...
2017/8/8 10:37:26, Info: Validating assembly D:\ILive\Project\Common\ILiveLib\bin\Debug\ILiveLib.dll...
2017/8/8 10:37:26, Info: Verifying assembly D:\ILive\Project\Common\ILiveLib\bin\Debug\ILiveLib.dll
2017/8/8 10:37:26, Info: Creating Archive D:\ILive\Project\Common\ILiveLib\bin\Debug\ILiveLib.cplz...
2017/8/8 10:37:27, Info: Saving project information...
2017/8/8 10:37:30, Info: Validating assembly D:\ILive\Project\YueQing\YQSmart\YQSmart\YQSmart\bin\Debug\YQSmart.dll...
2017/8/8 10:37:30, Info: Verifying assembly D:\ILive\Project\YueQing\YQSmart\YQSmart\YQSmart\bin\Debug\YQSmart.dll
2017/8/8 10:37:31, Info: Creating Archive D:\ILive\Project\YueQing\YQSmart\YQSmart\YQSmart\bin\Debug\YQSmart.cpz...
2017/8/8 10:37:32, Info: Saving project information...
2017/8/8 13:50:12, Info: Validating assembly D:\ILive\Project\Common\ILiveLib\bin\Debug\ILiveLib.dll...
2017/8/8 13:50:12, Info: Verifying assembly D:\ILive\Project\Common\ILiveLib\bin\Debug\ILiveLib.dll
2017/8/8 13:50:12, Info: Creating Archive D:\ILive\Project\Common\ILiveLib\bin\Debug\ILiveLib.cplz...
2017/8/8 13:50:13, Info: Saving project information...
2017/8/8 13:50:44, Info: Validating assembly D:\ILive\Project\Common\ILiveLib\bin\Debug\ILiveLib.dll...
2017/8/8 13:50:45, Info: Verifying assembly D:\ILive\Project\Common\ILiveLib\bin\Debug\ILiveLib.dll
2017/8/8 13:50:45, Info: Creating Archive D:\ILive\Project\Common\ILiveLib\bin\Debug\ILiveLib.cplz...
2017/8/8 13:50:45, Info: Saving project information...
2017/8/8 13:50:49, Info: Validating assembly D:\ILive\Project\YueQing\YQSmart\YQSmart\YQSmart\bin\Debug\YQSmart.dll...
2017/8/8 13:50:49, Info: Verifying assembly D:\ILive\Project\YueQing\YQSmart\YQSmart\YQSmart\bin\Debug\YQSmart.dll
2017/8/8 13:50:49, Info: Creating Archive D:\ILive\Project\YueQing\YQSmart\YQSmart\YQSmart\bin\Debug\YQSmart.cpz...
2017/8/8 13:50:51, Info: Saving project information...
2017/8/8 14:32:15, Info: Validating assembly D:\ILive\Project\Common\ILiveLib\bin\Debug\ILiveLib.dll...
2017/8/8 14:32:15, Info: Verifying assembly D:\ILive\Project\Common\ILiveLib\bin\Debug\ILiveLib.dll
2017/8/8 14:32:15, Info: Creating Archive D:\ILive\Project\Common\ILiveLib\bin\Debug\ILiveLib.cplz...
2017/8/8 14:32:16, Info: Saving project information...
2017/8/8 14:32:34, Info: Validating assembly D:\ILive\Project\Common\ILiveLib\bin\Debug\ILiveLib.dll...
2017/8/8 14:32:35, Info: Verifying assembly D:\ILive\Project\Common\ILiveLib\bin\Debug\ILiveLib.dll
2017/8/8 14:32:35, Info: Creating Archive D:\ILive\Project\Common\ILiveLib\bin\Debug\ILiveLib.cplz...
2017/8/8 14:32:35, Info: Saving project information...
2017/8/8 14:32:39, Info: Validating assembly D:\ILive\Project\YueQing\YQSmart\YQSmart\YQSmart\bin\Debug\YQSmart.dll...
2017/8/8 14:32:39, Info: Verifying assembly D:\ILive\Project\YueQing\YQSmart\YQSmart\YQSmart\bin\Debug\YQSmart.dll
2017/8/8 14:32:39, Info: Creating Archive D:\ILive\Project\YueQing\YQSmart\YQSmart\YQSmart\bin\Debug\YQSmart.cpz...
2017/8/8 14:32:41, Info: Saving project information...
2017/8/8 14:44:50, Info: Validating assembly D:\ILive\Project\Common\ILiveLib\bin\Debug\ILiveLib.dll...
2017/8/8 14:44:51, Info: Verifying assembly D:\ILive\Project\Common\ILiveLib\bin\Debug\ILiveLib.dll
2017/8/8 14:44:51, Info: Creating Archive D:\ILive\Project\Common\ILiveLib\bin\Debug\ILiveLib.cplz...
2017/8/8 14:44:51, Info: Saving project information...
2017/8/8 14:44:57, Info: Validating assembly D:\ILive\Project\YueQing\YQSmart\YQSmart\YQSmart\bin\Debug\YQSmart.dll...
2017/8/8 14:44:57, Info: Verifying assembly D:\ILive\Project\YueQing\YQSmart\YQSmart\YQSmart\bin\Debug\YQSmart.dll
2017/8/8 14:44:58, Info: Creating Archive D:\ILive\Project\YueQing\YQSmart\YQSmart\YQSmart\bin\Debug\YQSmart.cpz...
2017/8/8 14:44:59, Info: Saving project information...
2017/8/8 15:57:57, Info: Validating assembly D:\ILive\Project\Common\ILiveLib\bin\Debug\ILiveLib.dll...
2017/8/8 15:57:58, Info: Verifying assembly D:\ILive\Project\Common\ILiveLib\bin\Debug\ILiveLib.dll
2017/8/8 15:57:58, Info: Creating Archive D:\ILive\Project\Common\ILiveLib\bin\Debug\ILiveLib.cplz...
2017/8/8 15:57:58, Info: Saving project information...
2017/8/8 15:58:02, Info: Validating assembly D:\ILive\Project\YueQing\YQSmart\YQSmart\YQSmart\bin\Debug\YQSmart.dll...
2017/8/8 15:58:03, Info: Verifying assembly D:\ILive\Project\YueQing\YQSmart\YQSmart\YQSmart\bin\Debug\YQSmart.dll
2017/8/8 15:58:03, Info: Creating Archive D:\ILive\Project\YueQing\YQSmart\YQSmart\YQSmart\bin\Debug\YQSmart.cpz...
2017/8/8 15:58:04, Info: Saving project information...
2017/8/8 16:53:52, Info: Validating assembly D:\ILive\Project\Common\ILiveLib\bin\Debug\ILiveLib.dll...
2017/8/8 16:53:52, Info: Verifying assembly D:\ILive\Project\Common\ILiveLib\bin\Debug\ILiveLib.dll
2017/8/8 16:53:52, Info: Creating Archive D:\ILive\Project\Common\ILiveLib\bin\Debug\ILiveLib.cplz...
2017/8/8 16:53:53, Info: Saving project information...
2017/8/8 16:53:57, Info: Validating assembly D:\ILive\Project\YueQing\YQSmart\YQSmart\YQSmart\bin\Debug\YQSmart.dll...
2017/8/8 16:53:58, Info: Verifying assembly D:\ILive\Project\YueQing\YQSmart\YQSmart\YQSmart\bin\Debug\YQSmart.dll
2017/8/8 16:53:58, Info: Creating Archive D:\ILive\Project\YueQing\YQSmart\YQSmart\YQSmart\bin\Debug\YQSmart.cpz...
2017/8/8 16:53:59, Info: Saving project information...
2017/8/8 17:01:59, Info: Validating assembly D:\ILive\Project\Common\ILiveLib\bin\Debug\ILiveLib.dll...
2017/8/8 17:02:00, Info: Verifying assembly D:\ILive\Project\Common\ILiveLib\bin\Debug\ILiveLib.dll
2017/8/8 17:02:00, Info: Creating Archive D:\ILive\Project\Common\ILiveLib\bin\Debug\ILiveLib.cplz...
2017/8/8 17:02:01, Info: Saving project information...
2017/8/8 17:02:05, Info: Validating assembly D:\ILive\Project\YueQing\YQSmart\YQSmart\YQSmart\bin\Debug\YQSmart.dll...
2017/8/8 17:02:05, Info: Verifying assembly D:\ILive\Project\YueQing\YQSmart\YQSmart\YQSmart\bin\Debug\YQSmart.dll
2017/8/8 17:02:05, Info: Creating Archive D:\ILive\Project\YueQing\YQSmart\YQSmart\YQSmart\bin\Debug\YQSmart.cpz...
2017/8/8 17:02:06, Exception: 文件“D:\ILive\Project\YueQing\YQSmart\YQSmart\YQSmart\bin\Debug\YQSmart.cpz”正由另一进程使用，因此该进程无法访问该文件。
   在 System.IO.__Error.WinIOError(Int32 errorCode, String maybeFullPath)
   在 System.IO.File.Delete(String path)
   在 Crestron.Tools.SIMPLSharp.Services.Utilities.Zipper.Zip(String zipFileName, Folder folderToZip)
   在 i.a(String A_0, IList`1 A_1, String A_2)
2017/8/8 17:05:42, Info: Saving project information...
2017/8/8 17:05:44, Info: Saving project information...
2017/8/8 17:05:44, Info: Saving project information...
2017/8/8 17:05:44, Info: Saving project information...
2017/8/8 17:05:44, Info: Saving project information...
2017/8/8 17:05:44, Info: Saving project information...
2017/8/8 17:05:47, Info: Validating assembly D:\ILive\Project\Common\ILiveLib\bin\Debug\ILiveLib.dll...
2017/8/8 17:05:48, Info: Verifying assembly D:\ILive\Project\Common\ILiveLib\bin\Debug\ILiveLib.dll
2017/8/8 17:05:48, Info: Creating Archive D:\ILive\Project\Common\ILiveLib\bin\Debug\ILiveLib.cplz...
2017/8/8 17:05:48, Info: Saving project information...
2017/8/8 17:05:52, Info: Validating assembly D:\ILive\Project\YueQing\YQSmart\YQSmart\YQSmart\bin\Debug\YQSmart.dll...
2017/8/8 17:05:52, Info: Verifying assembly D:\ILive\Project\YueQing\YQSmart\YQSmart\YQSmart\bin\Debug\YQSmart.dll
2017/8/8 17:05:52, Info: Creating Archive D:\ILive\Project\YueQing\YQSmart\YQSmart\YQSmart\bin\Debug\YQSmart.cpz...
2017/8/8 17:05:54, Info: Saving project information...
2017/8/8 17:19:07, Info: Validating assembly D:\ILive\Project\Common\ILiveLib\bin\Debug\ILiveLib.dll...
2017/8/8 17:19:07, Info: Verifying assembly D:\ILive\Project\Common\ILiveLib\bin\Debug\ILiveLib.dll
2017/8/8 17:19:07, Info: Creating Archive D:\ILive\Project\Common\ILiveLib\bin\Debug\ILiveLib.cplz...
2017/8/8 17:19:08, Info: Saving project information...
2017/8/8 17:19:11, Info: Validating assembly D:\ILive\Project\YueQing\YQSmart\YQSmart\YQSmart\bin\Debug\YQSmart.dll...
2017/8/8 17:19:12, Info: Verifying assembly D:\ILive\Project\YueQing\YQSmart\YQSmart\YQSmart\bin\Debug\YQSmart.dll
2017/8/8 17:19:12, Info: Creating Archive D:\ILive\Project\YueQing\YQSmart\YQSmart\YQSmart\bin\Debug\YQSmart.cpz...
2017/8/8 17:19:13, Info: Saving project information...
2017/8/8 18:16:19, Info: Validating assembly D:\ILive\Project\Common\ILiveLib\bin\Debug\ILiveLib.dll...
2017/8/8 18:16:19, Info: Verifying assembly D:\ILive\Project\Common\ILiveLib\bin\Debug\ILiveLib.dll
2017/8/8 18:16:20, Info: Creating Archive D:\ILive\Project\Common\ILiveLib\bin\Debug\ILiveLib.cplz...
2017/8/8 18:16:20, Info: Saving project information...
2017/8/8 18:16:25, Info: Validating assembly D:\ILive\Project\YueQing\YQSmart\YQSmart\YQSmart\bin\Debug\YQSmart.dll...
2017/8/8 18:16:26, Info: Verifying assembly D:\ILive\Project\YueQing\YQSmart\YQSmart\YQSmart\bin\Debug\YQSmart.dll
2017/8/8 18:16:26, Info: Creating Archive D:\ILive\Project\YueQing\YQSmart\YQSmart\YQSmart\bin\Debug\YQSmart.cpz...
2017/8/8 18:16:27, Info: Saving project information...
2017/8/8 18:16:36, Info: Terminating SIMPLSharp Services
2017/8/8 18:16:36, Info: Saving project information...
2017/8/8 18:16:36, Info: Terminating SIMPLSharp Services
