2017/8/13 23:12:11, Info: Initializing SIMPLSharp Services...
2017/8/13 23:12:11, Info: ProjectInfo successfully initialized.
2017/8/13 23:12:12, Info: Initializing SIMPLSharp Services...
2017/8/13 23:12:12, Info: ProjectInfo successfully initialized.
2017/8/13 23:12:34, Info: Saving project information...
2017/8/13 23:12:34, Info: Saving project information...
2017/8/13 23:12:34, Info: Saving project information...
2017/8/13 23:12:34, Info: Saving project information...
2017/8/13 23:12:34, Info: Saving project information...
2017/8/13 23:12:34, Info: Saving project information...
2017/8/13 23:12:37, Info: Validating assembly D:\ILive\Project\Common\ILiveLib\bin\Release\ILiveLib.dll...
2017/8/13 23:12:38, Info: Verifying assembly D:\ILive\Project\Common\ILiveLib\bin\Release\ILiveLib.dll
2017/8/13 23:12:38, Info: Creating Archive D:\ILive\Project\Common\ILiveLib\bin\Release\ILiveLib.cplz...
2017/8/13 23:12:39, Info: Saving project information...
2017/8/13 23:12:41, Info: Validating assembly D:\ILive\Project\ChenSmart\ChenSmart\bin\Release\ChenSmart.dll...
2017/8/13 23:12:42, Info: Verifying assembly D:\ILive\Project\ChenSmart\ChenSmart\bin\Release\ChenSmart.dll
2017/8/13 23:12:42, Info: Creating Archive D:\ILive\Project\ChenSmart\ChenSmart\bin\Release\ChenSmart.cpz...
2017/8/13 23:12:42, Info: Saving project information...
2017/8/13 23:14:04, Info: Saving project information...
2017/8/13 23:14:04, Info: Saving project information...
2017/8/13 23:14:04, Info: Saving project information...
2017/8/13 23:14:04, Info: Saving project information...
2017/8/13 23:14:04, Info: Saving project information...
2017/8/13 23:14:04, Info: Saving project information...
2017/8/13 23:14:04, Info: Saving project information...
2017/8/13 23:14:04, Info: Saving project information...
2017/8/13 23:14:04, Info: Saving project information...
2017/8/13 23:14:04, Info: Saving project information...
2017/8/13 23:14:04, Info: Saving project information...
2017/8/13 23:14:04, Info: Saving project information...
2017/8/13 23:14:20, Info: Validating assembly D:\ILive\Project\Common\ILiveLib\bin\Release\ILiveLib.dll...
2017/8/13 23:14:21, Info: Verifying assembly D:\ILive\Project\Common\ILiveLib\bin\Release\ILiveLib.dll
2017/8/13 23:14:21, Info: Creating Archive D:\ILive\Project\Common\ILiveLib\bin\Release\ILiveLib.cplz...
2017/8/13 23:14:21, Info: Saving project information...
2017/8/13 23:14:30, Info: Validating assembly D:\ILive\Project\Common\ILiveLib\bin\Release\ILiveLib.dll...
2017/8/13 23:14:30, Info: Verifying assembly D:\ILive\Project\Common\ILiveLib\bin\Release\ILiveLib.dll
2017/8/13 23:14:30, Info: Creating Archive D:\ILive\Project\Common\ILiveLib\bin\Release\ILiveLib.cplz...
2017/8/13 23:14:30, Info: Saving project information...
2017/8/13 23:14:48, Info: Validating assembly D:\ILive\Project\Common\ILiveLib\bin\Release\ILiveLib.dll...
2017/8/13 23:14:48, Info: Verifying assembly D:\ILive\Project\Common\ILiveLib\bin\Release\ILiveLib.dll
2017/8/13 23:14:48, Info: Creating Archive D:\ILive\Project\Common\ILiveLib\bin\Release\ILiveLib.cplz...
2017/8/13 23:14:48, Info: Saving project information...
2017/8/13 23:15:01, Info: Validating assembly D:\ILive\Project\Common\ILiveLib\bin\Release\ILiveLib.dll...
2017/8/13 23:15:01, Info: Verifying assembly D:\ILive\Project\Common\ILiveLib\bin\Release\ILiveLib.dll
2017/8/13 23:15:01, Info: Creating Archive D:\ILive\Project\Common\ILiveLib\bin\Release\ILiveLib.cplz...
2017/8/13 23:15:02, Info: Saving project information...
2017/8/13 23:15:04, Info: Validating assembly D:\ILive\Project\ChenSmart\ChenSmart\bin\Release\ChenSmart.dll...
2017/8/13 23:15:05, Info: Verifying assembly D:\ILive\Project\ChenSmart\ChenSmart\bin\Release\ChenSmart.dll
2017/8/13 23:15:05, Info: Creating Archive D:\ILive\Project\ChenSmart\ChenSmart\bin\Release\ChenSmart.cpz...
2017/8/13 23:15:05, Info: Saving project information...
2017/8/13 23:15:31, Info: Validating assembly D:\ILive\Project\Common\ILiveLib\bin\Release\ILiveLib.dll...
2017/8/13 23:15:31, Info: Verifying assembly D:\ILive\Project\Common\ILiveLib\bin\Release\ILiveLib.dll
2017/8/13 23:15:31, Info: Creating Archive D:\ILive\Project\Common\ILiveLib\bin\Release\ILiveLib.cplz...
2017/8/13 23:15:31, Info: Saving project information...
2017/8/13 23:15:34, Info: Validating assembly D:\ILive\Project\ChenSmart\ChenSmart\bin\Release\ChenSmart.dll...
2017/8/13 23:15:34, Info: Verifying assembly D:\ILive\Project\ChenSmart\ChenSmart\bin\Release\ChenSmart.dll
2017/8/13 23:15:34, Info: Creating Archive D:\ILive\Project\ChenSmart\ChenSmart\bin\Release\ChenSmart.cpz...
2017/8/13 23:15:35, Info: Saving project information...
2017/8/13 23:16:59, Info: Saving project information...
2017/8/13 23:16:59, Info: Saving project information...
2017/8/13 23:16:59, Info: Saving project information...
2017/8/13 23:16:59, Info: Saving project information...
2017/8/13 23:16:59, Info: Saving project information...
2017/8/13 23:16:59, Info: Saving project information...
2017/8/13 23:16:59, Info: Saving project information...
2017/8/13 23:16:59, Info: Saving project information...
2017/8/13 23:16:59, Info: Saving project information...
2017/8/13 23:16:59, Info: Saving project information...
2017/8/13 23:16:59, Info: Saving project information...
2017/8/13 23:16:59, Info: Saving project information...
2017/8/13 23:17:25, Info: Validating assembly D:\ILive\Project\Common\ILiveLib\bin\Release\ILiveLib.dll...
2017/8/13 23:17:26, Info: Verifying assembly D:\ILive\Project\Common\ILiveLib\bin\Release\ILiveLib.dll
2017/8/13 23:17:26, Info: Creating Archive D:\ILive\Project\Common\ILiveLib\bin\Release\ILiveLib.cplz...
2017/8/13 23:17:26, Info: Saving project information...
2017/8/13 23:17:38, Info: Validating assembly D:\ILive\Project\Common\ILiveLib\bin\Release\ILiveLib.dll...
2017/8/13 23:17:39, Info: Verifying assembly D:\ILive\Project\Common\ILiveLib\bin\Release\ILiveLib.dll
2017/8/13 23:17:39, Info: Creating Archive D:\ILive\Project\Common\ILiveLib\bin\Release\ILiveLib.cplz...
2017/8/13 23:17:39, Info: Saving project information...
2017/8/13 23:18:11, Info: Validating assembly D:\ILive\Project\Common\ILiveLib\bin\Release\ILiveLib.dll...
2017/8/13 23:18:11, Info: Verifying assembly D:\ILive\Project\Common\ILiveLib\bin\Release\ILiveLib.dll
2017/8/13 23:18:11, Info: Creating Archive D:\ILive\Project\Common\ILiveLib\bin\Release\ILiveLib.cplz...
2017/8/13 23:18:11, Info: Saving project information...
2017/8/13 23:18:14, Info: Validating assembly D:\ILive\Project\ChenSmart\ChenSmart\bin\Release\ChenSmart.dll...
2017/8/13 23:18:14, Info: Verifying assembly D:\ILive\Project\ChenSmart\ChenSmart\bin\Release\ChenSmart.dll
2017/8/13 23:18:14, Info: Creating Archive D:\ILive\Project\ChenSmart\ChenSmart\bin\Release\ChenSmart.cpz...
2017/8/13 23:18:15, Info: Saving project information...
2017/8/13 23:18:28, Info: Validating assembly D:\ILive\Project\Common\ILiveLib\bin\Release\ILiveLib.dll...
2017/8/13 23:18:28, Info: Verifying assembly D:\ILive\Project\Common\ILiveLib\bin\Release\ILiveLib.dll
2017/8/13 23:18:28, Info: Creating Archive D:\ILive\Project\Common\ILiveLib\bin\Release\ILiveLib.cplz...
2017/8/13 23:18:29, Info: Saving project information...
2017/8/13 23:18:31, Info: Validating assembly D:\ILive\Project\ChenSmart\ChenSmart\bin\Release\ChenSmart.dll...
2017/8/13 23:18:32, Info: Verifying assembly D:\ILive\Project\ChenSmart\ChenSmart\bin\Release\ChenSmart.dll
2017/8/13 23:18:32, Info: Creating Archive D:\ILive\Project\ChenSmart\ChenSmart\bin\Release\ChenSmart.cpz...
2017/8/13 23:18:32, Info: Saving project information...
2017/8/13 23:24:32, Info: Saving project information...
2017/8/13 23:24:32, Info: Saving project information...
2017/8/13 23:24:32, Info: Saving project information...
2017/8/13 23:24:32, Info: Saving project information...
2017/8/13 23:24:32, Info: Saving project information...
2017/8/13 23:24:32, Info: Saving project information...
2017/8/13 23:24:32, Info: Saving project information...
2017/8/13 23:24:32, Info: Saving project information...
2017/8/13 23:24:32, Info: Saving project information...
2017/8/13 23:24:32, Info: Saving project information...
2017/8/13 23:24:32, Info: Saving project information...
2017/8/13 23:24:32, Info: Saving project information...
2017/8/13 23:24:35, Info: Validating assembly D:\ILive\Project\Common\ILiveLib\bin\Release\ILiveLib.dll...
2017/8/13 23:24:35, Info: Verifying assembly D:\ILive\Project\Common\ILiveLib\bin\Release\ILiveLib.dll
2017/8/13 23:24:35, Info: Creating Archive D:\ILive\Project\Common\ILiveLib\bin\Release\ILiveLib.cplz...
2017/8/13 23:24:36, Info: Saving project information...
2017/8/13 23:24:38, Info: Validating assembly D:\ILive\Project\ChenSmart\ChenSmart\bin\Release\ChenSmart.dll...
2017/8/13 23:24:39, Info: Verifying assembly D:\ILive\Project\ChenSmart\ChenSmart\bin\Release\ChenSmart.dll
2017/8/13 23:24:39, Info: Creating Archive D:\ILive\Project\ChenSmart\ChenSmart\bin\Release\ChenSmart.cpz...
2017/8/13 23:24:39, Info: Saving project information...
2017/8/13 23:24:49, Info: Validating assembly D:\ILive\Project\Common\ILiveLib\bin\Release\ILiveLib.dll...
2017/8/13 23:24:49, Info: Verifying assembly D:\ILive\Project\Common\ILiveLib\bin\Release\ILiveLib.dll
2017/8/13 23:24:49, Info: Creating Archive D:\ILive\Project\Common\ILiveLib\bin\Release\ILiveLib.cplz...
2017/8/13 23:24:49, Info: Saving project information...
2017/8/13 23:26:01, Info: Saving project information...
2017/8/13 23:26:01, Info: Saving project information...
2017/8/13 23:26:01, Info: Saving project information...
2017/8/13 23:26:01, Info: Saving project information...
2017/8/13 23:26:01, Info: Saving project information...
2017/8/13 23:26:01, Info: Saving project information...
2017/8/13 23:26:04, Info: Validating assembly D:\ILive\Project\Common\ILiveLib\bin\Release\ILiveLib.dll...
2017/8/13 23:26:04, Info: Verifying assembly D:\ILive\Project\Common\ILiveLib\bin\Release\ILiveLib.dll
2017/8/13 23:26:04, Info: Creating Archive D:\ILive\Project\Common\ILiveLib\bin\Release\ILiveLib.cplz...
2017/8/13 23:26:04, Info: Saving project information...
2017/8/13 23:26:15, Info: Validating assembly D:\ILive\Project\Common\ILiveLib\bin\Release\ILiveLib.dll...
2017/8/13 23:26:15, Info: Verifying assembly D:\ILive\Project\Common\ILiveLib\bin\Release\ILiveLib.dll
2017/8/13 23:26:15, Info: Creating Archive D:\ILive\Project\Common\ILiveLib\bin\Release\ILiveLib.cplz...
2017/8/13 23:26:16, Info: Saving project information...
2017/8/13 23:26:25, Info: Validating assembly D:\ILive\Project\Common\ILiveLib\bin\Release\ILiveLib.dll...
2017/8/13 23:26:26, Info: Verifying assembly D:\ILive\Project\Common\ILiveLib\bin\Release\ILiveLib.dll
2017/8/13 23:26:26, Info: Creating Archive D:\ILive\Project\Common\ILiveLib\bin\Release\ILiveLib.cplz...
2017/8/13 23:26:26, Info: Saving project information...
2017/8/13 23:28:51, Info: Validating assembly D:\ILive\Project\Common\ILiveLib\bin\Release\ILiveLib.dll...
2017/8/13 23:28:51, Info: Verifying assembly D:\ILive\Project\Common\ILiveLib\bin\Release\ILiveLib.dll
2017/8/13 23:28:51, Info: Creating Archive D:\ILive\Project\Common\ILiveLib\bin\Release\ILiveLib.cplz...
2017/8/13 23:28:52, Info: Saving project information...
2017/8/13 23:29:02, Info: Validating assembly D:\ILive\Project\Common\ILiveLib\bin\Release\ILiveLib.dll...
2017/8/13 23:29:02, Info: Verifying assembly D:\ILive\Project\Common\ILiveLib\bin\Release\ILiveLib.dll
2017/8/13 23:29:02, Info: Creating Archive D:\ILive\Project\Common\ILiveLib\bin\Release\ILiveLib.cplz...
2017/8/13 23:29:02, Info: Saving project information...
2017/8/13 23:29:07, Info: Validating assembly D:\ILive\Project\Common\ILiveLib\bin\Release\ILiveLib.dll...
2017/8/13 23:29:07, Info: Verifying assembly D:\ILive\Project\Common\ILiveLib\bin\Release\ILiveLib.dll
2017/8/13 23:29:07, Info: Creating Archive D:\ILive\Project\Common\ILiveLib\bin\Release\ILiveLib.cplz...
2017/8/13 23:29:08, Info: Saving project information...
2017/8/13 23:29:11, Info: Validating assembly D:\ILive\Project\ChenSmart\ChenSmart\bin\Release\ChenSmart.dll...
2017/8/13 23:29:11, Info: Verifying assembly D:\ILive\Project\ChenSmart\ChenSmart\bin\Release\ChenSmart.dll
2017/8/13 23:29:11, Info: Creating Archive D:\ILive\Project\ChenSmart\ChenSmart\bin\Release\ChenSmart.cpz...
2017/8/13 23:29:12, Info: Saving project information...
2017/8/13 23:31:02, Info: Validating assembly D:\ILive\Project\Common\ILiveLib\bin\Release\ILiveLib.dll...
2017/8/13 23:31:02, Info: Verifying assembly D:\ILive\Project\Common\ILiveLib\bin\Release\ILiveLib.dll
2017/8/13 23:31:02, Info: Creating Archive D:\ILive\Project\Common\ILiveLib\bin\Release\ILiveLib.cplz...
2017/8/13 23:31:02, Info: Saving project information...
2017/8/13 23:31:05, Info: Validating assembly D:\ILive\Project\ChenSmart\ChenSmart\bin\Release\ChenSmart.dll...
2017/8/13 23:31:06, Info: Verifying assembly D:\ILive\Project\ChenSmart\ChenSmart\bin\Release\ChenSmart.dll
2017/8/13 23:31:06, Info: Creating Archive D:\ILive\Project\ChenSmart\ChenSmart\bin\Release\ChenSmart.cpz...
2017/8/13 23:31:07, Info: Saving project information...
2017/8/14 0:01:34, Info: Saving project information...
2017/8/14 0:01:34, Info: Saving project information...
2017/8/14 0:01:34, Info: Saving project information...
2017/8/14 0:01:34, Info: Saving project information...
2017/8/14 0:01:34, Info: Saving project information...
2017/8/14 0:01:34, Info: Saving project information...
2017/8/14 0:01:34, Info: Saving project information...
2017/8/14 0:01:34, Info: Saving project information...
2017/8/14 0:01:34, Info: Saving project information...
2017/8/14 0:01:34, Info: Saving project information...
2017/8/14 0:01:34, Info: Saving project information...
2017/8/14 0:01:34, Info: Saving project information...
2017/8/14 0:03:58, Info: Validating assembly D:\ILive\Project\Common\ILiveLib\bin\Release\ILiveLib.dll...
2017/8/14 0:03:59, Info: Verifying assembly D:\ILive\Project\Common\ILiveLib\bin\Release\ILiveLib.dll
2017/8/14 0:03:59, Info: Creating Archive D:\ILive\Project\Common\ILiveLib\bin\Release\ILiveLib.cplz...
2017/8/14 0:03:59, Info: Saving project information...
2017/8/14 0:04:13, Info: Validating assembly D:\ILive\Project\Common\ILiveLib\bin\Release\ILiveLib.dll...
2017/8/14 0:04:13, Info: Verifying assembly D:\ILive\Project\Common\ILiveLib\bin\Release\ILiveLib.dll
2017/8/14 0:04:13, Info: Creating Archive D:\ILive\Project\Common\ILiveLib\bin\Release\ILiveLib.cplz...
2017/8/14 0:04:14, Info: Saving project information...
2017/8/14 0:04:24, Info: Validating assembly D:\ILive\Project\Common\ILiveLib\bin\Release\ILiveLib.dll...
2017/8/14 0:04:24, Info: Verifying assembly D:\ILive\Project\Common\ILiveLib\bin\Release\ILiveLib.dll
2017/8/14 0:04:24, Info: Creating Archive D:\ILive\Project\Common\ILiveLib\bin\Release\ILiveLib.cplz...
2017/8/14 0:04:24, Info: Saving project information...
2017/8/14 0:04:27, Info: Validating assembly D:\ILive\Project\ChenSmart\ChenSmart\bin\Release\ChenSmart.dll...
2017/8/14 0:04:27, Info: Verifying assembly D:\ILive\Project\ChenSmart\ChenSmart\bin\Release\ChenSmart.dll
2017/8/14 0:04:28, Info: Creating Archive D:\ILive\Project\ChenSmart\ChenSmart\bin\Release\ChenSmart.cpz...
2017/8/14 0:04:28, Info: Saving project information...
2017/8/14 0:06:01, Info: Validating assembly D:\ILive\Project\Common\ILiveLib\bin\Release\ILiveLib.dll...
2017/8/14 0:06:01, Info: Verifying assembly D:\ILive\Project\Common\ILiveLib\bin\Release\ILiveLib.dll
2017/8/14 0:06:01, Info: Creating Archive D:\ILive\Project\Common\ILiveLib\bin\Release\ILiveLib.cplz...
2017/8/14 0:06:01, Info: Saving project information...
2017/8/14 0:06:04, Info: Validating assembly D:\ILive\Project\ChenSmart\ChenSmart\bin\Release\ChenSmart.dll...
2017/8/14 0:06:05, Info: Verifying assembly D:\ILive\Project\ChenSmart\ChenSmart\bin\Release\ChenSmart.dll
2017/8/14 0:06:05, Info: Creating Archive D:\ILive\Project\ChenSmart\ChenSmart\bin\Release\ChenSmart.cpz...
2017/8/14 0:06:05, Info: Saving project information...
2017/8/14 0:32:35, Info: Validating assembly D:\ILive\Project\Common\ILiveLib\bin\Release\ILiveLib.dll...
2017/8/14 0:32:35, Info: Verifying assembly D:\ILive\Project\Common\ILiveLib\bin\Release\ILiveLib.dll
2017/8/14 0:32:35, Info: Creating Archive D:\ILive\Project\Common\ILiveLib\bin\Release\ILiveLib.cplz...
2017/8/14 0:32:35, Info: Saving project information...
2017/8/14 0:32:45, Info: Validating assembly D:\ILive\Project\Common\ILiveLib\bin\Release\ILiveLib.dll...
2017/8/14 0:32:45, Info: Verifying assembly D:\ILive\Project\Common\ILiveLib\bin\Release\ILiveLib.dll
2017/8/14 0:32:46, Info: Creating Archive D:\ILive\Project\Common\ILiveLib\bin\Release\ILiveLib.cplz...
2017/8/14 0:32:46, Info: Saving project information...
2017/8/14 0:32:49, Info: Validating assembly D:\ILive\Project\ChenSmart\ChenSmart\bin\Release\ChenSmart.dll...
2017/8/14 0:32:49, Info: Verifying assembly D:\ILive\Project\ChenSmart\ChenSmart\bin\Release\ChenSmart.dll
2017/8/14 0:32:49, Info: Creating Archive D:\ILive\Project\ChenSmart\ChenSmart\bin\Release\ChenSmart.cpz...
2017/8/14 0:32:50, Info: Saving project information...
2017/8/14 0:33:19, Info: Validating assembly D:\ILive\Project\Common\ILiveLib\bin\Release\ILiveLib.dll...
2017/8/14 0:33:19, Info: Verifying assembly D:\ILive\Project\Common\ILiveLib\bin\Release\ILiveLib.dll
2017/8/14 0:33:20, Info: Creating Archive D:\ILive\Project\Common\ILiveLib\bin\Release\ILiveLib.cplz...
2017/8/14 0:33:20, Info: Saving project information...
2017/8/14 0:33:23, Info: Validating assembly D:\ILive\Project\ChenSmart\ChenSmart\bin\Release\ChenSmart.dll...
2017/8/14 0:33:23, Info: Verifying assembly D:\ILive\Project\ChenSmart\ChenSmart\bin\Release\ChenSmart.dll
2017/8/14 0:33:23, Info: Creating Archive D:\ILive\Project\ChenSmart\ChenSmart\bin\Release\ChenSmart.cpz...
2017/8/14 0:33:24, Info: Saving project information...
2017/8/14 0:34:36, Info: Validating assembly D:\ILive\Project\Common\ILiveLib\bin\Release\ILiveLib.dll...
2017/8/14 0:34:37, Info: Verifying assembly D:\ILive\Project\Common\ILiveLib\bin\Release\ILiveLib.dll
2017/8/14 0:34:37, Info: Creating Archive D:\ILive\Project\Common\ILiveLib\bin\Release\ILiveLib.cplz...
2017/8/14 0:34:37, Info: Saving project information...
2017/8/14 0:34:40, Info: Validating assembly D:\ILive\Project\ChenSmart\ChenSmart\bin\Release\ChenSmart.dll...
2017/8/14 0:34:40, Info: Verifying assembly D:\ILive\Project\ChenSmart\ChenSmart\bin\Release\ChenSmart.dll
2017/8/14 0:34:40, Info: Creating Archive D:\ILive\Project\ChenSmart\ChenSmart\bin\Release\ChenSmart.cpz...
2017/8/14 0:34:41, Info: Saving project information...
2017/8/14 0:36:09, Info: Validating assembly D:\ILive\Project\Common\ILiveLib\bin\Release\ILiveLib.dll...
2017/8/14 0:36:09, Info: Verifying assembly D:\ILive\Project\Common\ILiveLib\bin\Release\ILiveLib.dll
2017/8/14 0:36:09, Info: Creating Archive D:\ILive\Project\Common\ILiveLib\bin\Release\ILiveLib.cplz...
2017/8/14 0:36:09, Info: Saving project information...
2017/8/14 0:37:09, Info: Validating assembly D:\ILive\Project\Common\ILiveLib\bin\Release\ILiveLib.dll...
2017/8/14 0:37:09, Info: Verifying assembly D:\ILive\Project\Common\ILiveLib\bin\Release\ILiveLib.dll
2017/8/14 0:37:09, Info: Creating Archive D:\ILive\Project\Common\ILiveLib\bin\Release\ILiveLib.cplz...
2017/8/14 0:37:09, Info: Saving project information...
2017/8/14 0:37:12, Info: Validating assembly D:\ILive\Project\ChenSmart\ChenSmart\bin\Release\ChenSmart.dll...
2017/8/14 0:37:13, Info: Verifying assembly D:\ILive\Project\ChenSmart\ChenSmart\bin\Release\ChenSmart.dll
2017/8/14 0:37:13, Info: Creating Archive D:\ILive\Project\ChenSmart\ChenSmart\bin\Release\ChenSmart.cpz...
2017/8/14 0:37:13, Info: Saving project information...
2017/8/14 0:37:23, Info: Validating assembly D:\ILive\Project\Common\ILiveLib\bin\Release\ILiveLib.dll...
2017/8/14 0:37:23, Info: Verifying assembly D:\ILive\Project\Common\ILiveLib\bin\Release\ILiveLib.dll
2017/8/14 0:37:23, Info: Creating Archive D:\ILive\Project\Common\ILiveLib\bin\Release\ILiveLib.cplz...
2017/8/14 0:37:24, Info: Saving project information...
2017/8/14 0:37:27, Info: Validating assembly D:\ILive\Project\ChenSmart\ChenSmart\bin\Release\ChenSmart.dll...
2017/8/14 0:37:27, Info: Verifying assembly D:\ILive\Project\ChenSmart\ChenSmart\bin\Release\ChenSmart.dll
2017/8/14 0:37:27, Info: Creating Archive D:\ILive\Project\ChenSmart\ChenSmart\bin\Release\ChenSmart.cpz...
2017/8/14 0:37:28, Info: Saving project information...
2017/8/14 0:37:36, Info: Validating assembly D:\ILive\Project\Common\ILiveLib\bin\Release\ILiveLib.dll...
2017/8/14 0:37:37, Info: Verifying assembly D:\ILive\Project\Common\ILiveLib\bin\Release\ILiveLib.dll
2017/8/14 0:37:37, Info: Creating Archive D:\ILive\Project\Common\ILiveLib\bin\Release\ILiveLib.cplz...
2017/8/14 0:37:37, Info: Saving project information...
2017/8/14 0:37:40, Info: Validating assembly D:\ILive\Project\ChenSmart\ChenSmart\bin\Release\ChenSmart.dll...
2017/8/14 0:37:40, Info: Verifying assembly D:\ILive\Project\ChenSmart\ChenSmart\bin\Release\ChenSmart.dll
2017/8/14 0:37:40, Info: Creating Archive D:\ILive\Project\ChenSmart\ChenSmart\bin\Release\ChenSmart.cpz...
2017/8/14 0:37:41, Info: Saving project information...
2017/8/14 0:38:28, Info: Validating assembly D:\ILive\Project\Common\ILiveLib\bin\Release\ILiveLib.dll...
2017/8/14 0:38:29, Info: Verifying assembly D:\ILive\Project\Common\ILiveLib\bin\Release\ILiveLib.dll
2017/8/14 0:38:29, Info: Creating Archive D:\ILive\Project\Common\ILiveLib\bin\Release\ILiveLib.cplz...
2017/8/14 0:38:29, Info: Saving project information...
2017/8/14 0:38:32, Info: Validating assembly D:\ILive\Project\ChenSmart\ChenSmart\bin\Release\ChenSmart.dll...
2017/8/14 0:38:32, Info: Verifying assembly D:\ILive\Project\ChenSmart\ChenSmart\bin\Release\ChenSmart.dll
2017/8/14 0:38:33, Info: Creating Archive D:\ILive\Project\ChenSmart\ChenSmart\bin\Release\ChenSmart.cpz...
2017/8/14 0:38:33, Info: Saving project information...
2017/8/14 0:38:55, Info: Validating assembly D:\ILive\Project\Common\ILiveLib\bin\Release\ILiveLib.dll...
2017/8/14 0:38:56, Info: Verifying assembly D:\ILive\Project\Common\ILiveLib\bin\Release\ILiveLib.dll
2017/8/14 0:38:56, Info: Creating Archive D:\ILive\Project\Common\ILiveLib\bin\Release\ILiveLib.cplz...
2017/8/14 0:38:56, Info: Saving project information...
2017/8/14 0:38:59, Info: Validating assembly D:\ILive\Project\ChenSmart\ChenSmart\bin\Release\ChenSmart.dll...
2017/8/14 0:39:00, Info: Verifying assembly D:\ILive\Project\ChenSmart\ChenSmart\bin\Release\ChenSmart.dll
2017/8/14 0:39:00, Info: Creating Archive D:\ILive\Project\ChenSmart\ChenSmart\bin\Release\ChenSmart.cpz...
2017/8/14 0:39:00, Info: Saving project information...
2017/8/14 0:39:14, Info: Validating assembly D:\ILive\Project\Common\ILiveLib\bin\Release\ILiveLib.dll...
2017/8/14 0:39:14, Info: Verifying assembly D:\ILive\Project\Common\ILiveLib\bin\Release\ILiveLib.dll
2017/8/14 0:39:14, Info: Creating Archive D:\ILive\Project\Common\ILiveLib\bin\Release\ILiveLib.cplz...
2017/8/14 0:39:14, Info: Saving project information...
2017/8/14 0:39:17, Info: Validating assembly D:\ILive\Project\ChenSmart\ChenSmart\bin\Release\ChenSmart.dll...
2017/8/14 0:39:18, Info: Verifying assembly D:\ILive\Project\ChenSmart\ChenSmart\bin\Release\ChenSmart.dll
2017/8/14 0:39:18, Info: Creating Archive D:\ILive\Project\ChenSmart\ChenSmart\bin\Release\ChenSmart.cpz...
2017/8/14 0:39:19, Info: Saving project information...
2017/8/14 0:39:57, Info: Validating assembly D:\ILive\Project\Common\ILiveLib\bin\Release\ILiveLib.dll...
2017/8/14 0:39:57, Info: Verifying assembly D:\ILive\Project\Common\ILiveLib\bin\Release\ILiveLib.dll
2017/8/14 0:39:57, Info: Creating Archive D:\ILive\Project\Common\ILiveLib\bin\Release\ILiveLib.cplz...
2017/8/14 0:39:57, Info: Saving project information...
2017/8/14 0:40:00, Info: Validating assembly D:\ILive\Project\ChenSmart\ChenSmart\bin\Release\ChenSmart.dll...
2017/8/14 0:40:01, Info: Verifying assembly D:\ILive\Project\ChenSmart\ChenSmart\bin\Release\ChenSmart.dll
2017/8/14 0:40:01, Info: Creating Archive D:\ILive\Project\ChenSmart\ChenSmart\bin\Release\ChenSmart.cpz...
2017/8/14 0:40:02, Info: Saving project information...
2017/8/14 0:40:23, Info: Validating assembly D:\ILive\Project\Common\ILiveLib\bin\Release\ILiveLib.dll...
2017/8/14 0:40:23, Info: Verifying assembly D:\ILive\Project\Common\ILiveLib\bin\Release\ILiveLib.dll
2017/8/14 0:40:23, Info: Creating Archive D:\ILive\Project\Common\ILiveLib\bin\Release\ILiveLib.cplz...
2017/8/14 0:40:23, Info: Saving project information...
2017/8/14 0:40:26, Info: Validating assembly D:\ILive\Project\ChenSmart\ChenSmart\bin\Release\ChenSmart.dll...
2017/8/14 0:40:27, Info: Verifying assembly D:\ILive\Project\ChenSmart\ChenSmart\bin\Release\ChenSmart.dll
2017/8/14 0:40:27, Info: Creating Archive D:\ILive\Project\ChenSmart\ChenSmart\bin\Release\ChenSmart.cpz...
2017/8/14 0:40:27, Info: Saving project information...
2017/8/14 1:11:22, Info: Terminating SIMPLSharp Services
2017/8/14 1:11:22, Info: Saving project information...
2017/8/14 1:11:22, Info: Terminating SIMPLSharp Services
