2017/7/29 8:30:39, Info: Initializing SIMPLSharp Services...
2017/7/29 8:30:40, Info: ProjectInfo successfully initialized.
2017/7/29 8:30:42, Info: Initializing SIMPLSharp Services...
2017/7/29 8:30:42, Info: ProjectInfo successfully initialized.
2017/7/29 8:31:38, Info: Validating assembly Y:\Projects\K097QiaoTouChen\src\ChenSmart\ILiveLib\bin\Release\ILiveLib.dll...
2017/7/29 8:31:39, Info: Verifying assembly Y:\Projects\K097QiaoTouChen\src\ChenSmart\ILiveLib\bin\Release\ILiveLib.dll
2017/7/29 8:31:40, Info: Creating Archive Y:\Projects\K097QiaoTouChen\src\ChenSmart\ILiveLib\bin\Release\ILiveLib.cplz...
2017/7/29 8:31:42, Info: Saving project information...
2017/7/29 8:31:52, Info: Validating assembly Y:\Projects\K097QiaoTouChen\src\ChenSmart\ChenSmart\bin\Release\ChenSmart.dll...
2017/7/29 8:31:56, Info: Verifying assembly Y:\Projects\K097QiaoTouChen\src\ChenSmart\ChenSmart\bin\Release\ChenSmart.dll
2017/7/29 8:32:01, Info: Creating Archive Y:\Projects\K097QiaoTouChen\src\ChenSmart\ChenSmart\bin\Release\ChenSmart.cpz...
2017/7/29 8:32:07, Info: Saving project information...
2017/7/29 8:33:18, Info: Initializing SIMPLSharp Services...
2017/7/29 8:33:18, Info: ProjectInfo successfully initialized.
2017/7/29 8:33:35, Info: Initializing SIMPLSharp Services...
2017/7/29 8:33:35, Info: ProjectInfo successfully initialized.
2017/7/29 8:34:17, Info: Saving project information...
2017/7/29 8:34:17, Info: Saving project information...
2017/7/29 8:34:17, Info: Saving project information...
2017/7/29 8:34:17, Info: Saving project information...
2017/7/29 8:34:17, Info: Saving project information...
2017/7/29 8:34:17, Info: Saving project information...
2017/7/29 8:34:17, Info: Saving project information...
2017/7/29 8:34:17, Info: Saving project information...
2017/7/29 8:34:17, Info: Saving project information...
2017/7/29 8:34:17, Info: Saving project information...
2017/7/29 8:34:17, Info: Saving project information...
2017/7/29 8:34:17, Info: Saving project information...
2017/7/29 8:34:21, Info: Validating assembly D:\ILive\Project\Common\ILiveLib\bin\Debug\ILiveLib.dll...
2017/7/29 8:34:21, Info: Verifying assembly D:\ILive\Project\Common\ILiveLib\bin\Debug\ILiveLib.dll
2017/7/29 8:34:21, Info: Creating Archive D:\ILive\Project\Common\ILiveLib\bin\Debug\ILiveLib.cplz...
2017/7/29 8:34:22, Info: Saving project information...
2017/7/29 8:35:40, Info: Saving project information...
2017/7/29 8:35:40, Info: Saving project information...
2017/7/29 8:35:40, Info: Saving project information...
2017/7/29 8:35:40, Info: Saving project information...
2017/7/29 8:35:40, Info: Saving project information...
2017/7/29 8:35:40, Info: Saving project information...
2017/7/29 8:35:43, Info: Validating assembly D:\ILive\Project\Common\ILiveLib\bin\Debug\ILiveLib.dll...
2017/7/29 8:35:44, Info: Verifying assembly D:\ILive\Project\Common\ILiveLib\bin\Debug\ILiveLib.dll
2017/7/29 8:35:44, Info: Creating Archive D:\ILive\Project\Common\ILiveLib\bin\Debug\ILiveLib.cplz...
2017/7/29 8:35:45, Info: Saving project information...
2017/7/29 8:35:58, Info: Validating assembly D:\ILive\Project\Common\ILiveLib\bin\Debug\ILiveLib.dll...
2017/7/29 8:35:59, Info: Verifying assembly D:\ILive\Project\Common\ILiveLib\bin\Debug\ILiveLib.dll
2017/7/29 8:35:59, Info: Creating Archive D:\ILive\Project\Common\ILiveLib\bin\Debug\ILiveLib.cplz...
2017/7/29 8:35:59, Info: Saving project information...
2017/7/29 8:36:24, Info: Validating assembly D:\ILive\Project\Common\ILiveLib\bin\Debug\ILiveLib.dll...
2017/7/29 8:36:24, Info: Verifying assembly D:\ILive\Project\Common\ILiveLib\bin\Debug\ILiveLib.dll
2017/7/29 8:36:24, Info: Creating Archive D:\ILive\Project\Common\ILiveLib\bin\Debug\ILiveLib.cplz...
2017/7/29 8:36:25, Info: Saving project information...
2017/7/29 8:36:37, Info: Saving project information...
2017/7/29 8:36:37, Info: Saving project information...
2017/7/29 8:36:37, Info: Saving project information...
2017/7/29 8:36:37, Info: Saving project information...
2017/7/29 8:36:37, Info: Saving project information...
2017/7/29 8:36:37, Info: Saving project information...
2017/7/29 8:36:40, Info: Validating assembly D:\ILive\Project\Common\ILiveLib\bin\Debug\ILiveLib.dll...
2017/7/29 8:36:41, Info: Verifying assembly D:\ILive\Project\Common\ILiveLib\bin\Debug\ILiveLib.dll
2017/7/29 8:36:41, Info: Creating Archive D:\ILive\Project\Common\ILiveLib\bin\Debug\ILiveLib.cplz...
2017/7/29 8:36:41, Info: Saving project information...
2017/7/29 8:36:54, Info: Saving project information...
2017/7/29 8:36:54, Info: Saving project information...
2017/7/29 8:36:54, Info: Saving project information...
2017/7/29 8:36:54, Info: Saving project information...
2017/7/29 8:36:54, Info: Saving project information...
2017/7/29 8:36:54, Info: Saving project information...
2017/7/29 8:36:58, Info: Validating assembly D:\ILive\Project\Common\ILiveLib\bin\Debug\ILiveLib.dll...
2017/7/29 8:36:58, Info: Verifying assembly D:\ILive\Project\Common\ILiveLib\bin\Debug\ILiveLib.dll
2017/7/29 8:36:58, Info: Creating Archive D:\ILive\Project\Common\ILiveLib\bin\Debug\ILiveLib.cplz...
2017/7/29 8:36:59, Info: Saving project information...
2017/7/29 8:37:13, Info: Validating assembly D:\ILive\Project\Common\ILiveLib\bin\Debug\ILiveLib.dll...
2017/7/29 8:37:13, Info: Verifying assembly D:\ILive\Project\Common\ILiveLib\bin\Debug\ILiveLib.dll
2017/7/29 8:37:14, Info: Creating Archive D:\ILive\Project\Common\ILiveLib\bin\Debug\ILiveLib.cplz...
2017/7/29 8:37:14, Info: Saving project information...
2017/7/29 8:37:28, Info: Validating assembly D:\ILive\Project\Common\ILiveLib\bin\Debug\ILiveLib.dll...
2017/7/29 8:37:29, Info: Verifying assembly D:\ILive\Project\Common\ILiveLib\bin\Debug\ILiveLib.dll
2017/7/29 8:37:29, Info: Creating Archive D:\ILive\Project\Common\ILiveLib\bin\Debug\ILiveLib.cplz...
2017/7/29 8:37:29, Info: Saving project information...
2017/7/29 8:37:33, Info: Validating assembly D:\ILive\Project\CQJSSmart\CQJSSmart\bin\Debug\CQJSSmart.dll...
2017/7/29 8:37:33, Info: Verifying assembly D:\ILive\Project\CQJSSmart\CQJSSmart\bin\Debug\CQJSSmart.dll
2017/7/29 8:37:33, Info: Creating Archive D:\ILive\Project\CQJSSmart\CQJSSmart\bin\Debug\CQJSSmart.cpz...
2017/7/29 8:37:34, Info: Saving project information...
2017/7/29 8:43:41, Info: Validating assembly D:\ILive\Project\Common\ILiveLib\bin\Debug\ILiveLib.dll...
2017/7/29 8:43:42, Info: Verifying assembly D:\ILive\Project\Common\ILiveLib\bin\Debug\ILiveLib.dll
2017/7/29 8:43:42, Info: Creating Archive D:\ILive\Project\Common\ILiveLib\bin\Debug\ILiveLib.cplz...
2017/7/29 8:43:42, Info: Saving project information...
2017/7/29 8:43:48, Info: Validating assembly D:\ILive\Project\CQJSSmart\CQJSSmart\bin\Debug\CQJSSmart.dll...
2017/7/29 8:43:48, Info: Verifying assembly D:\ILive\Project\CQJSSmart\CQJSSmart\bin\Debug\CQJSSmart.dll
2017/7/29 8:43:49, Info: Creating Archive D:\ILive\Project\CQJSSmart\CQJSSmart\bin\Debug\CQJSSmart.cpz...
2017/7/29 8:43:50, Info: Saving project information...
2017/7/29 8:44:13, Info: Validating assembly D:\ILive\Project\Common\ILiveLib\bin\Debug\ILiveLib.dll...
2017/7/29 8:44:13, Info: Verifying assembly D:\ILive\Project\Common\ILiveLib\bin\Debug\ILiveLib.dll
2017/7/29 8:44:13, Info: Creating Archive D:\ILive\Project\Common\ILiveLib\bin\Debug\ILiveLib.cplz...
2017/7/29 8:44:14, Info: Saving project information...
2017/7/29 8:44:17, Info: Validating assembly D:\ILive\Project\CQJSSmart\CQJSSmart\bin\Debug\CQJSSmart.dll...
2017/7/29 8:44:17, Info: Verifying assembly D:\ILive\Project\CQJSSmart\CQJSSmart\bin\Debug\CQJSSmart.dll
2017/7/29 8:44:18, Info: Creating Archive D:\ILive\Project\CQJSSmart\CQJSSmart\bin\Debug\CQJSSmart.cpz...
2017/7/29 8:44:19, Info: Saving project information...
2017/7/29 8:45:08, Info: Saving project information...
2017/7/29 8:45:08, Info: Saving project information...
2017/7/29 8:45:08, Info: Saving project information...
2017/7/29 8:45:08, Info: Saving project information...
2017/7/29 8:45:08, Info: Saving project information...
2017/7/29 8:45:08, Info: Saving project information...
2017/7/29 8:45:12, Info: Validating assembly D:\ILive\Project\Common\ILiveLib\bin\Debug\ILiveLib.dll...
2017/7/29 8:45:12, Info: Verifying assembly D:\ILive\Project\Common\ILiveLib\bin\Debug\ILiveLib.dll
2017/7/29 8:45:12, Info: Creating Archive D:\ILive\Project\Common\ILiveLib\bin\Debug\ILiveLib.cplz...
2017/7/29 8:45:13, Info: Saving project information...
2017/7/29 8:45:17, Info: Validating assembly D:\ILive\Project\CQJSSmart\CQJSSmart\bin\Debug\CQJSSmart.dll...
2017/7/29 8:45:18, Info: Verifying assembly D:\ILive\Project\CQJSSmart\CQJSSmart\bin\Debug\CQJSSmart.dll
2017/7/29 8:45:18, Info: Creating Archive D:\ILive\Project\CQJSSmart\CQJSSmart\bin\Debug\CQJSSmart.cpz...
2017/7/29 8:45:19, Info: Saving project information...
2017/7/29 8:50:59, Info: Validating assembly D:\ILive\Project\Common\ILiveLib\bin\Debug\ILiveLib.dll...
2017/7/29 8:50:59, Info: Verifying assembly D:\ILive\Project\Common\ILiveLib\bin\Debug\ILiveLib.dll
2017/7/29 8:50:59, Info: Creating Archive D:\ILive\Project\Common\ILiveLib\bin\Debug\ILiveLib.cplz...
2017/7/29 8:51:00, Info: Saving project information...
2017/7/29 8:51:04, Info: Validating assembly D:\ILive\Project\CQJSSmart\CQJSSmart\bin\Debug\CQJSSmart.dll...
2017/7/29 8:51:04, Info: Verifying assembly D:\ILive\Project\CQJSSmart\CQJSSmart\bin\Debug\CQJSSmart.dll
2017/7/29 8:51:05, Info: Creating Archive D:\ILive\Project\CQJSSmart\CQJSSmart\bin\Debug\CQJSSmart.cpz...
2017/7/29 8:51:06, Info: Saving project information...
2017/7/29 8:52:14, Info: Validating assembly D:\ILive\Project\Common\ILiveLib\bin\Debug\ILiveLib.dll...
2017/7/29 8:52:14, Info: Verifying assembly D:\ILive\Project\Common\ILiveLib\bin\Debug\ILiveLib.dll
2017/7/29 8:52:14, Info: Creating Archive D:\ILive\Project\Common\ILiveLib\bin\Debug\ILiveLib.cplz...
2017/7/29 8:52:15, Info: Saving project information...
2017/7/29 8:52:18, Info: Validating assembly D:\ILive\Project\CQJSSmart\CQJSSmart\bin\Debug\CQJSSmart.dll...
2017/7/29 8:52:18, Info: Verifying assembly D:\ILive\Project\CQJSSmart\CQJSSmart\bin\Debug\CQJSSmart.dll
2017/7/29 8:52:18, Info: Creating Archive D:\ILive\Project\CQJSSmart\CQJSSmart\bin\Debug\CQJSSmart.cpz...
2017/7/29 8:52:19, Info: Saving project information...
2017/7/29 8:55:09, Info: Validating assembly D:\ILive\Project\Common\ILiveLib\bin\Debug\ILiveLib.dll...
2017/7/29 8:55:09, Info: Verifying assembly D:\ILive\Project\Common\ILiveLib\bin\Debug\ILiveLib.dll
2017/7/29 8:55:10, Info: Creating Archive D:\ILive\Project\Common\ILiveLib\bin\Debug\ILiveLib.cplz...
2017/7/29 8:55:10, Info: Saving project information...
2017/7/29 8:55:12, Info: Validating assembly D:\ILive\Project\CQJSSmart\CQJSSmart\bin\Debug\CQJSSmart.dll...
2017/7/29 8:55:13, Info: Verifying assembly D:\ILive\Project\CQJSSmart\CQJSSmart\bin\Debug\CQJSSmart.dll
2017/7/29 8:55:13, Info: Creating Archive D:\ILive\Project\CQJSSmart\CQJSSmart\bin\Debug\CQJSSmart.cpz...
2017/7/29 8:55:14, Info: Saving project information...
2017/7/29 8:57:30, Info: Saving project information...
2017/7/29 8:57:30, Info: Saving project information...
2017/7/29 8:57:30, Info: Saving project information...
2017/7/29 8:58:04, Info: Saving project information...
2017/7/29 8:58:04, Info: Saving project information...
2017/7/29 8:58:04, Info: Saving project information...
2017/7/29 8:58:04, Info: Saving project information...
2017/7/29 8:58:04, Info: Saving project information...
2017/7/29 8:58:04, Info: Saving project information...
2017/7/29 8:58:07, Info: Validating assembly D:\ILive\Project\Common\ILiveLib\bin\Debug\ILiveLib.dll...
2017/7/29 8:58:08, Info: Verifying assembly D:\ILive\Project\Common\ILiveLib\bin\Debug\ILiveLib.dll
2017/7/29 8:58:08, Info: Creating Archive D:\ILive\Project\Common\ILiveLib\bin\Debug\ILiveLib.cplz...
2017/7/29 8:58:08, Info: Saving project information...
2017/7/29 8:58:10, Info: Validating assembly D:\ILive\Project\CQJSSmart\CQJSSmart\bin\Debug\CQJSSmart.dll...
2017/7/29 8:58:11, Info: Verifying assembly D:\ILive\Project\CQJSSmart\CQJSSmart\bin\Debug\CQJSSmart.dll
2017/7/29 8:58:11, Info: Creating Archive D:\ILive\Project\CQJSSmart\CQJSSmart\bin\Debug\CQJSSmart.cpz...
2017/7/29 8:58:12, Info: Saving project information...
2017/7/29 8:59:23, Info: Validating assembly D:\ILive\Project\Common\ILiveLib\bin\Debug\ILiveLib.dll...
2017/7/29 8:59:23, Info: Verifying assembly D:\ILive\Project\Common\ILiveLib\bin\Debug\ILiveLib.dll
2017/7/29 8:59:23, Info: Creating Archive D:\ILive\Project\Common\ILiveLib\bin\Debug\ILiveLib.cplz...
2017/7/29 8:59:24, Info: Saving project information...
2017/7/29 8:59:26, Info: Validating assembly D:\ILive\Project\CQJSSmart\CQJSSmart\bin\Debug\CQJSSmart.dll...
2017/7/29 8:59:27, Info: Verifying assembly D:\ILive\Project\CQJSSmart\CQJSSmart\bin\Debug\CQJSSmart.dll
2017/7/29 8:59:27, Info: Creating Archive D:\ILive\Project\CQJSSmart\CQJSSmart\bin\Debug\CQJSSmart.cpz...
2017/7/29 8:59:28, Info: Saving project information...
2017/7/29 8:59:51, Info: Validating assembly D:\ILive\Project\Common\ILiveLib\bin\Debug\ILiveLib.dll...
2017/7/29 8:59:51, Info: Verifying assembly D:\ILive\Project\Common\ILiveLib\bin\Debug\ILiveLib.dll
2017/7/29 8:59:51, Info: Creating Archive D:\ILive\Project\Common\ILiveLib\bin\Debug\ILiveLib.cplz...
2017/7/29 8:59:51, Info: Saving project information...
2017/7/29 8:59:54, Info: Validating assembly D:\ILive\Project\CQJSSmart\CQJSSmart\bin\Debug\CQJSSmart.dll...
2017/7/29 8:59:54, Info: Verifying assembly D:\ILive\Project\CQJSSmart\CQJSSmart\bin\Debug\CQJSSmart.dll
2017/7/29 8:59:54, Info: Creating Archive D:\ILive\Project\CQJSSmart\CQJSSmart\bin\Debug\CQJSSmart.cpz...
2017/7/29 8:59:55, Info: Saving project information...
2017/7/29 9:00:47, Info: Validating assembly D:\ILive\Project\Common\ILiveLib\bin\Debug\ILiveLib.dll...
2017/7/29 9:00:47, Info: Verifying assembly D:\ILive\Project\Common\ILiveLib\bin\Debug\ILiveLib.dll
2017/7/29 9:00:47, Info: Creating Archive D:\ILive\Project\Common\ILiveLib\bin\Debug\ILiveLib.cplz...
2017/7/29 9:00:48, Info: Saving project information...
2017/7/29 9:00:50, Info: Validating assembly D:\ILive\Project\CQJSSmart\CQJSSmart\bin\Debug\CQJSSmart.dll...
2017/7/29 9:00:51, Info: Verifying assembly D:\ILive\Project\CQJSSmart\CQJSSmart\bin\Debug\CQJSSmart.dll
2017/7/29 9:00:51, Info: Creating Archive D:\ILive\Project\CQJSSmart\CQJSSmart\bin\Debug\CQJSSmart.cpz...
2017/7/29 9:00:52, Info: Saving project information...
2017/7/29 9:20:25, Info: Validating assembly D:\ILive\Project\Common\ILiveLib\bin\Debug\ILiveLib.dll...
2017/7/29 9:20:26, Info: Verifying assembly D:\ILive\Project\Common\ILiveLib\bin\Debug\ILiveLib.dll
2017/7/29 9:20:26, Info: Creating Archive D:\ILive\Project\Common\ILiveLib\bin\Debug\ILiveLib.cplz...
2017/7/29 9:20:26, Info: Saving project information...
2017/7/29 9:20:29, Info: Validating assembly D:\ILive\Project\CQJSSmart\CQJSSmart\bin\Debug\CQJSSmart.dll...
2017/7/29 9:20:30, Info: Verifying assembly D:\ILive\Project\CQJSSmart\CQJSSmart\bin\Debug\CQJSSmart.dll
2017/7/29 9:20:30, Info: Creating Archive D:\ILive\Project\CQJSSmart\CQJSSmart\bin\Debug\CQJSSmart.cpz...
2017/7/29 9:20:31, Info: Saving project information...
2017/7/29 9:51:36, Info: Validating assembly D:\ILive\Project\Common\ILiveLib\bin\Debug\ILiveLib.dll...
2017/7/29 9:51:36, Info: Verifying assembly D:\ILive\Project\Common\ILiveLib\bin\Debug\ILiveLib.dll
2017/7/29 9:51:36, Info: Creating Archive D:\ILive\Project\Common\ILiveLib\bin\Debug\ILiveLib.cplz...
2017/7/29 9:51:37, Info: Saving project information...
2017/7/29 9:51:40, Info: Validating assembly D:\ILive\Project\CQJSSmart\CQJSSmart\bin\Debug\CQJSSmart.dll...
2017/7/29 9:51:40, Info: Verifying assembly D:\ILive\Project\CQJSSmart\CQJSSmart\bin\Debug\CQJSSmart.dll
2017/7/29 9:51:40, Info: Creating Archive D:\ILive\Project\CQJSSmart\CQJSSmart\bin\Debug\CQJSSmart.cpz...
2017/7/29 9:51:41, Info: Saving project information...
2017/7/29 10:03:56, Info: Validating assembly D:\ILive\Project\Common\ILiveLib\bin\Debug\ILiveLib.dll...
2017/7/29 10:03:56, Info: Verifying assembly D:\ILive\Project\Common\ILiveLib\bin\Debug\ILiveLib.dll
2017/7/29 10:03:57, Info: Creating Archive D:\ILive\Project\Common\ILiveLib\bin\Debug\ILiveLib.cplz...
2017/7/29 10:03:57, Info: Saving project information...
2017/7/29 10:04:00, Info: Validating assembly D:\ILive\Project\CQJSSmart\CQJSSmart\bin\Debug\CQJSSmart.dll...
2017/7/29 10:04:00, Info: Verifying assembly D:\ILive\Project\CQJSSmart\CQJSSmart\bin\Debug\CQJSSmart.dll
2017/7/29 10:04:00, Info: Creating Archive D:\ILive\Project\CQJSSmart\CQJSSmart\bin\Debug\CQJSSmart.cpz...
2017/7/29 10:04:01, Info: Saving project information...
2017/7/29 10:07:32, Info: Validating assembly D:\ILive\Project\Common\ILiveLib\bin\Debug\ILiveLib.dll...
2017/7/29 10:07:33, Info: Verifying assembly D:\ILive\Project\Common\ILiveLib\bin\Debug\ILiveLib.dll
2017/7/29 10:07:33, Info: Creating Archive D:\ILive\Project\Common\ILiveLib\bin\Debug\ILiveLib.cplz...
2017/7/29 10:07:33, Info: Saving project information...
2017/7/29 10:07:36, Info: Validating assembly D:\ILive\Project\CQJSSmart\CQJSSmart\bin\Debug\CQJSSmart.dll...
2017/7/29 10:07:37, Info: Verifying assembly D:\ILive\Project\CQJSSmart\CQJSSmart\bin\Debug\CQJSSmart.dll
2017/7/29 10:07:37, Info: Creating Archive D:\ILive\Project\CQJSSmart\CQJSSmart\bin\Debug\CQJSSmart.cpz...
2017/7/29 10:07:38, Info: Saving project information...
2017/7/29 10:08:02, Info: Validating assembly D:\ILive\Project\Common\ILiveLib\bin\Debug\ILiveLib.dll...
2017/7/29 10:08:02, Info: Verifying assembly D:\ILive\Project\Common\ILiveLib\bin\Debug\ILiveLib.dll
2017/7/29 10:08:02, Info: Creating Archive D:\ILive\Project\Common\ILiveLib\bin\Debug\ILiveLib.cplz...
2017/7/29 10:08:02, Info: Saving project information...
2017/7/29 10:08:05, Info: Validating assembly D:\ILive\Project\CQJSSmart\CQJSSmart\bin\Debug\CQJSSmart.dll...
2017/7/29 10:08:06, Info: Verifying assembly D:\ILive\Project\CQJSSmart\CQJSSmart\bin\Debug\CQJSSmart.dll
2017/7/29 10:08:06, Info: Creating Archive D:\ILive\Project\CQJSSmart\CQJSSmart\bin\Debug\CQJSSmart.cpz...
2017/7/29 10:08:07, Info: Saving project information...
2017/7/29 10:10:32, Info: Validating assembly D:\ILive\Project\Common\ILiveLib\bin\Debug\ILiveLib.dll...
2017/7/29 10:10:32, Info: Verifying assembly D:\ILive\Project\Common\ILiveLib\bin\Debug\ILiveLib.dll
2017/7/29 10:10:32, Info: Creating Archive D:\ILive\Project\Common\ILiveLib\bin\Debug\ILiveLib.cplz...
2017/7/29 10:10:33, Info: Saving project information...
2017/7/29 10:10:37, Info: Validating assembly D:\ILive\Project\CQJSSmart\CQJSSmart\bin\Debug\CQJSSmart.dll...
2017/7/29 10:10:38, Info: Verifying assembly D:\ILive\Project\CQJSSmart\CQJSSmart\bin\Debug\CQJSSmart.dll
2017/7/29 10:10:38, Info: Creating Archive D:\ILive\Project\CQJSSmart\CQJSSmart\bin\Debug\CQJSSmart.cpz...
2017/7/29 10:10:39, Info: Saving project information...
2017/7/29 10:44:40, Info: Validating assembly D:\ILive\Project\Common\ILiveLib\bin\Debug\ILiveLib.dll...
2017/7/29 10:44:41, Info: Verifying assembly D:\ILive\Project\Common\ILiveLib\bin\Debug\ILiveLib.dll
2017/7/29 10:44:41, Info: Creating Archive D:\ILive\Project\Common\ILiveLib\bin\Debug\ILiveLib.cplz...
2017/7/29 10:44:41, Info: Saving project information...
2017/7/29 12:01:01, Info: Validating assembly D:\ILive\Project\Common\ILiveLib\bin\Debug\ILiveLib.dll...
2017/7/29 12:01:01, Info: Verifying assembly D:\ILive\Project\Common\ILiveLib\bin\Debug\ILiveLib.dll
2017/7/29 12:01:01, Info: Creating Archive D:\ILive\Project\Common\ILiveLib\bin\Debug\ILiveLib.cplz...
2017/7/29 12:01:02, Info: Saving project information...
2017/7/29 13:00:03, Info: Validating assembly D:\ILive\Project\Common\ILiveLib\bin\Debug\ILiveLib.dll...
2017/7/29 13:00:03, Info: Verifying assembly D:\ILive\Project\Common\ILiveLib\bin\Debug\ILiveLib.dll
2017/7/29 13:00:03, Info: Creating Archive D:\ILive\Project\Common\ILiveLib\bin\Debug\ILiveLib.cplz...
2017/7/29 13:00:04, Info: Saving project information...
2017/7/29 13:00:08, Info: Validating assembly D:\ILive\Project\CQJSSmart\CQJSSmart\bin\Debug\CQJSSmart.dll...
2017/7/29 13:00:08, Info: Verifying assembly D:\ILive\Project\CQJSSmart\CQJSSmart\bin\Debug\CQJSSmart.dll
2017/7/29 13:00:08, Info: Creating Archive D:\ILive\Project\CQJSSmart\CQJSSmart\bin\Debug\CQJSSmart.cpz...
2017/7/29 13:00:09, Info: Saving project information...
2017/7/29 13:06:19, Info: Validating assembly D:\ILive\Project\Common\ILiveLib\bin\Debug\ILiveLib.dll...
2017/7/29 13:06:20, Info: Verifying assembly D:\ILive\Project\Common\ILiveLib\bin\Debug\ILiveLib.dll
2017/7/29 13:06:20, Info: Creating Archive D:\ILive\Project\Common\ILiveLib\bin\Debug\ILiveLib.cplz...
2017/7/29 13:06:20, Info: Saving project information...
2017/7/29 13:06:24, Info: Validating assembly D:\ILive\Project\CQJSSmart\CQJSSmart\bin\Debug\CQJSSmart.dll...
2017/7/29 13:06:24, Info: Verifying assembly D:\ILive\Project\CQJSSmart\CQJSSmart\bin\Debug\CQJSSmart.dll
2017/7/29 13:06:25, Info: Creating Archive D:\ILive\Project\CQJSSmart\CQJSSmart\bin\Debug\CQJSSmart.cpz...
2017/7/29 13:06:26, Info: Saving project information...
2017/7/29 13:33:43, Info: Validating assembly D:\ILive\Project\Common\ILiveLib\bin\Debug\ILiveLib.dll...
2017/7/29 13:33:43, Info: Verifying assembly D:\ILive\Project\Common\ILiveLib\bin\Debug\ILiveLib.dll
2017/7/29 13:33:44, Info: Creating Archive D:\ILive\Project\Common\ILiveLib\bin\Debug\ILiveLib.cplz...
2017/7/29 13:33:44, Info: Saving project information...
2017/7/29 13:33:48, Info: Validating assembly D:\ILive\Project\CQJSSmart\CQJSSmart\bin\Debug\CQJSSmart.dll...
2017/7/29 13:33:49, Info: Verifying assembly D:\ILive\Project\CQJSSmart\CQJSSmart\bin\Debug\CQJSSmart.dll
2017/7/29 13:33:49, Info: Creating Archive D:\ILive\Project\CQJSSmart\CQJSSmart\bin\Debug\CQJSSmart.cpz...
2017/7/29 13:33:50, Info: Saving project information...
2017/7/29 13:35:28, Info: Validating assembly D:\ILive\Project\Common\ILiveLib\bin\Debug\ILiveLib.dll...
2017/7/29 13:35:29, Info: Verifying assembly D:\ILive\Project\Common\ILiveLib\bin\Debug\ILiveLib.dll
2017/7/29 13:35:29, Info: Creating Archive D:\ILive\Project\Common\ILiveLib\bin\Debug\ILiveLib.cplz...
2017/7/29 13:35:30, Info: Saving project information...
2017/7/29 13:35:34, Info: Validating assembly D:\ILive\Project\CQJSSmart\CQJSSmart\bin\Debug\CQJSSmart.dll...
2017/7/29 13:35:34, Info: Verifying assembly D:\ILive\Project\CQJSSmart\CQJSSmart\bin\Debug\CQJSSmart.dll
2017/7/29 13:35:34, Info: Creating Archive D:\ILive\Project\CQJSSmart\CQJSSmart\bin\Debug\CQJSSmart.cpz...
2017/7/29 13:35:35, Info: Saving project information...
2017/7/29 13:46:18, Info: Terminating SIMPLSharp Services
2017/7/29 13:46:18, Info: Saving project information...
2017/7/29 13:46:18, Info: Terminating SIMPLSharp Services
2017/7/29 13:46:18, Info: Saving project information...
2017/7/29 13:46:18, Info: Terminating SIMPLSharp Services
2017/7/29 13:46:18, Info: Saving project information...
2017/7/29 13:46:18, Info: Terminating SIMPLSharp Services
