2017/8/13 14:17:02, Info: Initializing SIMPLSharp Services...
2017/8/13 14:17:02, Info: ProjectInfo successfully initialized.
2017/8/13 14:17:03, Info: Initializing SIMPLSharp Services...
2017/8/13 14:17:03, Info: ProjectInfo successfully initialized.
2017/8/13 14:21:12, Info: Validating assembly D:\ILive\Project\Common\ILiveLib\bin\Release\ILiveLib.dll...
2017/8/13 14:21:13, Info: Verifying assembly D:\ILive\Project\Common\ILiveLib\bin\Release\ILiveLib.dll
2017/8/13 14:21:13, Info: Creating Archive D:\ILive\Project\Common\ILiveLib\bin\Release\ILiveLib.cplz...
2017/8/13 14:21:13, Info: Saving project information...
2017/8/13 14:21:16, Info: Validating assembly D:\ILive\Project\ChenSmart\ChenSmart\bin\Release\ChenSmart.dll...
2017/8/13 14:21:16, Info: Verifying assembly D:\ILive\Project\ChenSmart\ChenSmart\bin\Release\ChenSmart.dll
2017/8/13 14:21:16, Info: Creating Archive D:\ILive\Project\ChenSmart\ChenSmart\bin\Release\ChenSmart.cpz...
2017/8/13 14:21:17, Info: Saving project information...
2017/8/13 14:21:36, Info: Validating assembly D:\ILive\Project\Common\ILiveLib\bin\Release\ILiveLib.dll...
2017/8/13 14:21:36, Info: Verifying assembly D:\ILive\Project\Common\ILiveLib\bin\Release\ILiveLib.dll
2017/8/13 14:21:36, Info: Creating Archive D:\ILive\Project\Common\ILiveLib\bin\Release\ILiveLib.cplz...
2017/8/13 14:21:37, Info: Saving project information...
2017/8/13 14:21:39, Info: Validating assembly D:\ILive\Project\ChenSmart\ChenSmart\bin\Release\ChenSmart.dll...
2017/8/13 14:21:39, Info: Verifying assembly D:\ILive\Project\ChenSmart\ChenSmart\bin\Release\ChenSmart.dll
2017/8/13 14:21:40, Info: Creating Archive D:\ILive\Project\ChenSmart\ChenSmart\bin\Release\ChenSmart.cpz...
2017/8/13 14:21:40, Info: Saving project information...
2017/8/13 14:26:39, Info: Validating assembly D:\ILive\Project\Common\ILiveLib\bin\Release\ILiveLib.dll...
2017/8/13 14:26:40, Info: Verifying assembly D:\ILive\Project\Common\ILiveLib\bin\Release\ILiveLib.dll
2017/8/13 14:26:40, Info: Creating Archive D:\ILive\Project\Common\ILiveLib\bin\Release\ILiveLib.cplz...
2017/8/13 14:26:40, Info: Saving project information...
2017/8/13 14:26:42, Info: Validating assembly D:\ILive\Project\ChenSmart\ChenSmart\bin\Release\ChenSmart.dll...
2017/8/13 14:26:43, Info: Verifying assembly D:\ILive\Project\ChenSmart\ChenSmart\bin\Release\ChenSmart.dll
2017/8/13 14:26:43, Info: Creating Archive D:\ILive\Project\ChenSmart\ChenSmart\bin\Release\ChenSmart.cpz...
2017/8/13 14:26:44, Info: Saving project information...
2017/8/13 14:26:56, Info: Validating assembly D:\ILive\Project\Common\ILiveLib\bin\Release\ILiveLib.dll...
2017/8/13 14:26:56, Info: Verifying assembly D:\ILive\Project\Common\ILiveLib\bin\Release\ILiveLib.dll
2017/8/13 14:26:56, Info: Creating Archive D:\ILive\Project\Common\ILiveLib\bin\Release\ILiveLib.cplz...
2017/8/13 14:26:56, Info: Saving project information...
2017/8/13 14:26:59, Info: Validating assembly D:\ILive\Project\ChenSmart\ChenSmart\bin\Release\ChenSmart.dll...
2017/8/13 14:26:59, Info: Verifying assembly D:\ILive\Project\ChenSmart\ChenSmart\bin\Release\ChenSmart.dll
2017/8/13 14:26:59, Info: Creating Archive D:\ILive\Project\ChenSmart\ChenSmart\bin\Release\ChenSmart.cpz...
2017/8/13 14:27:00, Info: Saving project information...
2017/8/13 14:28:23, Info: Validating assembly D:\ILive\Project\Common\ILiveLib\bin\Release\ILiveLib.dll...
2017/8/13 14:28:23, Info: Verifying assembly D:\ILive\Project\Common\ILiveLib\bin\Release\ILiveLib.dll
2017/8/13 14:28:23, Info: Creating Archive D:\ILive\Project\Common\ILiveLib\bin\Release\ILiveLib.cplz...
2017/8/13 14:28:23, Info: Saving project information...
2017/8/13 14:28:26, Info: Validating assembly D:\ILive\Project\ChenSmart\ChenSmart\bin\Release\ChenSmart.dll...
2017/8/13 14:28:26, Info: Verifying assembly D:\ILive\Project\ChenSmart\ChenSmart\bin\Release\ChenSmart.dll
2017/8/13 14:28:26, Info: Creating Archive D:\ILive\Project\ChenSmart\ChenSmart\bin\Release\ChenSmart.cpz...
2017/8/13 14:28:27, Info: Saving project information...
2017/8/13 14:32:54, Info: Validating assembly D:\ILive\Project\Common\ILiveLib\bin\Release\ILiveLib.dll...
2017/8/13 14:32:54, Info: Verifying assembly D:\ILive\Project\Common\ILiveLib\bin\Release\ILiveLib.dll
2017/8/13 14:32:55, Info: Creating Archive D:\ILive\Project\Common\ILiveLib\bin\Release\ILiveLib.cplz...
2017/8/13 14:32:55, Info: Saving project information...
2017/8/13 14:32:57, Info: Validating assembly D:\ILive\Project\ChenSmart\ChenSmart\bin\Release\ChenSmart.dll...
2017/8/13 14:32:58, Info: Verifying assembly D:\ILive\Project\ChenSmart\ChenSmart\bin\Release\ChenSmart.dll
2017/8/13 14:32:58, Info: Creating Archive D:\ILive\Project\ChenSmart\ChenSmart\bin\Release\ChenSmart.cpz...
2017/8/13 14:32:58, Info: Saving project information...
2017/8/13 15:54:57, Info: Terminating SIMPLSharp Services
2017/8/13 15:54:57, Info: Saving project information...
2017/8/13 15:54:57, Info: Terminating SIMPLSharp Services
