2017/8/4 15:54:48, Info: Initializing SIMPLSharp Services...
2017/8/4 15:54:48, Info: ProjectInfo successfully initialized.
2017/8/4 16:33:53, Info: Saving project information...
2017/8/4 16:33:54, Info: Saving project information...
2017/8/4 16:33:54, Info: Saving project information...
2017/8/4 16:38:53, Info: Saving project information...
2017/8/4 16:38:54, Info: Saving project information...
2017/8/4 16:38:54, Info: Saving project information...
2017/8/4 16:43:53, Info: Saving project information...
2017/8/4 16:43:54, Info: Saving project information...
2017/8/4 16:43:54, Info: Saving project information...
2017/8/4 16:48:53, Info: Saving project information...
2017/8/4 16:48:54, Info: Saving project information...
2017/8/4 16:48:54, Info: Saving project information...
2017/8/4 16:53:53, Info: Saving project information...
2017/8/4 16:53:54, Info: Saving project information...
2017/8/4 16:53:54, Info: Saving project information...
2017/8/4 16:58:53, Info: Saving project information...
2017/8/4 16:58:54, Info: Saving project information...
2017/8/4 16:58:54, Info: Saving project information...
2017/8/4 17:03:53, Info: Saving project information...
2017/8/4 17:03:54, Info: Saving project information...
2017/8/4 17:03:54, Info: Saving project information...
2017/8/4 17:08:53, Info: Saving project information...
2017/8/4 17:08:54, Info: Saving project information...
2017/8/4 17:08:54, Info: Saving project information...
2017/8/4 17:13:53, Info: Saving project information...
2017/8/4 17:13:53, Info: Saving project information...
2017/8/4 17:13:53, Info: Saving project information...
2017/8/4 17:18:53, Info: Saving project information...
2017/8/4 17:18:54, Info: Saving project information...
2017/8/4 17:18:54, Info: Saving project information...
2017/8/4 17:23:53, Info: Saving project information...
2017/8/4 17:23:53, Info: Saving project information...
2017/8/4 17:23:53, Info: Saving project information...
2017/8/4 17:28:53, Info: Saving project information...
2017/8/4 17:28:53, Info: Saving project information...
2017/8/4 17:28:53, Info: Saving project information...
2017/8/4 17:33:53, Info: Saving project information...
2017/8/4 17:33:55, Info: Saving project information...
2017/8/4 17:33:55, Info: Saving project information...
2017/8/4 17:38:31, Info: Saving project information...
2017/8/4 17:38:31, Info: Saving project information...
2017/8/4 17:38:31, Info: Saving project information...
2017/8/4 17:38:31, Info: Saving project information...
2017/8/4 17:38:31, Info: Saving project information...
2017/8/4 17:38:31, Info: Saving project information...
2017/8/4 17:53:53, Info: Saving project information...
2017/8/4 17:53:53, Info: Saving project information...
2017/8/4 17:53:53, Info: Saving project information...
2017/8/4 17:58:53, Info: Saving project information...
2017/8/4 17:58:54, Info: Saving project information...
2017/8/4 17:58:54, Info: Saving project information...
2017/8/4 18:03:53, Info: Saving project information...
2017/8/4 18:03:53, Info: Saving project information...
2017/8/4 18:03:53, Info: Saving project information...
2017/8/4 18:08:53, Info: Saving project information...
2017/8/4 18:08:54, Info: Saving project information...
2017/8/4 18:08:54, Info: Saving project information...
2017/8/4 18:13:53, Info: Saving project information...
2017/8/4 18:13:54, Info: Saving project information...
2017/8/4 18:13:54, Info: Saving project information...
2017/8/4 18:18:53, Info: Saving project information...
2017/8/4 18:18:54, Info: Saving project information...
2017/8/4 18:18:54, Info: Saving project information...
2017/8/4 18:23:53, Info: Saving project information...
2017/8/4 18:23:54, Info: Saving project information...
2017/8/4 18:23:54, Info: Saving project information...
2017/8/4 18:28:53, Info: Saving project information...
2017/8/4 18:28:54, Info: Saving project information...
2017/8/4 18:28:54, Info: Saving project information...
2017/8/4 18:33:53, Info: Saving project information...
2017/8/4 18:33:54, Info: Saving project information...
2017/8/4 18:33:54, Info: Saving project information...
2017/8/4 18:38:53, Info: Saving project information...
2017/8/4 18:38:54, Info: Saving project information...
2017/8/4 18:38:54, Info: Saving project information...
2017/8/4 18:56:39, Info: Saving project information...
2017/8/4 18:56:40, Info: Saving project information...
2017/8/4 18:56:40, Info: Saving project information...
2017/8/4 19:01:39, Info: Saving project information...
2017/8/4 19:01:39, Info: Saving project information...
2017/8/4 19:01:39, Info: Saving project information...
2017/8/4 19:06:38, Info: Saving project information...
2017/8/4 19:06:38, Info: Saving project information...
2017/8/4 19:06:38, Info: Saving project information...
2017/8/4 19:11:38, Info: Saving project information...
2017/8/4 19:11:40, Info: Saving project information...
2017/8/4 19:11:40, Info: Saving project information...
2017/8/4 19:18:13, Info: Saving project information...
2017/8/4 19:18:15, Info: Saving project information...
2017/8/4 19:18:15, Info: Saving project information...
2017/8/4 19:19:33, Info: Saving project information...
2017/8/4 19:19:33, Info: Saving project information...
2017/8/4 19:19:33, Info: Saving project information...
2017/8/4 19:19:33, Info: Saving project information...
2017/8/4 19:19:33, Info: Saving project information...
2017/8/4 19:19:33, Info: Saving project information...
2017/8/4 19:21:29, Info: Validating assembly D:\ILive\Project\YueQing\YQSmart\YQSmart\YQSmart\bin\Debug\YQSmart.dll...
2017/8/4 19:21:30, Info: Verifying assembly D:\ILive\Project\YueQing\YQSmart\YQSmart\YQSmart\bin\Debug\YQSmart.dll
2017/8/4 19:21:30, Info: Creating Archive D:\ILive\Project\YueQing\YQSmart\YQSmart\YQSmart\bin\Debug\YQSmart.cpz...
2017/8/4 19:21:31, Info: Saving project information...
2017/8/4 19:42:26, Info: Validating assembly D:\ILive\Project\YueQing\YQSmart\YQSmart\YQSmart\bin\Debug\YQSmart.dll...
2017/8/4 19:42:26, Info: Verifying assembly D:\ILive\Project\YueQing\YQSmart\YQSmart\YQSmart\bin\Debug\YQSmart.dll
2017/8/4 19:42:26, Info: Creating Archive D:\ILive\Project\YueQing\YQSmart\YQSmart\YQSmart\bin\Debug\YQSmart.cpz...
2017/8/4 19:42:28, Info: Saving project information...
2017/8/5 12:23:11, Info: Initializing SIMPLSharp Services...
2017/8/5 12:23:11, Info: ProjectInfo successfully initialized.
2017/8/5 15:05:23, Info: Initializing SIMPLSharp Services...
2017/8/5 15:05:23, Info: ProjectInfo successfully initialized.
2017/8/5 15:06:47, Info: Saving project information...
2017/8/5 15:06:47, Info: Saving project information...
2017/8/5 15:06:47, Info: Saving project information...
2017/8/5 15:06:47, Info: Saving project information...
2017/8/5 15:06:47, Info: Saving project information...
2017/8/5 15:06:47, Info: Saving project information...
2017/8/5 15:06:50, Info: Validating assembly D:\ILive\Project\Common\ILiveLib\bin\Debug\ILiveLib.dll...
2017/8/5 15:06:51, Info: Verifying assembly D:\ILive\Project\Common\ILiveLib\bin\Debug\ILiveLib.dll
2017/8/5 15:06:51, Info: Creating Archive D:\ILive\Project\Common\ILiveLib\bin\Debug\ILiveLib.cplz...
2017/8/5 15:06:51, Info: Saving project information...
2017/8/5 15:07:36, Info: Validating assembly D:\ILive\Project\Common\ILiveLib\bin\Debug\ILiveLib.dll...
2017/8/5 15:07:36, Info: Verifying assembly D:\ILive\Project\Common\ILiveLib\bin\Debug\ILiveLib.dll
2017/8/5 15:07:36, Info: Creating Archive D:\ILive\Project\Common\ILiveLib\bin\Debug\ILiveLib.cplz...
2017/8/5 15:07:37, Info: Saving project information...
2017/8/5 15:08:13, Info: Validating assembly D:\ILive\Project\Common\ILiveLib\bin\Debug\ILiveLib.dll...
2017/8/5 15:08:13, Info: Verifying assembly D:\ILive\Project\Common\ILiveLib\bin\Debug\ILiveLib.dll
2017/8/5 15:08:14, Info: Creating Archive D:\ILive\Project\Common\ILiveLib\bin\Debug\ILiveLib.cplz...
2017/8/5 15:08:14, Info: Saving project information...
2017/8/5 15:09:24, Info: Validating assembly D:\ILive\Project\Common\ILiveLib\bin\Debug\ILiveLib.dll...
2017/8/5 15:09:24, Info: Verifying assembly D:\ILive\Project\Common\ILiveLib\bin\Debug\ILiveLib.dll
2017/8/5 15:09:24, Info: Creating Archive D:\ILive\Project\Common\ILiveLib\bin\Debug\ILiveLib.cplz...
2017/8/5 15:09:25, Info: Saving project information...
2017/8/5 15:10:08, Info: Validating assembly D:\ILive\Project\Common\ILiveLib\bin\Debug\ILiveLib.dll...
2017/8/5 15:10:09, Info: Verifying assembly D:\ILive\Project\Common\ILiveLib\bin\Debug\ILiveLib.dll
2017/8/5 15:10:09, Info: Creating Archive D:\ILive\Project\Common\ILiveLib\bin\Debug\ILiveLib.cplz...
2017/8/5 15:10:09, Info: Saving project information...
2017/8/5 15:11:00, Info: Validating assembly D:\ILive\Project\Common\ILiveLib\bin\Debug\ILiveLib.dll...
2017/8/5 15:11:01, Info: Verifying assembly D:\ILive\Project\Common\ILiveLib\bin\Debug\ILiveLib.dll
2017/8/5 15:11:01, Info: Creating Archive D:\ILive\Project\Common\ILiveLib\bin\Debug\ILiveLib.cplz...
2017/8/5 15:11:01, Info: Saving project information...
2017/8/5 15:11:43, Info: Validating assembly D:\ILive\Project\Common\ILiveLib\bin\Debug\ILiveLib.dll...
2017/8/5 15:11:44, Info: Verifying assembly D:\ILive\Project\Common\ILiveLib\bin\Debug\ILiveLib.dll
2017/8/5 15:11:44, Info: Creating Archive D:\ILive\Project\Common\ILiveLib\bin\Debug\ILiveLib.cplz...
2017/8/5 15:11:44, Info: Saving project information...
2017/8/5 15:12:38, Info: Validating assembly D:\ILive\Project\Common\ILiveLib\bin\Debug\ILiveLib.dll...
2017/8/5 15:12:39, Info: Verifying assembly D:\ILive\Project\Common\ILiveLib\bin\Debug\ILiveLib.dll
2017/8/5 15:12:39, Info: Creating Archive D:\ILive\Project\Common\ILiveLib\bin\Debug\ILiveLib.cplz...
2017/8/5 15:12:39, Info: Saving project information...
2017/8/5 15:12:55, Info: Validating assembly D:\ILive\Project\Common\ILiveLib\bin\Debug\ILiveLib.dll...
2017/8/5 15:12:56, Info: Verifying assembly D:\ILive\Project\Common\ILiveLib\bin\Debug\ILiveLib.dll
2017/8/5 15:12:56, Info: Creating Archive D:\ILive\Project\Common\ILiveLib\bin\Debug\ILiveLib.cplz...
2017/8/5 15:12:56, Info: Saving project information...
2017/8/5 15:13:10, Info: Validating assembly D:\ILive\Project\Common\ILiveLib\bin\Debug\ILiveLib.dll...
2017/8/5 15:13:10, Info: Verifying assembly D:\ILive\Project\Common\ILiveLib\bin\Debug\ILiveLib.dll
2017/8/5 15:13:10, Info: Creating Archive D:\ILive\Project\Common\ILiveLib\bin\Debug\ILiveLib.cplz...
2017/8/5 15:13:11, Info: Saving project information...
2017/8/5 15:13:54, Info: Validating assembly D:\ILive\Project\Common\ILiveLib\bin\Debug\ILiveLib.dll...
2017/8/5 15:13:55, Info: Verifying assembly D:\ILive\Project\Common\ILiveLib\bin\Debug\ILiveLib.dll
2017/8/5 15:13:55, Info: Creating Archive D:\ILive\Project\Common\ILiveLib\bin\Debug\ILiveLib.cplz...
2017/8/5 15:13:55, Info: Saving project information...
2017/8/5 15:13:59, Info: Validating assembly D:\ILive\Project\YueQing\YQSmart\YQSmart\YQSmart\bin\Debug\YQSmart.dll...
2017/8/5 15:13:59, Info: Verifying assembly D:\ILive\Project\YueQing\YQSmart\YQSmart\YQSmart\bin\Debug\YQSmart.dll
2017/8/5 15:13:59, Info: Creating Archive D:\ILive\Project\YueQing\YQSmart\YQSmart\YQSmart\bin\Debug\YQSmart.cpz...
2017/8/5 15:14:00, Info: Saving project information...
2017/8/6 2:35:38, Info: Terminating SIMPLSharp Services
2017/8/6 2:35:38, Info: Saving project information...
2017/8/6 2:35:38, Info: Terminating SIMPLSharp Services
2017/8/6 2:35:38, Info: Saving project information...
2017/8/6 2:35:38, Info: Terminating SIMPLSharp Services
