2017/8/2 8:47:15, Info: Initializing SIMPLSharp Services...
2017/8/2 8:47:15, Info: ProjectInfo successfully initialized.
2017/8/2 8:47:16, Info: Initializing SIMPLSharp Services...
2017/8/2 8:47:16, Info: ProjectInfo successfully initialized.
2017/8/2 8:54:35, Info: Validating assembly D:\ILive\Project\Common\ILiveLib\bin\Debug\ILiveLib.dll...
2017/8/2 8:54:36, Info: Verifying assembly D:\ILive\Project\Common\ILiveLib\bin\Debug\ILiveLib.dll
2017/8/2 8:54:36, Info: Creating Archive D:\ILive\Project\Common\ILiveLib\bin\Debug\ILiveLib.cplz...
2017/8/2 8:54:37, Info: Saving project information...
2017/8/2 8:54:39, Info: Validating assembly D:\ILive\Project\CQJSSmart\CQJSSmart\bin\Debug\CQJSSmart.dll...
2017/8/2 8:54:40, Info: Verifying assembly D:\ILive\Project\CQJSSmart\CQJSSmart\bin\Debug\CQJSSmart.dll
2017/8/2 8:54:40, Info: Creating Archive D:\ILive\Project\CQJSSmart\CQJSSmart\bin\Debug\CQJSSmart.cpz...
2017/8/2 8:54:41, Info: Saving project information...
2017/8/2 11:38:48, Info: Validating assembly D:\ILive\Project\Common\ILiveLib\bin\Debug\ILiveLib.dll...
2017/8/2 11:38:48, Info: Verifying assembly D:\ILive\Project\Common\ILiveLib\bin\Debug\ILiveLib.dll
2017/8/2 11:38:48, Info: Creating Archive D:\ILive\Project\Common\ILiveLib\bin\Debug\ILiveLib.cplz...
2017/8/2 11:38:49, Info: Saving project information...
2017/8/2 11:38:52, Info: Validating assembly D:\ILive\Project\CQJSSmart\CQJSSmart\bin\Debug\CQJSSmart.dll...
2017/8/2 11:38:52, Info: Verifying assembly D:\ILive\Project\CQJSSmart\CQJSSmart\bin\Debug\CQJSSmart.dll
2017/8/2 11:38:52, Info: Creating Archive D:\ILive\Project\CQJSSmart\CQJSSmart\bin\Debug\CQJSSmart.cpz...
2017/8/2 11:38:53, Info: Saving project information...
2017/8/2 11:43:46, Info: Validating assembly D:\ILive\Project\Common\ILiveLib\bin\Debug\ILiveLib.dll...
2017/8/2 11:43:47, Info: Verifying assembly D:\ILive\Project\Common\ILiveLib\bin\Debug\ILiveLib.dll
2017/8/2 11:43:47, Info: Creating Archive D:\ILive\Project\Common\ILiveLib\bin\Debug\ILiveLib.cplz...
2017/8/2 11:43:47, Info: Saving project information...
2017/8/2 11:43:53, Info: Validating assembly D:\ILive\Project\Common\ILiveLib\bin\Debug\ILiveLib.dll...
2017/8/2 11:43:54, Info: Verifying assembly D:\ILive\Project\Common\ILiveLib\bin\Debug\ILiveLib.dll
2017/8/2 11:43:54, Info: Creating Archive D:\ILive\Project\Common\ILiveLib\bin\Debug\ILiveLib.cplz...
2017/8/2 11:43:54, Info: Saving project information...
2017/8/2 11:43:57, Info: Validating assembly D:\ILive\Project\CQJSSmart\CQJSSmart\bin\Debug\CQJSSmart.dll...
2017/8/2 11:43:57, Info: Verifying assembly D:\ILive\Project\CQJSSmart\CQJSSmart\bin\Debug\CQJSSmart.dll
2017/8/2 11:43:58, Info: Creating Archive D:\ILive\Project\CQJSSmart\CQJSSmart\bin\Debug\CQJSSmart.cpz...
2017/8/2 11:43:58, Info: Saving project information...
2017/8/2 11:44:13, Info: Saving project information...
2017/8/2 11:44:13, Info: Saving project information...
2017/8/2 11:44:13, Info: Saving project information...
2017/8/2 11:44:13, Info: Saving project information...
2017/8/2 11:44:13, Info: Saving project information...
2017/8/2 11:44:13, Info: Saving project information...
2017/8/2 11:44:17, Info: Validating assembly D:\ILive\Project\Common\ILiveLib\bin\Debug\ILiveLib.dll...
2017/8/2 11:44:17, Info: Verifying assembly D:\ILive\Project\Common\ILiveLib\bin\Debug\ILiveLib.dll
2017/8/2 11:44:17, Info: Creating Archive D:\ILive\Project\Common\ILiveLib\bin\Debug\ILiveLib.cplz...
2017/8/2 11:44:18, Info: Saving project information...
2017/8/2 11:44:20, Info: Validating assembly D:\ILive\Project\CQJSSmart\CQJSSmart\bin\Debug\CQJSSmart.dll...
2017/8/2 11:44:21, Info: Verifying assembly D:\ILive\Project\CQJSSmart\CQJSSmart\bin\Debug\CQJSSmart.dll
2017/8/2 11:44:21, Info: Creating Archive D:\ILive\Project\CQJSSmart\CQJSSmart\bin\Debug\CQJSSmart.cpz...
2017/8/2 11:44:22, Info: Saving project information...
2017/8/2 11:44:52, Info: Terminating SIMPLSharp Services
2017/8/2 11:44:52, Info: Saving project information...
2017/8/2 11:44:52, Info: Terminating SIMPLSharp Services
