2017/7/29 14:35:21, Info: Initializing SIMPLSharp Services...
2017/7/29 14:35:21, Info: ProjectInfo successfully initialized.
2017/7/29 14:35:24, Info: Initializing SIMPLSharp Services...
2017/7/29 14:35:24, Info: ProjectInfo successfully initialized.
2017/7/29 14:38:21, Info: Validating assembly D:\ILive\Project\Common\ILiveLib\bin\Debug\ILiveLib.dll...
2017/7/29 14:38:22, Info: Verifying assembly D:\ILive\Project\Common\ILiveLib\bin\Debug\ILiveLib.dll
2017/7/29 14:38:22, Info: Creating Archive D:\ILive\Project\Common\ILiveLib\bin\Debug\ILiveLib.cplz...
2017/7/29 14:38:23, Info: Saving project information...
2017/7/29 14:38:27, Info: Validating assembly D:\ILive\Project\CQJSSmart\CQJSSmart\bin\Debug\CQJSSmart.dll...
2017/7/29 14:38:27, Info: Verifying assembly D:\ILive\Project\CQJSSmart\CQJSSmart\bin\Debug\CQJSSmart.dll
2017/7/29 14:38:28, Info: Creating Archive D:\ILive\Project\CQJSSmart\CQJSSmart\bin\Debug\CQJSSmart.cpz...
2017/7/29 14:38:29, Info: Saving project information...
2017/7/29 14:41:24, Info: Validating assembly D:\ILive\Project\Common\ILiveLib\bin\Debug\ILiveLib.dll...
2017/7/29 14:41:24, Info: Verifying assembly D:\ILive\Project\Common\ILiveLib\bin\Debug\ILiveLib.dll
2017/7/29 14:41:24, Info: Creating Archive D:\ILive\Project\Common\ILiveLib\bin\Debug\ILiveLib.cplz...
2017/7/29 14:41:25, Info: Saving project information...
2017/7/29 14:41:29, Info: Validating assembly D:\ILive\Project\CQJSSmart\CQJSSmart\bin\Debug\CQJSSmart.dll...
2017/7/29 14:41:29, Info: Verifying assembly D:\ILive\Project\CQJSSmart\CQJSSmart\bin\Debug\CQJSSmart.dll
2017/7/29 14:41:30, Info: Creating Archive D:\ILive\Project\CQJSSmart\CQJSSmart\bin\Debug\CQJSSmart.cpz...
2017/7/29 14:41:31, Info: Saving project information...
2017/7/29 14:44:20, Info: Validating assembly D:\ILive\Project\Common\ILiveLib\bin\Debug\ILiveLib.dll...
2017/7/29 14:44:21, Info: Verifying assembly D:\ILive\Project\Common\ILiveLib\bin\Debug\ILiveLib.dll
2017/7/29 14:44:21, Info: Creating Archive D:\ILive\Project\Common\ILiveLib\bin\Debug\ILiveLib.cplz...
2017/7/29 14:44:22, Info: Saving project information...
2017/7/29 14:44:26, Info: Validating assembly D:\ILive\Project\CQJSSmart\CQJSSmart\bin\Debug\CQJSSmart.dll...
2017/7/29 14:44:27, Info: Verifying assembly D:\ILive\Project\CQJSSmart\CQJSSmart\bin\Debug\CQJSSmart.dll
2017/7/29 14:44:27, Info: Creating Archive D:\ILive\Project\CQJSSmart\CQJSSmart\bin\Debug\CQJSSmart.cpz...
2017/7/29 14:44:28, Info: Saving project information...
2017/7/29 14:49:54, Info: Validating assembly D:\ILive\Project\Common\ILiveLib\bin\Debug\ILiveLib.dll...
2017/7/29 14:49:54, Info: Verifying assembly D:\ILive\Project\Common\ILiveLib\bin\Debug\ILiveLib.dll
2017/7/29 14:49:54, Info: Creating Archive D:\ILive\Project\Common\ILiveLib\bin\Debug\ILiveLib.cplz...
2017/7/29 14:49:55, Info: Saving project information...
2017/7/29 14:50:00, Info: Validating assembly D:\ILive\Project\CQJSSmart\CQJSSmart\bin\Debug\CQJSSmart.dll...
2017/7/29 14:50:00, Info: Verifying assembly D:\ILive\Project\CQJSSmart\CQJSSmart\bin\Debug\CQJSSmart.dll
2017/7/29 14:50:01, Info: Creating Archive D:\ILive\Project\CQJSSmart\CQJSSmart\bin\Debug\CQJSSmart.cpz...
2017/7/29 14:50:02, Info: Saving project information...
2017/7/29 14:56:03, Info: Validating assembly D:\ILive\Project\Common\ILiveLib\bin\Debug\ILiveLib.dll...
2017/7/29 14:56:03, Info: Verifying assembly D:\ILive\Project\Common\ILiveLib\bin\Debug\ILiveLib.dll
2017/7/29 14:56:04, Info: Creating Archive D:\ILive\Project\Common\ILiveLib\bin\Debug\ILiveLib.cplz...
2017/7/29 14:56:04, Info: Saving project information...
2017/7/29 14:56:09, Info: Validating assembly D:\ILive\Project\CQJSSmart\CQJSSmart\bin\Debug\CQJSSmart.dll...
2017/7/29 14:56:09, Info: Verifying assembly D:\ILive\Project\CQJSSmart\CQJSSmart\bin\Debug\CQJSSmart.dll
2017/7/29 14:56:09, Info: Creating Archive D:\ILive\Project\CQJSSmart\CQJSSmart\bin\Debug\CQJSSmart.cpz...
2017/7/29 14:56:11, Info: Saving project information...
2017/7/29 15:06:55, Info: Validating assembly D:\ILive\Project\Common\ILiveLib\bin\Debug\ILiveLib.dll...
2017/7/29 15:06:56, Info: Verifying assembly D:\ILive\Project\Common\ILiveLib\bin\Debug\ILiveLib.dll
2017/7/29 15:06:56, Info: Creating Archive D:\ILive\Project\Common\ILiveLib\bin\Debug\ILiveLib.cplz...
2017/7/29 15:06:56, Info: Saving project information...
2017/7/29 15:07:01, Info: Validating assembly D:\ILive\Project\CQJSSmart\CQJSSmart\bin\Debug\CQJSSmart.dll...
2017/7/29 15:07:01, Info: Verifying assembly D:\ILive\Project\CQJSSmart\CQJSSmart\bin\Debug\CQJSSmart.dll
2017/7/29 15:07:01, Info: Creating Archive D:\ILive\Project\CQJSSmart\CQJSSmart\bin\Debug\CQJSSmart.cpz...
2017/7/29 15:07:03, Info: Saving project information...
2017/7/29 15:07:42, Info: Validating assembly D:\ILive\Project\Common\ILiveLib\bin\Debug\ILiveLib.dll...
2017/7/29 15:07:42, Info: Verifying assembly D:\ILive\Project\Common\ILiveLib\bin\Debug\ILiveLib.dll
2017/7/29 15:07:43, Info: Creating Archive D:\ILive\Project\Common\ILiveLib\bin\Debug\ILiveLib.cplz...
2017/7/29 15:07:43, Info: Saving project information...
2017/7/29 15:07:47, Info: Validating assembly D:\ILive\Project\CQJSSmart\CQJSSmart\bin\Debug\CQJSSmart.dll...
2017/7/29 15:07:48, Info: Verifying assembly D:\ILive\Project\CQJSSmart\CQJSSmart\bin\Debug\CQJSSmart.dll
2017/7/29 15:07:48, Info: Creating Archive D:\ILive\Project\CQJSSmart\CQJSSmart\bin\Debug\CQJSSmart.cpz...
2017/7/29 15:07:49, Info: Saving project information...
2017/7/29 15:12:17, Info: Validating assembly D:\ILive\Project\Common\ILiveLib\bin\Debug\ILiveLib.dll...
2017/7/29 15:12:17, Info: Verifying assembly D:\ILive\Project\Common\ILiveLib\bin\Debug\ILiveLib.dll
2017/7/29 15:12:18, Info: Creating Archive D:\ILive\Project\Common\ILiveLib\bin\Debug\ILiveLib.cplz...
2017/7/29 15:12:18, Info: Saving project information...
2017/7/29 15:12:22, Info: Validating assembly D:\ILive\Project\CQJSSmart\CQJSSmart\bin\Debug\CQJSSmart.dll...
2017/7/29 15:12:23, Info: Verifying assembly D:\ILive\Project\CQJSSmart\CQJSSmart\bin\Debug\CQJSSmart.dll
2017/7/29 15:12:23, Info: Creating Archive D:\ILive\Project\CQJSSmart\CQJSSmart\bin\Debug\CQJSSmart.cpz...
2017/7/29 15:12:24, Info: Saving project information...
2017/7/29 15:12:47, Info: Validating assembly D:\ILive\Project\Common\ILiveLib\bin\Debug\ILiveLib.dll...
2017/7/29 15:12:48, Info: Verifying assembly D:\ILive\Project\Common\ILiveLib\bin\Debug\ILiveLib.dll
2017/7/29 15:12:48, Info: Creating Archive D:\ILive\Project\Common\ILiveLib\bin\Debug\ILiveLib.cplz...
2017/7/29 15:12:48, Info: Saving project information...
2017/7/29 15:12:53, Info: Validating assembly D:\ILive\Project\CQJSSmart\CQJSSmart\bin\Debug\CQJSSmart.dll...
2017/7/29 15:12:53, Info: Verifying assembly D:\ILive\Project\CQJSSmart\CQJSSmart\bin\Debug\CQJSSmart.dll
2017/7/29 15:12:53, Info: Creating Archive D:\ILive\Project\CQJSSmart\CQJSSmart\bin\Debug\CQJSSmart.cpz...
2017/7/29 15:12:55, Info: Saving project information...
2017/7/29 15:15:09, Info: Validating assembly D:\ILive\Project\Common\ILiveLib\bin\Debug\ILiveLib.dll...
2017/7/29 15:15:09, Info: Verifying assembly D:\ILive\Project\Common\ILiveLib\bin\Debug\ILiveLib.dll
2017/7/29 15:15:09, Info: Creating Archive D:\ILive\Project\Common\ILiveLib\bin\Debug\ILiveLib.cplz...
2017/7/29 15:15:10, Info: Saving project information...
2017/7/29 15:15:14, Info: Validating assembly D:\ILive\Project\CQJSSmart\CQJSSmart\bin\Debug\CQJSSmart.dll...
2017/7/29 15:15:14, Info: Verifying assembly D:\ILive\Project\CQJSSmart\CQJSSmart\bin\Debug\CQJSSmart.dll
2017/7/29 15:15:14, Info: Creating Archive D:\ILive\Project\CQJSSmart\CQJSSmart\bin\Debug\CQJSSmart.cpz...
2017/7/29 15:15:16, Info: Saving project information...
2017/7/29 15:43:04, Info: Validating assembly D:\ILive\Project\Common\ILiveLib\bin\Debug\ILiveLib.dll...
2017/7/29 15:43:04, Info: Verifying assembly D:\ILive\Project\Common\ILiveLib\bin\Debug\ILiveLib.dll
2017/7/29 15:43:04, Info: Creating Archive D:\ILive\Project\Common\ILiveLib\bin\Debug\ILiveLib.cplz...
2017/7/29 15:43:05, Info: Saving project information...
2017/7/29 15:43:08, Info: Validating assembly D:\ILive\Project\CQJSSmart\CQJSSmart\bin\Debug\CQJSSmart.dll...
2017/7/29 15:43:09, Info: Verifying assembly D:\ILive\Project\CQJSSmart\CQJSSmart\bin\Debug\CQJSSmart.dll
2017/7/29 15:43:09, Info: Creating Archive D:\ILive\Project\CQJSSmart\CQJSSmart\bin\Debug\CQJSSmart.cpz...
2017/7/29 15:43:10, Info: Saving project information...
2017/7/29 15:47:53, Info: Validating assembly D:\ILive\Project\Common\ILiveLib\bin\Debug\ILiveLib.dll...
2017/7/29 15:47:54, Info: Verifying assembly D:\ILive\Project\Common\ILiveLib\bin\Debug\ILiveLib.dll
2017/7/29 15:47:54, Info: Creating Archive D:\ILive\Project\Common\ILiveLib\bin\Debug\ILiveLib.cplz...
2017/7/29 15:47:54, Info: Saving project information...
2017/7/29 15:47:59, Info: Validating assembly D:\ILive\Project\CQJSSmart\CQJSSmart\bin\Debug\CQJSSmart.dll...
2017/7/29 15:47:59, Info: Verifying assembly D:\ILive\Project\CQJSSmart\CQJSSmart\bin\Debug\CQJSSmart.dll
2017/7/29 15:48:00, Info: Creating Archive D:\ILive\Project\CQJSSmart\CQJSSmart\bin\Debug\CQJSSmart.cpz...
2017/7/29 15:48:02, Info: Saving project information...
2017/7/29 15:48:25, Info: Validating assembly D:\ILive\Project\Common\ILiveLib\bin\Debug\ILiveLib.dll...
2017/7/29 15:48:26, Info: Verifying assembly D:\ILive\Project\Common\ILiveLib\bin\Debug\ILiveLib.dll
2017/7/29 15:48:26, Info: Creating Archive D:\ILive\Project\Common\ILiveLib\bin\Debug\ILiveLib.cplz...
2017/7/29 15:48:26, Info: Saving project information...
2017/7/29 15:48:30, Info: Validating assembly D:\ILive\Project\CQJSSmart\CQJSSmart\bin\Debug\CQJSSmart.dll...
2017/7/29 15:48:31, Info: Verifying assembly D:\ILive\Project\CQJSSmart\CQJSSmart\bin\Debug\CQJSSmart.dll
2017/7/29 15:48:31, Info: Creating Archive D:\ILive\Project\CQJSSmart\CQJSSmart\bin\Debug\CQJSSmart.cpz...
2017/7/29 15:48:32, Info: Saving project information...
2017/7/29 15:51:37, Info: Validating assembly D:\ILive\Project\Common\ILiveLib\bin\Debug\ILiveLib.dll...
2017/7/29 15:51:38, Info: Verifying assembly D:\ILive\Project\Common\ILiveLib\bin\Debug\ILiveLib.dll
2017/7/29 15:51:38, Info: Creating Archive D:\ILive\Project\Common\ILiveLib\bin\Debug\ILiveLib.cplz...
2017/7/29 15:51:38, Info: Saving project information...
2017/7/29 15:51:43, Info: Validating assembly D:\ILive\Project\CQJSSmart\CQJSSmart\bin\Debug\CQJSSmart.dll...
2017/7/29 15:51:43, Info: Verifying assembly D:\ILive\Project\CQJSSmart\CQJSSmart\bin\Debug\CQJSSmart.dll
2017/7/29 15:51:43, Info: Creating Archive D:\ILive\Project\CQJSSmart\CQJSSmart\bin\Debug\CQJSSmart.cpz...
2017/7/29 15:51:46, Info: Saving project information...
2017/7/29 15:57:27, Info: Validating assembly D:\ILive\Project\Common\ILiveLib\bin\Debug\ILiveLib.dll...
2017/7/29 15:57:28, Info: Verifying assembly D:\ILive\Project\Common\ILiveLib\bin\Debug\ILiveLib.dll
2017/7/29 15:57:28, Info: Creating Archive D:\ILive\Project\Common\ILiveLib\bin\Debug\ILiveLib.cplz...
2017/7/29 15:57:29, Info: Saving project information...
2017/7/29 15:57:33, Info: Validating assembly D:\ILive\Project\CQJSSmart\CQJSSmart\bin\Debug\CQJSSmart.dll...
2017/7/29 15:57:34, Info: Verifying assembly D:\ILive\Project\CQJSSmart\CQJSSmart\bin\Debug\CQJSSmart.dll
2017/7/29 15:57:34, Info: Creating Archive D:\ILive\Project\CQJSSmart\CQJSSmart\bin\Debug\CQJSSmart.cpz...
2017/7/29 15:57:35, Info: Saving project information...
2017/7/29 16:01:33, Info: Validating assembly D:\ILive\Project\Common\ILiveLib\bin\Debug\ILiveLib.dll...
2017/7/29 16:01:33, Info: Verifying assembly D:\ILive\Project\Common\ILiveLib\bin\Debug\ILiveLib.dll
2017/7/29 16:01:34, Info: Creating Archive D:\ILive\Project\Common\ILiveLib\bin\Debug\ILiveLib.cplz...
2017/7/29 16:01:34, Info: Saving project information...
2017/7/29 16:01:38, Info: Validating assembly D:\ILive\Project\CQJSSmart\CQJSSmart\bin\Debug\CQJSSmart.dll...
2017/7/29 16:01:39, Info: Verifying assembly D:\ILive\Project\CQJSSmart\CQJSSmart\bin\Debug\CQJSSmart.dll
2017/7/29 16:01:39, Info: Creating Archive D:\ILive\Project\CQJSSmart\CQJSSmart\bin\Debug\CQJSSmart.cpz...
2017/7/29 16:01:40, Info: Saving project information...
2017/7/29 16:03:48, Info: Validating assembly D:\ILive\Project\Common\ILiveLib\bin\Debug\ILiveLib.dll...
2017/7/29 16:03:49, Info: Verifying assembly D:\ILive\Project\Common\ILiveLib\bin\Debug\ILiveLib.dll
2017/7/29 16:03:49, Info: Creating Archive D:\ILive\Project\Common\ILiveLib\bin\Debug\ILiveLib.cplz...
2017/7/29 16:03:49, Info: Saving project information...
2017/7/29 16:03:54, Info: Validating assembly D:\ILive\Project\CQJSSmart\CQJSSmart\bin\Debug\CQJSSmart.dll...
2017/7/29 16:03:54, Info: Verifying assembly D:\ILive\Project\CQJSSmart\CQJSSmart\bin\Debug\CQJSSmart.dll
2017/7/29 16:03:55, Info: Creating Archive D:\ILive\Project\CQJSSmart\CQJSSmart\bin\Debug\CQJSSmart.cpz...
2017/7/29 16:03:56, Info: Saving project information...
2017/7/29 16:05:49, Info: Validating assembly D:\ILive\Project\Common\ILiveLib\bin\Debug\ILiveLib.dll...
2017/7/29 16:05:49, Info: Verifying assembly D:\ILive\Project\Common\ILiveLib\bin\Debug\ILiveLib.dll
2017/7/29 16:05:49, Info: Creating Archive D:\ILive\Project\Common\ILiveLib\bin\Debug\ILiveLib.cplz...
2017/7/29 16:05:50, Info: Saving project information...
2017/7/29 16:05:54, Info: Validating assembly D:\ILive\Project\CQJSSmart\CQJSSmart\bin\Debug\CQJSSmart.dll...
2017/7/29 16:05:54, Info: Verifying assembly D:\ILive\Project\CQJSSmart\CQJSSmart\bin\Debug\CQJSSmart.dll
2017/7/29 16:05:54, Info: Creating Archive D:\ILive\Project\CQJSSmart\CQJSSmart\bin\Debug\CQJSSmart.cpz...
2017/7/29 16:05:56, Info: Saving project information...
2017/7/29 16:19:27, Info: Validating assembly D:\ILive\Project\Common\ILiveLib\bin\Debug\ILiveLib.dll...
2017/7/29 16:19:27, Info: Verifying assembly D:\ILive\Project\Common\ILiveLib\bin\Debug\ILiveLib.dll
2017/7/29 16:19:27, Info: Creating Archive D:\ILive\Project\Common\ILiveLib\bin\Debug\ILiveLib.cplz...
2017/7/29 16:19:28, Info: Saving project information...
2017/7/29 16:19:32, Info: Validating assembly D:\ILive\Project\CQJSSmart\CQJSSmart\bin\Debug\CQJSSmart.dll...
2017/7/29 16:19:33, Info: Verifying assembly D:\ILive\Project\CQJSSmart\CQJSSmart\bin\Debug\CQJSSmart.dll
2017/7/29 16:19:33, Info: Creating Archive D:\ILive\Project\CQJSSmart\CQJSSmart\bin\Debug\CQJSSmart.cpz...
2017/7/29 16:19:34, Info: Saving project information...
2017/7/29 16:25:08, Info: Validating assembly D:\ILive\Project\Common\ILiveLib\bin\Debug\ILiveLib.dll...
2017/7/29 16:25:09, Info: Verifying assembly D:\ILive\Project\Common\ILiveLib\bin\Debug\ILiveLib.dll
2017/7/29 16:25:09, Info: Creating Archive D:\ILive\Project\Common\ILiveLib\bin\Debug\ILiveLib.cplz...
2017/7/29 16:25:10, Info: Saving project information...
2017/7/29 16:25:14, Info: Validating assembly D:\ILive\Project\CQJSSmart\CQJSSmart\bin\Debug\CQJSSmart.dll...
2017/7/29 16:25:14, Info: Verifying assembly D:\ILive\Project\CQJSSmart\CQJSSmart\bin\Debug\CQJSSmart.dll
2017/7/29 16:25:14, Info: Creating Archive D:\ILive\Project\CQJSSmart\CQJSSmart\bin\Debug\CQJSSmart.cpz...
2017/7/29 16:25:15, Info: Saving project information...
2017/7/29 16:26:21, Info: Validating assembly D:\ILive\Project\Common\ILiveLib\bin\Debug\ILiveLib.dll...
2017/7/29 16:26:22, Info: Verifying assembly D:\ILive\Project\Common\ILiveLib\bin\Debug\ILiveLib.dll
2017/7/29 16:26:22, Info: Creating Archive D:\ILive\Project\Common\ILiveLib\bin\Debug\ILiveLib.cplz...
2017/7/29 16:26:22, Info: Saving project information...
2017/7/29 16:26:26, Info: Validating assembly D:\ILive\Project\CQJSSmart\CQJSSmart\bin\Debug\CQJSSmart.dll...
2017/7/29 16:26:27, Info: Verifying assembly D:\ILive\Project\CQJSSmart\CQJSSmart\bin\Debug\CQJSSmart.dll
2017/7/29 16:26:27, Info: Creating Archive D:\ILive\Project\CQJSSmart\CQJSSmart\bin\Debug\CQJSSmart.cpz...
2017/7/29 16:26:28, Info: Saving project information...
2017/7/29 16:26:50, Info: Validating assembly D:\ILive\Project\Common\ILiveLib\bin\Debug\ILiveLib.dll...
2017/7/29 16:26:50, Info: Verifying assembly D:\ILive\Project\Common\ILiveLib\bin\Debug\ILiveLib.dll
2017/7/29 16:26:50, Info: Creating Archive D:\ILive\Project\Common\ILiveLib\bin\Debug\ILiveLib.cplz...
2017/7/29 16:26:51, Info: Saving project information...
