2017/8/13 17:45:20, Info: Initializing SIMPLSharp Services...
2017/8/13 17:45:20, Info: ProjectInfo successfully initialized.
2017/8/13 17:45:21, Info: Initializing SIMPLSharp Services...
2017/8/13 17:45:21, Info: ProjectInfo successfully initialized.
2017/8/13 17:46:21, Info: Validating assembly D:\ILive\Project\Common\ILiveLib\bin\Release\ILiveLib.dll...
2017/8/13 17:46:21, Info: Verifying assembly D:\ILive\Project\Common\ILiveLib\bin\Release\ILiveLib.dll
2017/8/13 17:46:22, Info: Creating Archive D:\ILive\Project\Common\ILiveLib\bin\Release\ILiveLib.cplz...
2017/8/13 17:46:22, Info: Saving project information...
2017/8/13 17:46:28, Info: Validating assembly D:\ILive\Project\ILiveSmart\Src\ILiveSmart\ILiveSmart\bin\Release\ILiveSmart.dll...
2017/8/13 17:46:28, Info: Verifying assembly D:\ILive\Project\ILiveSmart\Src\ILiveSmart\ILiveSmart\bin\Release\ILiveSmart.dll
2017/8/13 17:46:28, Info: Creating Archive D:\ILive\Project\ILiveSmart\Src\ILiveSmart\ILiveSmart\bin\Release\ILiveSmart.cpz...
2017/8/13 17:46:30, Info: Saving project information...
2017/8/13 17:55:52, Info: Validating assembly D:\ILive\Project\Common\ILiveLib\bin\Release\ILiveLib.dll...
2017/8/13 17:55:52, Info: Verifying assembly D:\ILive\Project\Common\ILiveLib\bin\Release\ILiveLib.dll
2017/8/13 17:55:52, Info: Creating Archive D:\ILive\Project\Common\ILiveLib\bin\Release\ILiveLib.cplz...
2017/8/13 17:55:52, Info: Saving project information...
2017/8/13 17:55:58, Info: Validating assembly D:\ILive\Project\ILiveSmart\Src\ILiveSmart\ILiveSmart\bin\Release\ILiveSmart.dll...
2017/8/13 17:55:59, Info: Verifying assembly D:\ILive\Project\ILiveSmart\Src\ILiveSmart\ILiveSmart\bin\Release\ILiveSmart.dll
2017/8/13 17:55:59, Info: Creating Archive D:\ILive\Project\ILiveSmart\Src\ILiveSmart\ILiveSmart\bin\Release\ILiveSmart.cpz...
2017/8/13 17:56:01, Info: Saving project information...
2017/8/14 16:02:30, Info: Terminating SIMPLSharp Services
2017/8/14 16:02:30, Info: Saving project information...
2017/8/14 16:02:30, Info: Terminating SIMPLSharp Services
